# autotune 10240x10240x10240  scope=production  (timing on the current GPU; this can take a while)
# do_bench override: warmup=500ms rep=500ms
# filters={'bn': [256, 512], 'ns': [3, 4, 5, 6, 7], 'two_cta': [1], 'tma_store_stages': [1, 2], 'single_tmem_policy': 'bn512-only'}
# live autotune startup
[????????????????????????????????????] 0 measured
cuBLAS reference: n/a
Top 0 of 0 measured combos at 10240x10240x10240, by TFLOPS:

 #   TFLOPS  %cuBLAS   WS 2CTA   BN NS GSM NW  PERS OV SPLIT L1NA TMA TMS
-------------------------------------------------------------------------
# live autotune startup
[##----------------------------------] 32/558 (  5.7%)
phase: compiled OK: 32/32
measured combos: 0/738
cuBLAS reference: 1398 TFLOPS
Top 0 of 0 measured combos at 10240x10240x10240, by TFLOPS:

 #   TFLOPS  %cuBLAS   WS 2CTA   BN NS GSM NW  PERS OV SPLIT L1NA TMA TMS
-------------------------------------------------------------------------
# live autotune startup
[------------------------------------] 0/738 (  0.0%)
phase: benchmarking generated kernels
cuBLAS reference: 1398 TFLOPS
Top 0 of 0 measured combos at 10240x10240x10240, by TFLOPS:

 #   TFLOPS  %cuBLAS   WS 2CTA   BN NS GSM NW  PERS OV SPLIT L1NA TMA TMS
-------------------------------------------------------------------------
# live autotune leaderboard
[###---------------------------------] 56/738 (  7.6%)
phase: benchmarking generated kernels
cuBLAS reference: 1398 TFLOPS
Top 10 of 56 measured combos at 10240x10240x10240, by TFLOPS:

 #   TFLOPS  %cuBLAS   WS 2CTA   BN NS GSM NW  PERS OV SPLIT L1NA TMA TMS
-------------------------------------------------------------------------
 1     1043      75%   on   on  256  3   2  8     1  1     0    0   1   1
 2     1043      75%   on   on  256  3   2  4     1  1     0    0   1   1
 3     1043      75%   on   on  256  3   2  4     1  1     1    1   0   2
 4     1042      75%   on   on  256  3   2  4     1  1     0    1   0   2
 5     1042      75%   on   on  256  3   2  4     1  1     0    0   1   2
 6     1042      75%   on   on  256  3   2  8     1  1     0    0   1   2
 7     1042      75%   on   on  256  3   2  4     1  1     1    0   0   2
 8     1041      74%   on   on  256  3   2 16     1  1     0    0   1   1
 9     1041      74%   on   on  256  3   2  4     1  1     0    0   0   2
10     1041      74%   on   on  256  3   2  8     1  1     0    1   0   2
# live autotune leaderboard
[######------------------------------] 113/738 ( 15.3%)
phase: benchmarking generated kernels
cuBLAS reference: 1398 TFLOPS
Top 10 of 113 measured combos at 10240x10240x10240, by TFLOPS:

 #   TFLOPS  %cuBLAS   WS 2CTA   BN NS GSM NW  PERS OV SPLIT L1NA TMA TMS
-------------------------------------------------------------------------
 1     1145      82%   on   on  256  3   8  8     1  1     0    0   1   1
 2     1143      82%   on   on  256  3   8  4     1  1     0    0   1   1
 3     1142      82%   on   on  256  3   8  4     1  1     1    1   0   2
 4     1142      82%   on   on  256  3   8  4     1  1     1    0   0   2
 5     1142      82%   on   on  256  3   8  8     1  1     0    1   0   2
 6     1141      82%   on   on  256  3   8  4     1  1     0    0   1   2
 7     1141      82%   on   on  256  3   8  4     1  1     0    1   0   2
 8     1141      82%   on   on  256  3   8  8     1  1     1    1   0   2
 9     1140      82%   on   on  256  3   8  8     1  1     1    0   0   2
10     1140      82%   on   on  256  3   8  8     1  1     0    0   1   2
# live autotune leaderboard
[########----------------------------] 171/738 ( 23.2%)
phase: benchmarking generated kernels
cuBLAS reference: 1398 TFLOPS
Top 10 of 171 measured combos at 10240x10240x10240, by TFLOPS:

 #   TFLOPS  %cuBLAS   WS 2CTA   BN NS GSM NW  PERS OV SPLIT L1NA TMA TMS
-------------------------------------------------------------------------
 1     1145      82%   on   on  256  3   8  8     1  1     0    0   1   1
 2     1143      82%   on   on  256  3   8  4     1  1     0    0   1   1
 3     1143      82%   on   on  256  3   8 16     1  1     0    0   1   1
 4     1142      82%   on   on  256  3   8  4     1  1     1    1   0   2
 5     1142      82%   on   on  256  3  16 16     1  1     0    0   1   1
 6     1142      82%   on   on  256  3   8  4     1  1     1    0   0   2
 7     1142      82%   on   on  256  3   8  8     1  1     0    1   0   2
 8     1141      82%   on   on  256  3   8  4     1  1     0    0   1   2
 9     1141      82%   on   on  256  3   8 16     1  1     0    0   1   2
10     1141      82%   on   on  256  3   8 16     1  1     1    1   0   2
# live autotune leaderboard
[###########-------------------------] 229/738 ( 31.0%)
phase: benchmarking generated kernels
cuBLAS reference: 1398 TFLOPS
Top 10 of 229 measured combos at 10240x10240x10240, by TFLOPS:

 #   TFLOPS  %cuBLAS   WS 2CTA   BN NS GSM NW  PERS OV SPLIT L1NA TMA TMS
-------------------------------------------------------------------------
 1     1151      82%   on   on  256  4   2  4     1  1     0    0   0   2
 2     1151      82%   on   on  256  4   2  8     1  1     0    0   1   2
 3     1151      82%   on   on  256  4   2  8     1  1     0    0   0   2
 4     1149      82%   on   on  256  4   2  4     1  1     0    0   1   1
 5     1149      82%   on   on  256  4   2  4     1  1     0    0   1   2
 6     1149      82%   on   on  256  4   2  8     1  1     0    0   1   1
 7     1148      82%   on   on  256  4   2  4     1  1     1    1   0   2
 8     1146      82%   on   on  256  4   2  8     1  1     0    1   0   2
 9     1145      82%   on   on  256  3   8  8     1  1     0    0   1   1
10     1143      82%   on   on  256  3   8  4     1  1     0    0   1   1
# live autotune leaderboard
[##############----------------------] 286/738 ( 38.8%)
phase: benchmarking generated kernels
cuBLAS reference: 1398 TFLOPS
Top 10 of 286 measured combos at 10240x10240x10240, by TFLOPS:

 #   TFLOPS  %cuBLAS   WS 2CTA   BN NS GSM NW  PERS OV SPLIT L1NA TMA TMS
-------------------------------------------------------------------------
 1     1301      93%   on   on  256  4   8  4     1  1     0    0   1   1
 2     1300      93%   on   on  256  4   8  4     1  1     1    1   0   2
 3     1299      93%   on   on  256  4   8  4     1  1     0    0   1   2
 4     1294      93%   on   on  256  4   8  8     1  1     0    0   1   1
 5     1291      92%   on   on  256  4   8  4     1  1     0    1   0   2
 6     1287      92%   on   on  256  4   8  4     1  1     0    0   0   2
 7     1287      92%   on   on  256  4   8  4     1  1     1    0   0   2
 8     1283      92%   on   on  256  4   8  8     1  1     0    0   0   2
 9     1266      91%   on   on  256  4   4  4     1  1     0    0   1   2
10     1263      90%   on   on  256  4   8  4     1  0     0    1   0   2
# live autotune leaderboard
[#################-------------------] 343/738 ( 46.5%)
phase: benchmarking generated kernels
cuBLAS reference: 1398 TFLOPS
Top 10 of 343 measured combos at 10240x10240x10240, by TFLOPS:

 #   TFLOPS  %cuBLAS   WS 2CTA   BN NS GSM NW  PERS OV SPLIT L1NA TMA TMS
-------------------------------------------------------------------------
 1     1301      93%   on   on  256  4   8  4     1  1     0    0   1   1
 2     1300      93%   on   on  256  4   8  4     1  1     1    1   0   2
 3     1299      93%   on   on  256  4   8 16     1  1     0    0   1   1
 4     1299      93%   on   on  256  4   8  4     1  1     0    0   1   2
 5     1299      93%   on   on  256  4   8  8     1  1     1    1   0   2
 6     1297      93%   on   on  256  4   8  8     1  1     0    0   1   2
 7     1296      93%   on   on  256  4   8 16     1  1     0    0   1   2
 8     1296      93%   on   on  256  4  16 16     1  1     0    0   1   1
 9     1296      93%   on   on  256  4  16  8     1  1     0    0   1   1
10     1295      93%   on   on  256  4  16  4     1  1     0    0   1   1
# live autotune leaderboard
[###################-----------------] 399/738 ( 54.1%)
phase: benchmarking generated kernels
cuBLAS reference: 1398 TFLOPS
Top 10 of 399 measured combos at 10240x10240x10240, by TFLOPS:

 #   TFLOPS  %cuBLAS   WS 2CTA   BN NS GSM NW  PERS OV SPLIT L1NA TMA TMS
-------------------------------------------------------------------------
 1     1301      93%   on   on  256  4   8  4     1  1     0    0   1   1
 2     1300      93%   on   on  256  4   8  4     1  1     1    1   0   2
 3     1299      93%   on   on  256  4   8 16     1  1     0    0   1   1
 4     1299      93%   on   on  256  4   8  4     1  1     0    0   1   2
 5     1299      93%   on   on  256  4   8  8     1  1     1    1   0   2
 6     1297      93%   on   on  256  4   8  8     1  1     0    0   1   2
 7     1296      93%   on   on  256  4   8 16     1  1     0    0   1   2
 8     1296      93%   on   on  256  4  16 16     1  1     0    0   1   1
 9     1296      93%   on   on  256  4  16  8     1  1     0    0   1   1
10     1295      93%   on   on  256  4  16  4     1  1     0    0   1   1
# live autotune leaderboard
[######################--------------] 456/738 ( 61.8%)
phase: benchmarking generated kernels
cuBLAS reference: 1398 TFLOPS
Top 10 of 456 measured combos at 10240x10240x10240, by TFLOPS:

 #   TFLOPS  %cuBLAS   WS 2CTA   BN NS GSM NW  PERS OV SPLIT L1NA TMA TMS
-------------------------------------------------------------------------
 1     1302      93%   on   on  256  5   8 16     0  0     0    1   0   2
 2     1301      93%   on   on  256  4   8  4     1  1     0    0   1   1
 3     1300      93%   on   on  256  4   8  4     1  1     1    1   0   2
 4     1300      93%   on   on  256  5   8  4     0  0     0    1   0   2
 5     1299      93%   on   on  256  4   8 16     1  1     0    0   1   1
 6     1299      93%   on   on  256  4   8  4     1  1     0    0   1   2
 7     1299      93%   on   on  256  4   8  8     1  1     1    1   0   2
 8     1297      93%   on   on  256  4   8  8     1  1     0    0   1   2
 9     1296      93%   on   on  256  4   8 16     1  1     0    0   1   2
10     1296      93%   on   on  256  4  16 16     1  1     0    0   1   1
# live autotune leaderboard
[#########################-----------] 511/738 ( 69.2%)
phase: benchmarking generated kernels
cuBLAS reference: 1398 TFLOPS
Top 10 of 511 measured combos at 10240x10240x10240, by TFLOPS:

 #   TFLOPS  %cuBLAS   WS 2CTA   BN NS GSM NW  PERS OV SPLIT L1NA TMA TMS
-------------------------------------------------------------------------
 1     1302      93%   on   on  256  5   8 16     0  0     0    1   0   2
 2     1301      93%   on   on  256  4   8  4     1  1     0    0   1   1
 3     1300      93%   on   on  256  4   8  4     1  1     1    1   0   2
 4     1300      93%   on   on  256  5   8  4     0  0     0    1   0   2
 5     1299      93%   on   on  256  4   8 16     1  1     0    0   1   1
 6     1299      93%   on   on  256  4   8  4     1  1     0    0   1   2
 7     1299      93%   on   on  256  4   8  8     1  1     1    1   0   2
 8     1297      93%   on   on  256  4   8  8     1  1     0    0   1   2
 9     1296      93%   on   on  256  4   8 16     1  1     0    0   1   2
10     1296      93%   on   on  256  4  16 16     1  1     0    0   1   1
# live autotune leaderboard
[############################--------] 567/738 ( 76.8%)
phase: benchmarking generated kernels
cuBLAS reference: 1398 TFLOPS
Top 10 of 567 measured combos at 10240x10240x10240, by TFLOPS:

 #   TFLOPS  %cuBLAS   WS 2CTA   BN NS GSM NW  PERS OV SPLIT L1NA TMA TMS
-------------------------------------------------------------------------
 1     1302      93%   on   on  256  5   8 16     0  0     0    1   0   2
 2     1301      93%   on   on  256  4   8  4     1  1     0    0   1   1
 3     1300      93%   on   on  256  4   8  4     1  1     1    1   0   2
 4     1300      93%   on   on  256  5   8  4     0  0     0    1   0   2
 5     1299      93%   on   on  256  4   8 16     1  1     0    0   1   1
 6     1299      93%   on   on  256  4   8  4     1  1     0    0   1   2
 7     1299      93%   on   on  256  4   8  8     1  1     1    1   0   2
 8     1297      93%   on   on  256  4   8  8     1  1     0    0   1   2
 9     1296      93%   on   on  256  4   8 16     1  1     0    0   1   2
10     1296      93%   on   on  256  4  16 16     1  1     0    0   1   1
# live autotune leaderboard
[##############################------] 624/738 ( 84.6%)
phase: benchmarking generated kernels
cuBLAS reference: 1398 TFLOPS
Top 10 of 624 measured combos at 10240x10240x10240, by TFLOPS:

 #   TFLOPS  %cuBLAS   WS 2CTA   BN NS GSM NW  PERS OV SPLIT L1NA TMA TMS
-------------------------------------------------------------------------
 1     1302      93%   on   on  256  5   8 16     0  0     0    1   0   2
 2     1301      93%   on   on  256  4   8  4     1  1     0    0   1   1
 3     1300      93%   on   on  256  4   8  4     1  1     1    1   0   2
 4     1300      93%   on   on  256  5   8  4     0  0     0    1   0   2
 5     1299      93%   on   on  256  4   8 16     1  1     0    0   1   1
 6     1299      93%   on   on  256  4   8  4     1  1     0    0   1   2
 7     1299      93%   on   on  256  4   8  8     1  1     1    1   0   2
 8     1297      93%   on   on  256  4   8  8     1  1     0    0   1   2
 9     1296      93%   on   on  256  4   8 16     1  1     0    0   1   2
10     1296      93%   on   on  256  4  16 16     1  1     0    0   1   1
# live autotune leaderboard
[#################################---] 680/738 ( 92.1%)
phase: benchmarking generated kernels
cuBLAS reference: 1398 TFLOPS
Top 10 of 680 measured combos at 10240x10240x10240, by TFLOPS:

 #   TFLOPS  %cuBLAS   WS 2CTA   BN NS GSM NW  PERS OV SPLIT L1NA TMA TMS
-------------------------------------------------------------------------
 1     1302      93%   on   on  256  5   8 16     0  0     0    1   0   2
 2     1301      93%   on   on  512  3   1  8     1  1     0    0   1   1
 3     1301      93%   on   on  256  4   8  4     1  1     0    0   1   1
 4     1300      93%   on   on  256  4   8  4     1  1     1    1   0   2
 5     1300      93%   on   on  256  5   8  4     0  0     0    1   0   2
 6     1299      93%   on   on  256  4   8 16     1  1     0    0   1   1
 7     1299      93%   on   on  256  4   8  4     1  1     0    0   1   2
 8     1299      93%   on   on  256  4   8  8     1  1     1    1   0   2
 9     1298      93%   on   on  256  7   8  4     0  0     0    1   0   2
10     1297      93%   on   on  256  4   8  8     1  1     0    0   1   2
# live autotune leaderboard
[####################################] 736/738 ( 99.7%)
phase: benchmarking generated kernels
cuBLAS reference: 1398 TFLOPS
Top 10 of 736 measured combos at 10240x10240x10240, by TFLOPS:

 #   TFLOPS  %cuBLAS   WS 2CTA   BN NS GSM NW  PERS OV SPLIT L1NA TMA TMS
-------------------------------------------------------------------------
 1     1390      99%   on   on  512  3  16 16     1  1     0    0   1   1
 2     1389      99%   on   on  512  3  16  8     1  1     0    0   1   2
 3     1380      99%   on   on  512  3  16 16     1  1     0    0   1   2
 4     1365      98%   on   on  512  4   8  8     1  1     0    0   1   1
 5     1364      98%   on   on  512  3  16  8     1  1     0    0   1   1
 6     1364      98%   on   on  512  4  16  4     1  1     0    0   1   1
 7     1364      98%   on   on  512  4  16  8     1  1     0    0   1   1
 8     1364      98%   on   on  512  3  16  4     1  1     0    0   1   1
 9     1364      98%   on   on  512  4  16 16     1  1     0    0   1   1
10     1363      98%   on   on  512  4   8 16     1  1     0    0   1   1
# live autotune leaderboard
[####################################] 738/738 (100.0%)
phase: done
cuBLAS reference: 1398 TFLOPS
Top 10 of 738 measured combos at 10240x10240x10240, by TFLOPS:

 #   TFLOPS  %cuBLAS   WS 2CTA   BN NS GSM NW  PERS OV SPLIT L1NA TMA TMS
-------------------------------------------------------------------------
 1     1390      99%   on   on  512  3  16 16     1  1     0    0   1   1
 2     1389      99%   on   on  512  3  16  8     1  1     0    0   1   2
 3     1380      99%   on   on  512  3  16 16     1  1     0    0   1   2
 4     1365      98%   on   on  512  4   8  8     1  1     0    0   1   1
 5     1364      98%   on   on  512  3  16  8     1  1     0    0   1   1
 6     1364      98%   on   on  512  4  16  4     1  1     0    0   1   1
 7     1364      98%   on   on  512  4  16  8     1  1     0    0   1   1
 8     1364      98%   on   on  512  3  16  4     1  1     0    0   1   1
 9     1364      98%   on   on  512  4  16 16     1  1     0    0   1   1
10     1363      98%   on   on  512  4   8 16     1  1     0    0   1   1
# final autotune leaderboard
cuBLAS reference: 1398 TFLOPS
Top 10 of 738 measured combos at 10240x10240x10240, by TFLOPS:

 #   TFLOPS  %cuBLAS   WS 2CTA   BN NS GSM NW  PERS OV SPLIT L1NA TMA TMS
-------------------------------------------------------------------------
 1     1390      99%   on   on  512  3  16 16     1  1     0    0   1   1
 2     1389      99%   on   on  512  3  16  8     1  1     0    0   1   2
 3     1380      99%   on   on  512  3  16 16     1  1     0    0   1   2
 4     1365      98%   on   on  512  4   8  8     1  1     0    0   1   1
 5     1364      98%   on   on  512  3  16  8     1  1     0    0   1   1
 6     1364      98%   on   on  512  4  16  4     1  1     0    0   1   1
 7     1364      98%   on   on  512  4  16  8     1  1     0    0   1   1
 8     1364      98%   on   on  512  3  16  4     1  1     0    0   1   1
 9     1364      98%   on   on  512  4   8 16     1  1     0    0   1   1
10     1364      98%   on   on  512  4  16 16     1  1     0    0   1   1
# recorded top 10 results to results/10240x10240x10240.txt
