# autotune 65536x2304x768  scope=production  (timing on the current GPU; this can take a while)
# do_bench override: warmup=500ms rep=500ms
# filters={'bn': [256, 512], 'ns': [3, 4, 5, 6, 7], 'two_cta': [1], 'tma_store_stages': [1, 2], 'single_tmem_policy': 'bn512-only'}
# live autotune startup
[????????????????????????????????????] 0 measured
cuBLAS reference: n/a
Top 0 of 0 measured combos at 65536x2304x768, by TFLOPS:

 #   TFLOPS  %cuBLAS   WS 2CTA   BN NS GSM NW  PERS OV SPLIT L1NA TMA TMS
-------------------------------------------------------------------------
# live autotune startup
[###################-----------------] 296/558 ( 53.0%)
phase: compiled OK: 296/296
measured combos: 0/738
cuBLAS reference: 1459 TFLOPS
Top 0 of 0 measured combos at 65536x2304x768, by TFLOPS:

 #   TFLOPS  %cuBLAS   WS 2CTA   BN NS GSM NW  PERS OV SPLIT L1NA TMA TMS
-------------------------------------------------------------------------
# live autotune leaderboard
[#-----------------------------------] 29/738 (  3.9%)
phase: benchmarking generated kernels
cuBLAS reference: 1459 TFLOPS
Top 10 of 29 measured combos at 65536x2304x768, by TFLOPS:

 #   TFLOPS  %cuBLAS   WS 2CTA   BN NS GSM NW  PERS OV SPLIT L1NA TMA TMS
-------------------------------------------------------------------------
 1     1115      76%   on   on  256  3   1  4     1  1     1    1   0   2
 2     1105      76%   on   on  256  3   1  4     1  1     0    0   1   1
 3     1105      76%   on   on  256  3   1  8     1  1     0    0   1   1
 4     1105      76%   on   on  256  3   1  8     1  1     1    1   0   2
 5     1105      76%   on   on  256  3   1  4     1  1     0    1   0   2
 6     1104      76%   on   on  256  3   1  4     1  1     0    0   1   2
 7     1099      75%   on   on  256  3   1  4     1  1     1    0   0   2
 8     1094      75%   on   on  256  3   1  8     1  1     0    0   1   2
 9     1094      75%   on   on  256  3   1 16     1  1     0    0   1   1
10     1094      75%   on   on  256  3   1  8     1  1     0    1   0   2
# live autotune leaderboard
[####--------------------------------] 92/738 ( 12.5%)
phase: benchmarking generated kernels
cuBLAS reference: 1459 TFLOPS
Top 10 of 92 measured combos at 65536x2304x768, by TFLOPS:

 #   TFLOPS  %cuBLAS   WS 2CTA   BN NS GSM NW  PERS OV SPLIT L1NA TMA TMS
-------------------------------------------------------------------------
 1     1149      79%   on   on  256  3   4  4     1  1     1    1   0   2
 2     1144      78%   on   on  256  3   4  8     1  1     1    1   0   2
 3     1138      78%   on   on  256  3   4  8     1  1     0    0   1   1
 4     1138      78%   on   on  256  3   2  4     1  1     1    1   0   2
 5     1138      78%   on   on  256  3   4  4     1  1     0    1   0   2
 6     1138      78%   on   on  256  3   4  4     1  1     0    0   1   1
 7     1138      78%   on   on  256  3   4  4     1  1     0    0   1   2
 8     1137      78%   on   on  256  3   2  8     1  1     1    1   0   2
 9     1137      78%   on   on  256  3   4  8     1  1     0    0   1   2
10     1137      78%   on   on  256  3   4  8     1  1     0    1   0   2
# live autotune leaderboard
[########----------------------------] 154/738 ( 20.9%)
phase: benchmarking generated kernels
cuBLAS reference: 1459 TFLOPS
Top 10 of 154 measured combos at 65536x2304x768, by TFLOPS:

 #   TFLOPS  %cuBLAS   WS 2CTA   BN NS GSM NW  PERS OV SPLIT L1NA TMA TMS
-------------------------------------------------------------------------
 1     1162      80%   on   on  256  3  16  4     1  1     1    1   0   2
 2     1161      80%   on   on  256  3  16  8     1  1     1    1   0   2
 3     1150      79%   on   on  256  3   8  4     1  1     1    1   0   2
 4     1150      79%   on   on  256  3  16  4     1  1     0    1   0   2
 5     1150      79%   on   on  256  3   8  8     1  1     1    1   0   2
 6     1149      79%   on   on  256  3   4  4     1  1     1    1   0   2
 7     1149      79%   on   on  256  3  16  4     1  1     0    0   1   2
 8     1149      79%   on   on  256  3  16  8     1  1     0    0   1   2
 9     1148      79%   on   on  256  3   8  8     1  1     0    0   1   1
10     1144      78%   on   on  256  3  16  8     1  1     0    0   1   1
# live autotune leaderboard
[###########-------------------------] 216/738 ( 29.3%)
phase: benchmarking generated kernels
cuBLAS reference: 1459 TFLOPS
Top 10 of 216 measured combos at 65536x2304x768, by TFLOPS:

 #   TFLOPS  %cuBLAS   WS 2CTA   BN NS GSM NW  PERS OV SPLIT L1NA TMA TMS
-------------------------------------------------------------------------
 1     1324      91%   on   on  256  4   2  4     1  1     0    0   1   1
 2     1280      88%   on   on  256  4   1  4     1  1     0    0   1   1
 3     1279      88%   on   on  256  4   1  8     1  1     0    0   1   1
 4     1278      88%   on   on  256  4   1 16     1  1     0    0   1   1
 5     1265      87%   on   on  256  4   1  4     1  1     0    0   1   2
 6     1265      87%   on   on  256  4   1  8     1  1     0    0   1   2
 7     1251      86%   on   on  256  4   1 16     1  1     0    0   1   2
 8     1238      85%   on   on  256  4   1  4     1  1     1    1   0   2
 9     1237      85%   on   on  256  4   1  8     1  1     1    1   0   2
10     1224      84%   on   on  256  4   1 16     1  1     1    1   0   2
# live autotune leaderboard
[##############----------------------] 278/738 ( 37.7%)
phase: benchmarking generated kernels
cuBLAS reference: 1459 TFLOPS
Top 10 of 278 measured combos at 65536x2304x768, by TFLOPS:

 #   TFLOPS  %cuBLAS   WS 2CTA   BN NS GSM NW  PERS OV SPLIT L1NA TMA TMS
-------------------------------------------------------------------------
 1     1355      93%   on   on  256  4   8  4     1  1     0    0   1   1
 2     1339      92%   on   on  256  4   4  4     1  1     0    0   1   1
 3     1339      92%   on   on  256  4   4  8     1  1     0    0   1   1
 4     1325      91%   on   on  256  4   8  4     1  1     0    0   1   2
 5     1324      91%   on   on  256  4   2  4     1  1     0    0   1   1
 6     1324      91%   on   on  256  4   4 16     1  1     0    0   1   1
 7     1324      91%   on   on  256  4   2  8     1  1     0    0   1   1
 8     1324      91%   on   on  256  4   4  4     1  1     0    0   1   2
 9     1323      91%   on   on  256  4   2 16     1  1     0    0   1   1
10     1323      91%   on   on  256  4   4  8     1  1     0    0   1   2
# live autotune leaderboard
[#################-------------------] 341/738 ( 46.2%)
phase: benchmarking generated kernels
cuBLAS reference: 1459 TFLOPS
Top 10 of 341 measured combos at 65536x2304x768, by TFLOPS:

 #   TFLOPS  %cuBLAS   WS 2CTA   BN NS GSM NW  PERS OV SPLIT L1NA TMA TMS
-------------------------------------------------------------------------
 1     1364      93%   on   on  256  4  16  4     1  1     0    0   1   1
 2     1356      93%   on   on  256  4  16  8     1  1     0    0   1   1
 3     1355      93%   on   on  256  4   8  4     1  1     0    0   1   1
 4     1346      92%   on   on  256  4   8  8     1  1     0    0   1   1
 5     1341      92%   on   on  256  4  16 16     1  1     0    0   1   1
 6     1340      92%   on   on  256  4   8 16     1  1     0    0   1   1
 7     1339      92%   on   on  256  4   4  4     1  1     0    0   1   1
 8     1339      92%   on   on  256  4   4  8     1  1     0    0   1   1
 9     1325      91%   on   on  256  4   8  4     1  1     0    0   1   2
10     1325      91%   on   on  256  4  32  4     1  1     0    0   1   1
# live autotune leaderboard
[####################----------------] 403/738 ( 54.6%)
phase: benchmarking generated kernels
cuBLAS reference: 1459 TFLOPS
Top 10 of 403 measured combos at 65536x2304x768, by TFLOPS:

 #   TFLOPS  %cuBLAS   WS 2CTA   BN NS GSM NW  PERS OV SPLIT L1NA TMA TMS
-------------------------------------------------------------------------
 1     1390      95%   on   on  256  5   2  4     1  1     0    0   1   1
 2     1389      95%   on   on  256  5   2  8     1  1     0    0   1   1
 3     1372      94%   on   on  256  5   2  4     1  1     0    0   1   2
 4     1372      94%   on   on  256  5   1  4     1  1     0    0   1   1
 5     1372      94%   on   on  256  5   2  8     1  1     0    0   1   2
 6     1371      94%   on   on  256  5   1  8     1  1     0    0   1   1
 7     1364      93%   on   on  256  4  16  4     1  1     0    0   1   1
 8     1356      93%   on   on  256  4  16  8     1  1     0    0   1   1
 9     1355      93%   on   on  256  5   1 16     1  1     0    0   1   1
10     1355      93%   on   on  256  4   8  4     1  1     0    0   1   1
# live autotune leaderboard
[#######################-------------] 465/738 ( 63.0%)
phase: benchmarking generated kernels
cuBLAS reference: 1459 TFLOPS
Top 10 of 465 measured combos at 65536x2304x768, by TFLOPS:

 #   TFLOPS  %cuBLAS   WS 2CTA   BN NS GSM NW  PERS OV SPLIT L1NA TMA TMS
-------------------------------------------------------------------------
 1     1424      98%   on   on  256  5   8  4     1  1     0    0   1   1
 2     1424      98%   on   on  256  5   8  8     1  1     0    0   1   1
 3     1407      96%   on   on  256  5   4  4     1  1     0    0   1   1
 4     1407      96%   on   on  256  5   4  8     1  1     0    0   1   1
 5     1407      96%   on   on  256  5   8 16     1  1     0    0   1   1
 6     1407      96%   on   on  256  5  16  4     1  1     0    0   1   1
 7     1406      96%   on   on  256  5   4 16     1  1     0    0   1   1
 8     1390      95%   on   on  256  5   2  4     1  1     0    0   1   1
 9     1389      95%   on   on  256  5   2  8     1  1     0    0   1   1
10     1389      95%   on   on  256  5   8  4     1  1     0    0   1   2
# live autotune leaderboard
[##########################----------] 528/738 ( 71.5%)
phase: benchmarking generated kernels
cuBLAS reference: 1459 TFLOPS
Top 10 of 528 measured combos at 65536x2304x768, by TFLOPS:

 #   TFLOPS  %cuBLAS   WS 2CTA   BN NS GSM NW  PERS OV SPLIT L1NA TMA TMS
-------------------------------------------------------------------------
 1     1424      98%   on   on  256  5   8  4     1  1     0    0   1   1
 2     1424      98%   on   on  256  6   2  4     1  1     0    0   1   1
 3     1424      98%   on   on  256  5   8  8     1  1     0    0   1   1
 4     1424      98%   on   on  256  6   1  4     1  1     0    0   1   1
 5     1416      97%   on   on  256  6   1  8     1  1     0    0   1   1
 6     1407      96%   on   on  256  5   4  4     1  1     0    0   1   1
 7     1407      96%   on   on  256  5   4  8     1  1     0    0   1   1
 8     1407      96%   on   on  256  5   8 16     1  1     0    0   1   1
 9     1407      96%   on   on  256  5  16  4     1  1     0    0   1   1
10     1406      96%   on   on  256  5  16  8     1  1     0    0   1   1
# live autotune leaderboard
[#############################-------] 590/738 ( 79.9%)
phase: benchmarking generated kernels
cuBLAS reference: 1459 TFLOPS
Top 10 of 590 measured combos at 65536x2304x768, by TFLOPS:

 #   TFLOPS  %cuBLAS   WS 2CTA   BN NS GSM NW  PERS OV SPLIT L1NA TMA TMS
-------------------------------------------------------------------------
 1     1424      98%   on   on  256  5   8  4     1  1     0    0   1   1
 2     1424      98%   on   on  256  6   8  4     1  1     0    0   1   1
 3     1424      98%   on   on  256  6   2  4     1  1     0    0   1   1
 4     1424      98%   on   on  256  6   4  4     1  1     0    0   1   1
 5     1424      98%   on   on  256  6   4  8     1  1     0    0   1   1
 6     1424      98%   on   on  256  6   8  8     1  1     0    0   1   1
 7     1424      98%   on   on  256  5   8  8     1  1     0    0   1   1
 8     1424      98%   on   on  256  6   1  4     1  1     0    0   1   1
 9     1424      98%   on   on  256  6   2  8     1  1     0    0   1   1
10     1424      98%   on   on  256  6   8 16     1  1     0    0   1   1
# live autotune leaderboard
[################################----] 653/738 ( 88.5%)
phase: benchmarking generated kernels
cuBLAS reference: 1459 TFLOPS
Top 10 of 653 measured combos at 65536x2304x768, by TFLOPS:

 #   TFLOPS  %cuBLAS   WS 2CTA   BN NS GSM NW  PERS OV SPLIT L1NA TMA TMS
-------------------------------------------------------------------------
 1     1424      98%   on   on  256  5   8  4     1  1     0    0   1   1
 2     1424      98%   on   on  256  6   8  4     1  1     0    0   1   1
 3     1424      98%   on   on  256  6   2  4     1  1     0    0   1   1
 4     1424      98%   on   on  256  6   4  4     1  1     0    0   1   1
 5     1424      98%   on   on  256  6   4  8     1  1     0    0   1   1
 6     1424      98%   on   on  256  6   8  8     1  1     0    0   1   1
 7     1424      98%   on   on  256  5   8  8     1  1     0    0   1   1
 8     1424      98%   on   on  256  6   1  4     1  1     0    0   1   1
 9     1424      98%   on   on  256  6   2  8     1  1     0    0   1   1
10     1424      98%   on   on  256  6   8 16     1  1     0    0   1   1
# live autotune leaderboard
[####################################] 738/738 (100.0%)
phase: done
cuBLAS reference: 1459 TFLOPS
Top 10 of 666 measured combos at 65536x2304x768, by TFLOPS:

 #   TFLOPS  %cuBLAS   WS 2CTA   BN NS GSM NW  PERS OV SPLIT L1NA TMA TMS
-------------------------------------------------------------------------
 1     1424      98%   on   on  256  5   8  4     1  1     0    0   1   1
 2     1424      98%   on   on  256  6   8  4     1  1     0    0   1   1
 3     1424      98%   on   on  256  6   2  4     1  1     0    0   1   1
 4     1424      98%   on   on  256  6   4  4     1  1     0    0   1   1
 5     1424      98%   on   on  256  6   4  8     1  1     0    0   1   1
 6     1424      98%   on   on  256  6   8  8     1  1     0    0   1   1
 7     1424      98%   on   on  256  5   8  8     1  1     0    0   1   1
 8     1424      98%   on   on  256  6   1  4     1  1     0    0   1   1
 9     1424      98%   on   on  256  6   2  8     1  1     0    0   1   1
10     1424      98%   on   on  256  6   8 16     1  1     0    0   1   1
# final autotune leaderboard
cuBLAS reference: 1460 TFLOPS
Top 10 of 666 measured combos at 65536x2304x768, by TFLOPS:

 #   TFLOPS  %cuBLAS   WS 2CTA   BN NS GSM NW  PERS OV SPLIT L1NA TMA TMS
-------------------------------------------------------------------------
 1     1424      98%   on   on  256  5   8  4     1  1     0    0   1   1
 2     1424      98%   on   on  256  6   8  4     1  1     0    0   1   1
 3     1424      98%   on   on  256  6   2  4     1  1     0    0   1   1
 4     1424      98%   on   on  256  6   4  4     1  1     0    0   1   1
 5     1424      98%   on   on  256  6   4  8     1  1     0    0   1   1
 6     1424      98%   on   on  256  6   8  8     1  1     0    0   1   1
 7     1424      98%   on   on  256  5   8  8     1  1     0    0   1   1
 8     1424      98%   on   on  256  6   1  4     1  1     0    0   1   1
 9     1424      98%   on   on  256  6   2  8     1  1     0    0   1   1
10     1424      98%   on   on  256  6   8 16     1  1     0    0   1   1
# recorded top 10 results to results/65536x2304x768.txt
