# autotune 8192x24576x8192  scope=production  (timing on the current GPU; this can take a while)
# do_bench override: warmup=500ms rep=500ms
# filters={'bn': [256, 512], 'ns': [3, 4, 5, 6, 7], 'two_cta': [1], 'tma_store_stages': [1, 2], 'single_tmem_policy': 'bn512-only'}
# live autotune startup
[????????????????????????????????????] 0 measured
cuBLAS reference: n/a
Top 0 of 0 measured combos at 8192x24576x8192, by TFLOPS:

 #   TFLOPS  %cuBLAS   WS 2CTA   BN NS GSM NW  PERS OV SPLIT L1NA TMA TMS
-------------------------------------------------------------------------
# live autotune leaderboard
[#-----------------------------------] 21/738 (  2.8%)
phase: benchmarking generated kernels
cuBLAS reference: 1490 TFLOPS
Top 10 of 21 measured combos at 8192x24576x8192, by TFLOPS:

 #   TFLOPS  %cuBLAS   WS 2CTA   BN NS GSM NW  PERS OV SPLIT L1NA TMA TMS
-------------------------------------------------------------------------
 1      993      67%   on   on  256  3   1  4     1  1     0    0   1   1
 2      991      67%   on   on  256  3   1  4     1  1     0    0   1   2
 3      991      67%   on   on  256  3   1  8     1  1     0    0   1   1
 4      990      66%   on   on  256  3   1  4     1  1     1    1   0   2
 5      990      66%   on   on  256  3   1  8     1  1     0    0   1   2
 6      990      66%   on   on  256  3   1  4     1  1     0    1   0   2
 7      990      66%   on   on  256  3   1  8     1  1     0    1   0   2
 8      990      66%   on   on  256  3   1  8     1  1     1    1   0   2
 9      989      66%   on   on  256  3   1  4     1  1     1    0   0   2
10      988      66%   on   on  256  3   1  4     1  1     0    0   0   2
# live autotune leaderboard
[####--------------------------------] 77/738 ( 10.4%)
phase: benchmarking generated kernels
cuBLAS reference: 1490 TFLOPS
Top 10 of 77 measured combos at 8192x24576x8192, by TFLOPS:

 #   TFLOPS  %cuBLAS   WS 2CTA   BN NS GSM NW  PERS OV SPLIT L1NA TMA TMS
-------------------------------------------------------------------------
 1     1154      77%   on   on  256  3   4  4     1  1     1    1   0   2
 2     1153      77%   on   on  256  3   4  4     1  1     0    1   0   2
 3     1153      77%   on   on  256  3   4  4     1  1     1    0   0   2
 4     1151      77%   on   on  256  3   4  8     1  1     0    0   1   2
 5     1148      77%   on   on  256  3   4  8     1  1     0    0   0   2
 6     1147      77%   on   on  256  3   4  8     1  1     0    0   1   1
 7     1147      77%   on   on  256  3   4  4     1  1     0    0   0   2
 8     1146      77%   on   on  256  3   4  4     1  1     0    0   1   1
 9     1143      77%   on   on  256  3   4  4     1  1     0    0   1   2
10     1104      74%   on   on  256  3   4  4     1  0     0    1   0   2
# live autotune leaderboard
[######------------------------------] 133/738 ( 18.0%)
phase: benchmarking generated kernels
cuBLAS reference: 1490 TFLOPS
Top 10 of 133 measured combos at 8192x24576x8192, by TFLOPS:

 #   TFLOPS  %cuBLAS   WS 2CTA   BN NS GSM NW  PERS OV SPLIT L1NA TMA TMS
-------------------------------------------------------------------------
 1     1181      79%   on   on  256  3   8  8     1  1     1    1   0   2
 2     1181      79%   on   on  256  3   8  4     1  1     1    0   0   2
 3     1180      79%   on   on  256  3   8  8     1  1     0    1   0   2
 4     1179      79%   on   on  256  3   8 16     1  1     0    1   0   2
 5     1179      79%   on   on  256  3   8 16     1  1     1    1   0   2
 6     1179      79%   on   on  256  3   8  8     1  1     1    0   0   2
 7     1177      79%   on   on  256  3   8  8     1  1     0    0   0   2
 8     1176      79%   on   on  256  3   8 16     1  1     1    0   0   2
 9     1175      79%   on   on  256  3   8  8     1  1     0    0   1   1
10     1175      79%   on   on  256  3   8 16     1  1     0    0   0   2
# live autotune leaderboard
[#########---------------------------] 190/738 ( 25.7%)
phase: benchmarking generated kernels
cuBLAS reference: 1490 TFLOPS
Top 10 of 190 measured combos at 8192x24576x8192, by TFLOPS:

 #   TFLOPS  %cuBLAS   WS 2CTA   BN NS GSM NW  PERS OV SPLIT L1NA TMA TMS
-------------------------------------------------------------------------
 1     1181      79%   on   on  256  3   8  8     1  1     1    1   0   2
 2     1181      79%   on   on  256  3   8  4     1  1     1    0   0   2
 3     1180      79%   on   on  256  3   8  8     1  1     0    1   0   2
 4     1179      79%   on   on  256  3   8 16     1  1     0    1   0   2
 5     1179      79%   on   on  256  3   8 16     1  1     1    1   0   2
 6     1179      79%   on   on  256  3   8  8     1  1     1    0   0   2
 7     1177      79%   on   on  256  3   8  8     1  1     0    0   0   2
 8     1176      79%   on   on  256  3   8 16     1  1     1    0   0   2
 9     1175      79%   on   on  256  3   8  8     1  1     0    0   1   1
10     1175      79%   on   on  256  3   8 16     1  1     0    0   0   2
# live autotune leaderboard
[############------------------------] 246/738 ( 33.3%)
phase: benchmarking generated kernels
cuBLAS reference: 1490 TFLOPS
Top 10 of 246 measured combos at 8192x24576x8192, by TFLOPS:

 #   TFLOPS  %cuBLAS   WS 2CTA   BN NS GSM NW  PERS OV SPLIT L1NA TMA TMS
-------------------------------------------------------------------------
 1     1345      90%   on   on  256  4   4  4     1  1     0    0   1   1
 2     1332      89%   on   on  256  4   4  4     1  1     0    0   0   2
 3     1278      86%   on   on  256  4   4  4     1  0     0    0   0   2
 4     1278      86%   on   on  256  4   4  4     1  0     0    1   0   2
 5     1258      84%   on   on  256  4   4  4     0  0     0    1   0   2
 6     1255      84%   on   on  256  4   4  4     0  0     0    0   0   2
 7     1234      83%   on   on  256  4   2  4     1  1     0    0   1   1
 8     1233      83%   on   on  256  4   2  8     1  1     0    0   1   1
 9     1231      83%   on   on  256  4   2 16     1  1     0    0   1   1
10     1231      83%   on   on  256  4   2 16     1  1     1    0   0   2
# live autotune leaderboard
[###############---------------------] 304/738 ( 41.2%)
phase: benchmarking generated kernels
cuBLAS reference: 1490 TFLOPS
Top 10 of 304 measured combos at 8192x24576x8192, by TFLOPS:

 #   TFLOPS  %cuBLAS   WS 2CTA   BN NS GSM NW  PERS OV SPLIT L1NA TMA TMS
-------------------------------------------------------------------------
 1     1382      93%   on   on  256  4   8  4     1  1     0    0   1   1
 2     1381      93%   on   on  256  4   8  8     1  1     0    0   1   1
 3     1380      93%   on   on  256  4   8 16     1  1     0    0   1   1
 4     1380      93%   on   on  256  4   8  4     1  1     1    1   0   2
 5     1378      92%   on   on  256  4   8  8     1  1     0    0   1   2
 6     1378      92%   on   on  256  4   8  4     1  1     0    0   1   2
 7     1377      92%   on   on  256  4   8 16     1  1     1    1   0   2
 8     1375      92%   on   on  256  4   8 16     1  1     0    0   1   2
 9     1375      92%   on   on  256  4   8  8     1  1     1    1   0   2
10     1373      92%   on   on  256  4   8  4     1  1     1    0   0   2
# live autotune leaderboard
[##################------------------] 360/738 ( 48.8%)
phase: benchmarking generated kernels
cuBLAS reference: 1490 TFLOPS
Top 10 of 360 measured combos at 8192x24576x8192, by TFLOPS:

 #   TFLOPS  %cuBLAS   WS 2CTA   BN NS GSM NW  PERS OV SPLIT L1NA TMA TMS
-------------------------------------------------------------------------
 1     1382      93%   on   on  256  4   8  4     1  1     0    0   1   1
 2     1381      93%   on   on  256  4   8  8     1  1     0    0   1   1
 3     1380      93%   on   on  256  4   8 16     1  1     0    0   1   1
 4     1380      93%   on   on  256  4   8  4     1  1     1    1   0   2
 5     1378      92%   on   on  256  4   8  8     1  1     0    0   1   2
 6     1378      92%   on   on  256  4   8  4     1  1     0    0   1   2
 7     1377      92%   on   on  256  4   8 16     1  1     1    1   0   2
 8     1375      92%   on   on  256  4   8 16     1  1     0    0   1   2
 9     1375      92%   on   on  256  4   8  8     1  1     1    1   0   2
10     1373      92%   on   on  256  4   8  4     1  1     1    0   0   2
# live autotune leaderboard
[####################----------------] 417/738 ( 56.5%)
phase: benchmarking generated kernels
cuBLAS reference: 1490 TFLOPS
Top 10 of 417 measured combos at 8192x24576x8192, by TFLOPS:

 #   TFLOPS  %cuBLAS   WS 2CTA   BN NS GSM NW  PERS OV SPLIT L1NA TMA TMS
-------------------------------------------------------------------------
 1     1382      93%   on   on  256  4   8  4     1  1     0    0   1   1
 2     1381      93%   on   on  256  4   8  8     1  1     0    0   1   1
 3     1380      93%   on   on  256  4   8 16     1  1     0    0   1   1
 4     1380      93%   on   on  256  4   8  4     1  1     1    1   0   2
 5     1378      92%   on   on  256  4   8  8     1  1     0    0   1   2
 6     1378      92%   on   on  256  4   8  4     1  1     0    0   1   2
 7     1377      92%   on   on  256  4   8 16     1  1     1    1   0   2
 8     1375      92%   on   on  256  4   8 16     1  1     0    0   1   2
 9     1375      92%   on   on  256  4   8  8     1  1     1    1   0   2
10     1373      92%   on   on  256  4   8  4     1  1     1    0   0   2
# live autotune leaderboard
[#######################-------------] 474/738 ( 64.2%)
phase: benchmarking generated kernels
cuBLAS reference: 1490 TFLOPS
Top 10 of 474 measured combos at 8192x24576x8192, by TFLOPS:

 #   TFLOPS  %cuBLAS   WS 2CTA   BN NS GSM NW  PERS OV SPLIT L1NA TMA TMS
-------------------------------------------------------------------------
 1     1423      96%   on   on  256  5   8  4     1  1     1    1   0   2
 2     1420      95%   on   on  256  5  16  8     1  1     0    0   1   1
 3     1417      95%   on   on  256  5   8 16     1  1     0    0   1   1
 4     1417      95%   on   on  256  5   8 16     1  1     1    1   0   2
 5     1408      94%   on   on  256  5   8  4     1  1     0    0   1   2
 6     1405      94%   on   on  256  5  16  4     1  1     1    1   0   2
 7     1405      94%   on   on  256  5   8  8     1  1     0    0   1   2
 8     1405      94%   on   on  256  5   8 16     1  1     0    0   1   2
 9     1402      94%   on   on  256  5  16  8     1  1     1    1   0   2
10     1398      94%   on   on  256  5   8  8     1  1     1    1   0   2
# live autotune leaderboard
[##########################----------] 531/738 ( 72.0%)
phase: benchmarking generated kernels
cuBLAS reference: 1490 TFLOPS
Top 10 of 531 measured combos at 8192x24576x8192, by TFLOPS:

 #   TFLOPS  %cuBLAS   WS 2CTA   BN NS GSM NW  PERS OV SPLIT L1NA TMA TMS
-------------------------------------------------------------------------
 1     1423      96%   on   on  256  5   8  4     1  1     1    1   0   2
 2     1420      95%   on   on  256  5  16  8     1  1     0    0   1   1
 3     1417      95%   on   on  256  5   8 16     1  1     0    0   1   1
 4     1417      95%   on   on  256  5   8 16     1  1     1    1   0   2
 5     1408      94%   on   on  256  5   8  4     1  1     0    0   1   2
 6     1405      94%   on   on  256  5  16  4     1  1     1    1   0   2
 7     1405      94%   on   on  256  5   8  8     1  1     0    0   1   2
 8     1405      94%   on   on  256  5   8 16     1  1     0    0   1   2
 9     1402      94%   on   on  256  5  16  8     1  1     1    1   0   2
10     1398      94%   on   on  256  5   8  8     1  1     1    1   0   2
# live autotune leaderboard
[#############################-------] 586/738 ( 79.4%)
phase: benchmarking generated kernels
cuBLAS reference: 1490 TFLOPS
Top 10 of 586 measured combos at 8192x24576x8192, by TFLOPS:

 #   TFLOPS  %cuBLAS   WS 2CTA   BN NS GSM NW  PERS OV SPLIT L1NA TMA TMS
-------------------------------------------------------------------------
 1     1423      96%   on   on  256  5   8  4     1  1     1    1   0   2
 2     1420      95%   on   on  256  5  16  8     1  1     0    0   1   1
 3     1417      95%   on   on  256  5   8 16     1  1     0    0   1   1
 4     1417      95%   on   on  256  5   8 16     1  1     1    1   0   2
 5     1408      94%   on   on  256  5   8  4     1  1     0    0   1   2
 6     1405      94%   on   on  256  5  16  4     1  1     1    1   0   2
 7     1405      94%   on   on  256  5   8  8     1  1     0    0   1   2
 8     1405      94%   on   on  256  5   8 16     1  1     0    0   1   2
 9     1402      94%   on   on  256  5  16  8     1  1     1    1   0   2
10     1398      94%   on   on  256  5   8  8     1  1     1    1   0   2
# live autotune leaderboard
[###############################-----] 641/738 ( 86.9%)
phase: benchmarking generated kernels
cuBLAS reference: 1490 TFLOPS
Top 10 of 641 measured combos at 8192x24576x8192, by TFLOPS:

 #   TFLOPS  %cuBLAS   WS 2CTA   BN NS GSM NW  PERS OV SPLIT L1NA TMA TMS
-------------------------------------------------------------------------
 1     1423      96%   on   on  256  5   8  4     1  1     1    1   0   2
 2     1420      95%   on   on  256  5  16  8     1  1     0    0   1   1
 3     1417      95%   on   on  256  5   8 16     1  1     0    0   1   1
 4     1417      95%   on   on  256  5   8 16     1  1     1    1   0   2
 5     1408      94%   on   on  256  5   8  4     1  1     0    0   1   2
 6     1405      94%   on   on  256  5  16  4     1  1     1    1   0   2
 7     1405      94%   on   on  256  5   8  8     1  1     0    0   1   2
 8     1405      94%   on   on  256  5   8 16     1  1     0    0   1   2
 9     1402      94%   on   on  256  5  16  8     1  1     1    1   0   2
10     1398      94%   on   on  256  5   8  8     1  1     1    1   0   2
# live autotune leaderboard
[##################################--] 696/738 ( 94.3%)
phase: benchmarking generated kernels
cuBLAS reference: 1490 TFLOPS
Top 10 of 696 measured combos at 8192x24576x8192, by TFLOPS:

 #   TFLOPS  %cuBLAS   WS 2CTA   BN NS GSM NW  PERS OV SPLIT L1NA TMA TMS
-------------------------------------------------------------------------
 1     1507     101%   on   on  512  3  16 16     1  1     0    0   1   2
 2     1498     101%   on   on  512  3  16  4     1  1     0    0   1   2
 3     1491     100%   on   on  512  3  16  8     1  1     0    0   1   2
 4     1477      99%   on   on  512  3  16 16     1  1     0    0   1   1
 5     1476      99%   on   on  512  3   8  8     1  1     0    0   1   2
 6     1476      99%   on   on  512  3   8 16     1  1     0    0   1   2
 7     1476      99%   on   on  512  3   8  4     1  1     0    0   1   2
 8     1475      99%   on   on  512  3  16  8     1  1     0    0   1   1
 9     1474      99%   on   on  512  3  16  4     1  1     0    0   1   1
10     1474      99%   on   on  512  3   8  8     1  1     0    0   1   1
# live autotune leaderboard
[####################################] 738/738 (100.0%)
phase: done
cuBLAS reference: 1490 TFLOPS
Top 10 of 738 measured combos at 8192x24576x8192, by TFLOPS:

 #   TFLOPS  %cuBLAS   WS 2CTA   BN NS GSM NW  PERS OV SPLIT L1NA TMA TMS
-------------------------------------------------------------------------
 1     1507     101%   on   on  512  4  16  4     1  1     0    0   1   2
 2     1507     101%   on   on  512  3  16 16     1  1     0    0   1   2
 3     1498     101%   on   on  512  3  16  4     1  1     0    0   1   2
 4     1491     100%   on   on  512  3  16  8     1  1     0    0   1   2
 5     1479      99%   on   on  512  4  16  8     1  1     0    0   1   2
 6     1478      99%   on   on  512  4  16 16     1  1     0    0   1   2
 7     1477      99%   on   on  512  3  16 16     1  1     0    0   1   1
 8     1476      99%   on   on  512  3   8  8     1  1     0    0   1   2
 9     1476      99%   on   on  512  3   8 16     1  1     0    0   1   2
10     1476      99%   on   on  512  3   8  4     1  1     0    0   1   2
# final autotune leaderboard
cuBLAS reference: 1490 TFLOPS
Top 10 of 738 measured combos at 8192x24576x8192, by TFLOPS:

 #   TFLOPS  %cuBLAS   WS 2CTA   BN NS GSM NW  PERS OV SPLIT L1NA TMA TMS
-------------------------------------------------------------------------
 1     1507     101%   on   on  512  4  16  4     1  1     0    0   1   2
 2     1506     101%   on   on  512  3  16 16     1  1     0    0   1   2
 3     1498     101%   on   on  512  3  16  4     1  1     0    0   1   2
 4     1491     100%   on   on  512  3  16  8     1  1     0    0   1   2
 5     1479      99%   on   on  512  4  16  8     1  1     0    0   1   2
 6     1478      99%   on   on  512  4  16 16     1  1     0    0   1   2
 7     1477      99%   on   on  512  3  16 16     1  1     0    0   1   1
 8     1476      99%   on   on  512  3   8  8     1  1     0    0   1   2
 9     1476      99%   on   on  512  3   8 16     1  1     0    0   1   2
10     1476      99%   on   on  512  3   8  4     1  1     0    0   1   2
# recorded top 10 results to results/8192x24576x8192.txt
