# autotune 4096x4096x4096  scope=production  (timing on the current GPU; this can take a while)
# do_bench override: warmup=500ms rep=500ms
# filters={'bn': [256, 512], 'ns': [3, 4, 5, 6, 7], 'two_cta': [1], 'tma_store_stages': [1, 2], 'single_tmem_policy': 'bn512-only'}
# live autotune startup
[????????????????????????????????????] 0 measured
cuBLAS reference: n/a
Top 0 of 0 measured combos at 4096x4096x4096, by TFLOPS:

 #   TFLOPS  %cuBLAS   WS 2CTA   BN NS GSM NW  PERS OV SPLIT L1NA TMA TMS
-------------------------------------------------------------------------
# live autotune startup
[##----------------------------------] 32/558 (  5.7%)
phase: compiled OK: 32/32
measured combos: 0/738
cuBLAS reference: 1382 TFLOPS
Top 0 of 0 measured combos at 4096x4096x4096, by TFLOPS:

 #   TFLOPS  %cuBLAS   WS 2CTA   BN NS GSM NW  PERS OV SPLIT L1NA TMA TMS
-------------------------------------------------------------------------
# live autotune startup
[------------------------------------] 0/738 (  0.0%)
phase: benchmarking generated kernels
cuBLAS reference: 1382 TFLOPS
Top 0 of 0 measured combos at 4096x4096x4096, by TFLOPS:

 #   TFLOPS  %cuBLAS   WS 2CTA   BN NS GSM NW  PERS OV SPLIT L1NA TMA TMS
-------------------------------------------------------------------------
# live autotune leaderboard
[###---------------------------------] 65/738 (  8.8%)
phase: benchmarking generated kernels
cuBLAS reference: 1382 TFLOPS
Top 10 of 65 measured combos at 4096x4096x4096, by TFLOPS:

 #   TFLOPS  %cuBLAS   WS 2CTA   BN NS GSM NW  PERS OV SPLIT L1NA TMA TMS
-------------------------------------------------------------------------
 1     1091      79%   on   on  256  3   1  4     1  1     0    1   0   2
 2     1091      79%   on   on  256  3   1  4     1  1     1    1   0   2
 3     1091      79%   on   on  256  3   1  4     1  1     0    0   1   1
 4     1091      79%   on   on  256  3   1  4     1  1     0    0   1   2
 5     1091      79%   on   on  256  3   1  4     1  1     1    0   0   2
 6     1090      79%   on   on  256  3   1  4     1  1     0    0   0   2
 7     1090      79%   on   on  256  3   2  4     1  1     1    1   0   2
 8     1090      79%   on   on  256  3   1  8     1  1     0    0   1   2
 9     1090      79%   on   on  256  3   1  8     1  1     1    1   0   2
10     1090      79%   on   on  256  3   2  4     1  1     0    1   0   2
# live autotune leaderboard
[######------------------------------] 130/738 ( 17.6%)
phase: benchmarking generated kernels
cuBLAS reference: 1382 TFLOPS
Top 10 of 131 measured combos at 4096x4096x4096, by TFLOPS:

 #   TFLOPS  %cuBLAS   WS 2CTA   BN NS GSM NW  PERS OV SPLIT L1NA TMA TMS
-------------------------------------------------------------------------
 1     1109      80%   on   on  256  3   4  4     1  1     1    1   0   2
 2     1108      80%   on   on  256  3   4  4     1  1     0    1   0   2
 3     1092      79%   on   on  256  3   4  8     1  1     0    1   0   2
 4     1092      79%   on   on  256  3   4  8     1  1     1    1   0   2
 5     1091      79%   on   on  256  3   4 16     1  1     0    1   0   2
 6     1091      79%   on   on  256  3   1  4     1  1     0    1   0   2
 7     1091      79%   on   on  256  3   1  4     1  1     1    1   0   2
 8     1091      79%   on   on  256  3   4 16     1  1     1    1   0   2
 9     1091      79%   on   on  256  3   1  4     1  1     0    0   1   1
10     1091      79%   on   on  256  3   1  4     1  1     0    0   1   2
# live autotune leaderboard
[##########--------------------------] 196/738 ( 26.6%)
phase: benchmarking generated kernels
cuBLAS reference: 1382 TFLOPS
Top 10 of 196 measured combos at 4096x4096x4096, by TFLOPS:

 #   TFLOPS  %cuBLAS   WS 2CTA   BN NS GSM NW  PERS OV SPLIT L1NA TMA TMS
-------------------------------------------------------------------------
 1     1264      91%   on   on  256  4   1  4     1  1     0    0   1   2
 2     1257      91%   on   on  256  4   1  4     1  1     1    1   0   2
 3     1255      91%   on   on  256  4   1  8     1  1     0    0   1   1
 4     1255      91%   on   on  256  4   1  4     1  1     0    0   1   1
 5     1254      91%   on   on  256  4   1  4     1  1     1    0   0   2
 6     1254      91%   on   on  256  4   1  4     1  1     0    1   0   2
 7     1253      91%   on   on  256  4   1  4     1  1     0    0   0   2
 8     1231      89%   on   on  256  4   1  8     1  1     0    0   0   2
 9     1167      84%   on   on  256  4   1  4     1  0     0    1   0   2
10     1166      84%   on   on  256  4   1  4     1  0     0    0   0   2
# live autotune leaderboard
[#############-----------------------] 262/738 ( 35.5%)
phase: benchmarking generated kernels
cuBLAS reference: 1382 TFLOPS
Top 10 of 262 measured combos at 4096x4096x4096, by TFLOPS:

 #   TFLOPS  %cuBLAS   WS 2CTA   BN NS GSM NW  PERS OV SPLIT L1NA TMA TMS
-------------------------------------------------------------------------
 1     1264      91%   on   on  256  4   1  4     1  1     0    0   1   2
 2     1257      91%   on   on  256  4   1  4     1  1     1    1   0   2
 3     1255      91%   on   on  256  4   1  8     1  1     1    1   0   2
 4     1255      91%   on   on  256  4   1  8     1  1     0    0   1   1
 5     1255      91%   on   on  256  4   1  8     1  1     0    0   1   2
 6     1255      91%   on   on  256  4   1  4     1  1     0    0   1   1
 7     1255      91%   on   on  256  4   2  4     1  1     1    1   0   2
 8     1254      91%   on   on  256  4   1  4     1  1     1    0   0   2
 9     1254      91%   on   on  256  4   1 16     1  1     1    1   0   2
10     1254      91%   on   on  256  4   2  8     1  1     1    1   0   2
# live autotune leaderboard
[################--------------------] 327/738 ( 44.3%)
phase: benchmarking generated kernels
cuBLAS reference: 1382 TFLOPS
Top 10 of 327 measured combos at 4096x4096x4096, by TFLOPS:

 #   TFLOPS  %cuBLAS   WS 2CTA   BN NS GSM NW  PERS OV SPLIT L1NA TMA TMS
-------------------------------------------------------------------------
 1     1264      91%   on   on  256  4   1  4     1  1     0    0   1   2
 2     1257      91%   on   on  256  4   1  4     1  1     1    1   0   2
 3     1255      91%   on   on  256  4   1  8     1  1     1    1   0   2
 4     1255      91%   on   on  256  4   1  8     1  1     0    0   1   1
 5     1255      91%   on   on  256  4   1  8     1  1     0    0   1   2
 6     1255      91%   on   on  256  4   1  4     1  1     0    0   1   1
 7     1255      91%   on   on  256  4   2  4     1  1     1    1   0   2
 8     1254      91%   on   on  256  4   1  4     1  1     1    0   0   2
 9     1254      91%   on   on  256  4   1 16     1  1     1    1   0   2
10     1254      91%   on   on  256  4   2  8     1  1     1    1   0   2
# live autotune leaderboard
[###################-----------------] 392/738 ( 53.1%)
phase: benchmarking generated kernels
cuBLAS reference: 1382 TFLOPS
Top 10 of 392 measured combos at 4096x4096x4096, by TFLOPS:

 #   TFLOPS  %cuBLAS   WS 2CTA   BN NS GSM NW  PERS OV SPLIT L1NA TMA TMS
-------------------------------------------------------------------------
 1     1328      96%   on   on  256  5   1  4     1  1     0    0   1   1
 2     1328      96%   on   on  256  5   1  4     1  1     0    0   1   2
 3     1328      96%   on   on  256  5   1  4     1  1     1    1   0   2
 4     1328      96%   on   on  256  5   1  8     1  1     0    0   1   1
 5     1328      96%   on   on  256  5   1  8     1  1     0    0   1   2
 6     1328      96%   on   on  256  5   1 16     1  1     0    0   1   2
 7     1328      96%   on   on  256  5   1  8     1  1     1    1   0   2
 8     1328      96%   on   on  256  5   1 16     1  1     0    0   1   1
 9     1328      96%   on   on  256  5   2  4     1  1     0    0   1   1
10     1328      96%   on   on  256  5   2  4     1  1     0    0   1   2
# live autotune leaderboard
[######################--------------] 458/738 ( 62.1%)
phase: benchmarking generated kernels
cuBLAS reference: 1382 TFLOPS
Top 10 of 458 measured combos at 4096x4096x4096, by TFLOPS:

 #   TFLOPS  %cuBLAS   WS 2CTA   BN NS GSM NW  PERS OV SPLIT L1NA TMA TMS
-------------------------------------------------------------------------
 1     1328      96%   on   on  256  5   1  4     1  1     0    0   1   1
 2     1328      96%   on   on  256  5   1  4     1  1     0    0   1   2
 3     1328      96%   on   on  256  5   1  4     1  1     1    1   0   2
 4     1328      96%   on   on  256  5   1  8     1  1     0    0   1   1
 5     1328      96%   on   on  256  5   1  8     1  1     0    0   1   2
 6     1328      96%   on   on  256  5   1 16     1  1     0    0   1   2
 7     1328      96%   on   on  256  5   1  8     1  1     1    1   0   2
 8     1328      96%   on   on  256  5   1 16     1  1     0    0   1   1
 9     1328      96%   on   on  256  5   2  4     1  1     0    0   1   1
10     1328      96%   on   on  256  5   2  4     1  1     0    0   1   2
# live autotune leaderboard
[##########################----------] 523/738 ( 70.9%)
phase: benchmarking generated kernels
cuBLAS reference: 1382 TFLOPS
Top 10 of 523 measured combos at 4096x4096x4096, by TFLOPS:

 #   TFLOPS  %cuBLAS   WS 2CTA   BN NS GSM NW  PERS OV SPLIT L1NA TMA TMS
-------------------------------------------------------------------------
 1     1354      98%   on   on  256  6   1  4     1  1     0    0   1   1
 2     1354      98%   on   on  256  6   1  8     1  1     0    0   1   1
 3     1329      96%   on   on  256  6   1 16     1  1     0    0   1   1
 4     1328      96%   on   on  256  5   1  4     1  1     0    0   1   1
 5     1328      96%   on   on  256  5   1  4     1  1     0    0   1   2
 6     1328      96%   on   on  256  5   1  4     1  1     1    1   0   2
 7     1328      96%   on   on  256  5   1  8     1  1     0    0   1   1
 8     1328      96%   on   on  256  5   1  8     1  1     0    0   1   2
 9     1328      96%   on   on  256  5   1 16     1  1     0    0   1   2
10     1328      96%   on   on  256  5   1  8     1  1     1    1   0   2
# live autotune leaderboard
[#############################-------] 588/738 ( 79.7%)
phase: benchmarking generated kernels
cuBLAS reference: 1382 TFLOPS
Top 10 of 588 measured combos at 4096x4096x4096, by TFLOPS:

 #   TFLOPS  %cuBLAS   WS 2CTA   BN NS GSM NW  PERS OV SPLIT L1NA TMA TMS
-------------------------------------------------------------------------
 1     1354      98%   on   on  256  6   1  4     1  1     0    0   1   1
 2     1354      98%   on   on  256  6   1  8     1  1     0    0   1   1
 3     1330      96%   on   on  256  6   2  4     1  1     0    0   1   1
 4     1330      96%   on   on  256  6   2  8     1  1     0    0   1   1
 5     1329      96%   on   on  256  6   1 16     1  1     0    0   1   1
 6     1329      96%   on   on  256  6  16  4     1  1     0    0   1   1
 7     1329      96%   on   on  256  6  32  4     1  1     0    0   1   1
 8     1328      96%   on   on  256  5   1  4     1  1     0    0   1   1
 9     1328      96%   on   on  256  5   1  4     1  1     0    0   1   2
10     1328      96%   on   on  256  5   1  4     1  1     1    1   0   2
# live autotune leaderboard
[################################----] 653/738 ( 88.5%)
phase: benchmarking generated kernels
cuBLAS reference: 1382 TFLOPS
Top 10 of 653 measured combos at 4096x4096x4096, by TFLOPS:

 #   TFLOPS  %cuBLAS   WS 2CTA   BN NS GSM NW  PERS OV SPLIT L1NA TMA TMS
-------------------------------------------------------------------------
 1     1354      98%   on   on  256  6   1  4     1  1     0    0   1   1
 2     1354      98%   on   on  256  6   1  8     1  1     0    0   1   1
 3     1330      96%   on   on  256  6   2  4     1  1     0    0   1   1
 4     1330      96%   on   on  256  6   2  8     1  1     0    0   1   1
 5     1329      96%   on   on  256  6   1 16     1  1     0    0   1   1
 6     1329      96%   on   on  256  6  16  4     1  1     0    0   1   1
 7     1329      96%   on   on  256  6  32  4     1  1     0    0   1   1
 8     1328      96%   on   on  256  5   1  4     1  1     0    0   1   1
 9     1328      96%   on   on  256  5   1  4     1  1     0    0   1   2
10     1328      96%   on   on  256  5   1  4     1  1     1    1   0   2
# live autotune leaderboard
[###################################-] 718/738 ( 97.3%)
phase: benchmarking generated kernels
cuBLAS reference: 1382 TFLOPS
Top 10 of 718 measured combos at 4096x4096x4096, by TFLOPS:

 #   TFLOPS  %cuBLAS   WS 2CTA   BN NS GSM NW  PERS OV SPLIT L1NA TMA TMS
-------------------------------------------------------------------------
 1     1354      98%   on   on  256  6   1  4     1  1     0    0   1   1
 2     1354      98%   on   on  256  6   1  8     1  1     0    0   1   1
 3     1330      96%   on   on  256  6   2  4     1  1     0    0   1   1
 4     1330      96%   on   on  256  6   2  8     1  1     0    0   1   1
 5     1329      96%   on   on  256  6   1 16     1  1     0    0   1   1
 6     1329      96%   on   on  256  6  16  4     1  1     0    0   1   1
 7     1329      96%   on   on  256  6  32  4     1  1     0    0   1   1
 8     1329      96%   on   on  512  3   1  8     1  1     0    0   1   2
 9     1329      96%   on   on  512  3   1 16     1  1     0    0   1   2
10     1329      96%   on   on  512  3   2  4     1  1     0    0   1   2
# live autotune leaderboard
[####################################] 738/738 (100.0%)
phase: done
cuBLAS reference: 1382 TFLOPS
Top 10 of 738 measured combos at 4096x4096x4096, by TFLOPS:

 #   TFLOPS  %cuBLAS   WS 2CTA   BN NS GSM NW  PERS OV SPLIT L1NA TMA TMS
-------------------------------------------------------------------------
 1     1354      98%   on   on  256  6   1  4     1  1     0    0   1   1
 2     1354      98%   on   on  256  6   1  8     1  1     0    0   1   1
 3     1330      96%   on   on  256  6   2  4     1  1     0    0   1   1
 4     1330      96%   on   on  256  6   2  8     1  1     0    0   1   1
 5     1329      96%   on   on  256  6   1 16     1  1     0    0   1   1
 6     1329      96%   on   on  256  6  16  4     1  1     0    0   1   1
 7     1329      96%   on   on  256  6  32  4     1  1     0    0   1   1
 8     1329      96%   on   on  512  3   1  8     1  1     0    0   1   2
 9     1329      96%   on   on  512  3   1 16     1  1     0    0   1   2
10     1329      96%   on   on  512  3   2  4     1  1     0    0   1   2
# final autotune leaderboard
cuBLAS reference: 1382 TFLOPS
Top 10 of 738 measured combos at 4096x4096x4096, by TFLOPS:

 #   TFLOPS  %cuBLAS   WS 2CTA   BN NS GSM NW  PERS OV SPLIT L1NA TMA TMS
-------------------------------------------------------------------------
 1     1354      98%   on   on  256  6   1  4     1  1     0    0   1   1
 2     1354      98%   on   on  256  6   1  8     1  1     0    0   1   1
 3     1330      96%   on   on  256  6   2  4     1  1     0    0   1   1
 4     1330      96%   on   on  256  6   2  8     1  1     0    0   1   1
 5     1329      96%   on   on  256  6   1 16     1  1     0    0   1   1
 6     1329      96%   on   on  256  6  16  4     1  1     0    0   1   1
 7     1329      96%   on   on  256  6  32  4     1  1     0    0   1   1
 8     1329      96%   on   on  512  3   1  8     1  1     0    0   1   2
 9     1329      96%   on   on  512  3   1 16     1  1     0    0   1   2
10     1329      96%   on   on  512  3   2  4     1  1     0    0   1   2
# recorded top 10 results to results/4096x4096x4096.txt
