# autotune 9216x9216x9216  scope=production  (timing on the current GPU; this can take a while)
# do_bench override: warmup=500ms rep=500ms
# filters={'bn': [256, 512], 'ns': [3, 4, 5, 6, 7], 'two_cta': [1], 'tma_store_stages': [1, 2], 'single_tmem_policy': 'bn512-only'}
# live autotune startup
[????????????????????????????????????] 0 measured
cuBLAS reference: n/a
Top 0 of 0 measured combos at 9216x9216x9216, by TFLOPS:

 #   TFLOPS  %cuBLAS   WS 2CTA   BN NS GSM NW  PERS OV SPLIT L1NA TMA TMS
-------------------------------------------------------------------------
# live autotune startup
[###---------------------------------] 48/558 (  8.6%)
phase: compiled OK: 48/48
measured combos: 0/738
cuBLAS reference: 1422 TFLOPS
Top 0 of 0 measured combos at 9216x9216x9216, by TFLOPS:

 #   TFLOPS  %cuBLAS   WS 2CTA   BN NS GSM NW  PERS OV SPLIT L1NA TMA TMS
-------------------------------------------------------------------------
# live autotune leaderboard
[------------------------------------] 4/738 (  0.5%)
phase: benchmarking generated kernels
cuBLAS reference: 1422 TFLOPS
Top 4 of 4 measured combos at 9216x9216x9216, by TFLOPS:

 #   TFLOPS  %cuBLAS   WS 2CTA   BN NS GSM NW  PERS OV SPLIT L1NA TMA TMS
-------------------------------------------------------------------------
 1     1030      72%   on   on  256  3   1  4     0  0     0    1   0   2
 2     1024      72%   on   on  256  3   1  4     0  0     0    0   0   2
 3     1010      71%   on   on  256  3   1  4     1  0     0    0   0   2
 4      998      70%   on   on  256  3   1  4     1  0     0    1   0   2
# live autotune leaderboard
[###---------------------------------] 61/738 (  8.3%)
phase: benchmarking generated kernels
cuBLAS reference: 1422 TFLOPS
Top 10 of 61 measured combos at 9216x9216x9216, by TFLOPS:

 #   TFLOPS  %cuBLAS   WS 2CTA   BN NS GSM NW  PERS OV SPLIT L1NA TMA TMS
-------------------------------------------------------------------------
 1     1058      74%   on   on  256  3   4  4     0  0     0    0   0   2
 2     1046      74%   on   on  256  3   1  4     1  1     0    0   1   1
 3     1046      74%   on   on  256  3   1  4     1  1     0    0   1   2
 4     1046      74%   on   on  256  3   1  4     1  1     1    1   0   2
 5     1045      73%   on   on  256  3   1  4     1  1     0    0   0   2
 6     1041      73%   on   on  256  3   1  4     1  1     0    1   0   2
 7     1041      73%   on   on  256  3   1  4     1  1     1    0   0   2
 8     1038      73%   on   on  256  3   2  4     1  1     0    0   1   1
 9     1037      73%   on   on  256  3   2  8     1  1     0    1   0   2
10     1037      73%   on   on  256  3   2  4     1  1     0    0   1   2
# live autotune leaderboard
[######------------------------------] 119/738 ( 16.1%)
phase: benchmarking generated kernels
cuBLAS reference: 1422 TFLOPS
Top 10 of 119 measured combos at 9216x9216x9216, by TFLOPS:

 #   TFLOPS  %cuBLAS   WS 2CTA   BN NS GSM NW  PERS OV SPLIT L1NA TMA TMS
-------------------------------------------------------------------------
 1     1138      80%   on   on  256  3   8 16     1  1     0    0   1   2
 2     1137      80%   on   on  256  3   8  4     1  1     0    0   1   1
 3     1136      80%   on   on  256  3   8 16     1  1     0    0   1   1
 4     1136      80%   on   on  256  3   8  4     1  1     1    1   0   2
 5     1135      80%   on   on  256  3   8  8     1  1     0    0   0   2
 6     1135      80%   on   on  256  3   8  4     1  1     1    0   0   2
 7     1135      80%   on   on  256  3   8  8     1  1     0    0   1   2
 8     1135      80%   on   on  256  3   8  4     1  1     0    0   1   2
 9     1134      80%   on   on  256  3   8  8     1  1     0    1   0   2
10     1134      80%   on   on  256  3   8  4     1  1     0    1   0   2
# live autotune leaderboard
[#########---------------------------] 176/738 ( 23.8%)
phase: benchmarking generated kernels
cuBLAS reference: 1422 TFLOPS
Top 10 of 176 measured combos at 9216x9216x9216, by TFLOPS:

 #   TFLOPS  %cuBLAS   WS 2CTA   BN NS GSM NW  PERS OV SPLIT L1NA TMA TMS
-------------------------------------------------------------------------
 1     1138      80%   on   on  256  3   8 16     1  1     0    0   1   2
 2     1137      80%   on   on  256  3   8  4     1  1     0    0   1   1
 3     1136      80%   on   on  256  3   8 16     1  1     0    0   1   1
 4     1136      80%   on   on  256  3   8  4     1  1     1    1   0   2
 5     1135      80%   on   on  256  3   8  8     1  1     0    0   0   2
 6     1135      80%   on   on  256  3   8  4     1  1     1    0   0   2
 7     1135      80%   on   on  256  3   8  8     1  1     0    0   1   2
 8     1135      80%   on   on  256  3   8  4     1  1     0    0   1   2
 9     1134      80%   on   on  256  3   8  8     1  1     0    1   0   2
10     1134      80%   on   on  256  3   8  4     1  1     0    1   0   2
# live autotune leaderboard
[###########-------------------------] 234/738 ( 31.7%)
phase: benchmarking generated kernels
cuBLAS reference: 1422 TFLOPS
Top 10 of 234 measured combos at 9216x9216x9216, by TFLOPS:

 #   TFLOPS  %cuBLAS   WS 2CTA   BN NS GSM NW  PERS OV SPLIT L1NA TMA TMS
-------------------------------------------------------------------------
 1     1189      84%   on   on  256  4   1  4     1  1     0    0   1   2
 2     1188      84%   on   on  256  4   2  4     1  1     0    0   1   1
 3     1188      84%   on   on  256  4   2  8     1  1     0    0   1   1
 4     1187      83%   on   on  256  4   1  4     1  1     0    0   1   1
 5     1187      83%   on   on  256  4   1  8     1  1     0    0   1   2
 6     1187      83%   on   on  256  4   2  4     1  1     0    0   1   2
 7     1187      83%   on   on  256  4   1  4     1  1     0    1   0   2
 8     1186      83%   on   on  256  4   1 16     1  1     0    0   1   1
 9     1185      83%   on   on  256  4   2  8     1  1     0    0   1   2
10     1185      83%   on   on  256  4   1  8     1  1     0    0   1   1
# live autotune leaderboard
[##############----------------------] 292/738 ( 39.6%)
phase: benchmarking generated kernels
cuBLAS reference: 1422 TFLOPS
Top 10 of 292 measured combos at 9216x9216x9216, by TFLOPS:

 #   TFLOPS  %cuBLAS   WS 2CTA   BN NS GSM NW  PERS OV SPLIT L1NA TMA TMS
-------------------------------------------------------------------------
 1     1317      93%   on   on  256  4   8  4     1  1     0    0   1   2
 2     1313      92%   on   on  256  4   8  8     1  1     0    0   1   2
 3     1313      92%   on   on  256  4   8  8     1  1     0    0   1   1
 4     1312      92%   on   on  256  4   8  4     1  1     0    0   1   1
 5     1311      92%   on   on  256  4   8  4     1  1     1    1   0   2
 6     1311      92%   on   on  256  4   8  8     1  1     1    1   0   2
 7     1305      92%   on   on  256  4   8  4     1  1     1    0   0   2
 8     1304      92%   on   on  256  4   8  8     1  1     0    1   0   2
 9     1303      92%   on   on  256  4   8  8     1  1     1    0   0   2
10     1303      92%   on   on  256  4   8  4     1  1     0    1   0   2
# live autotune leaderboard
[#################-------------------] 350/738 ( 47.4%)
phase: benchmarking generated kernels
cuBLAS reference: 1422 TFLOPS
Top 10 of 350 measured combos at 9216x9216x9216, by TFLOPS:

 #   TFLOPS  %cuBLAS   WS 2CTA   BN NS GSM NW  PERS OV SPLIT L1NA TMA TMS
-------------------------------------------------------------------------
 1     1317      93%   on   on  256  4   8  4     1  1     0    0   1   2
 2     1316      93%   on   on  256  4   8 16     1  1     0    0   1   1
 3     1313      92%   on   on  256  4  16  8     1  1     0    0   1   1
 4     1313      92%   on   on  256  4   8 16     1  1     0    0   1   2
 5     1313      92%   on   on  256  4   8  8     1  1     0    0   1   2
 6     1313      92%   on   on  256  4   8  8     1  1     0    0   1   1
 7     1312      92%   on   on  256  4   8  4     1  1     0    0   1   1
 8     1311      92%   on   on  256  4   8  4     1  1     1    1   0   2
 9     1311      92%   on   on  256  4   8  8     1  1     1    1   0   2
10     1309      92%   on   on  256  4  16  4     1  1     0    0   1   2
# live autotune leaderboard
[####################----------------] 407/738 ( 55.1%)
phase: benchmarking generated kernels
cuBLAS reference: 1422 TFLOPS
Top 10 of 407 measured combos at 9216x9216x9216, by TFLOPS:

 #   TFLOPS  %cuBLAS   WS 2CTA   BN NS GSM NW  PERS OV SPLIT L1NA TMA TMS
-------------------------------------------------------------------------
 1     1317      93%   on   on  256  4   8  4     1  1     0    0   1   2
 2     1316      93%   on   on  256  4   8 16     1  1     0    0   1   1
 3     1313      92%   on   on  256  4  16  8     1  1     0    0   1   1
 4     1313      92%   on   on  256  4   8 16     1  1     0    0   1   2
 5     1313      92%   on   on  256  4   8  8     1  1     0    0   1   2
 6     1313      92%   on   on  256  4   8  8     1  1     0    0   1   1
 7     1312      92%   on   on  256  4   8  4     1  1     0    0   1   1
 8     1311      92%   on   on  256  4   8  4     1  1     1    1   0   2
 9     1311      92%   on   on  256  4   8  8     1  1     1    1   0   2
10     1309      92%   on   on  256  4  16  4     1  1     0    0   1   2
# live autotune leaderboard
[#######################-------------] 464/738 ( 62.9%)
phase: benchmarking generated kernels
cuBLAS reference: 1422 TFLOPS
Top 10 of 464 measured combos at 9216x9216x9216, by TFLOPS:

 #   TFLOPS  %cuBLAS   WS 2CTA   BN NS GSM NW  PERS OV SPLIT L1NA TMA TMS
-------------------------------------------------------------------------
 1     1376      97%   on   on  256  5   8 16     1  1     0    0   1   2
 2     1376      97%   on   on  256  5   8  8     1  1     0    0   1   1
 3     1371      96%   on   on  256  5   8  4     1  1     0    0   1   2
 4     1358      95%   on   on  256  5   8  8     1  1     1    1   0   2
 5     1355      95%   on   on  256  5   8 16     1  1     1    1   0   2
 6     1348      95%   on   on  256  5   8  4     1  1     0    0   1   1
 7     1348      95%   on   on  256  5   8 16     1  1     0    0   1   1
 8     1347      95%   on   on  256  5   8  8     1  1     0    0   1   2
 9     1345      95%   on   on  256  5  16  4     1  1     0    0   1   1
10     1341      94%   on   on  256  5  16  4     1  1     0    0   1   2
# live autotune leaderboard
[#########################-----------] 520/738 ( 70.5%)
phase: benchmarking generated kernels
cuBLAS reference: 1422 TFLOPS
Top 10 of 520 measured combos at 9216x9216x9216, by TFLOPS:

 #   TFLOPS  %cuBLAS   WS 2CTA   BN NS GSM NW  PERS OV SPLIT L1NA TMA TMS
-------------------------------------------------------------------------
 1     1376      97%   on   on  256  5   8 16     1  1     0    0   1   2
 2     1376      97%   on   on  256  5   8  8     1  1     0    0   1   1
 3     1371      96%   on   on  256  5   8  4     1  1     0    0   1   2
 4     1358      95%   on   on  256  5   8  8     1  1     1    1   0   2
 5     1355      95%   on   on  256  5   8 16     1  1     1    1   0   2
 6     1348      95%   on   on  256  5   8  4     1  1     0    0   1   1
 7     1348      95%   on   on  256  5   8 16     1  1     0    0   1   1
 8     1347      95%   on   on  256  5   8  8     1  1     0    0   1   2
 9     1345      95%   on   on  256  5  16  4     1  1     0    0   1   1
10     1341      94%   on   on  256  5  16  4     1  1     0    0   1   2
# live autotune leaderboard
[############################--------] 577/738 ( 78.2%)
phase: benchmarking generated kernels
cuBLAS reference: 1422 TFLOPS
Top 10 of 577 measured combos at 9216x9216x9216, by TFLOPS:

 #   TFLOPS  %cuBLAS   WS 2CTA   BN NS GSM NW  PERS OV SPLIT L1NA TMA TMS
-------------------------------------------------------------------------
 1     1376      97%   on   on  256  5   8 16     1  1     0    0   1   2
 2     1376      97%   on   on  256  5   8  8     1  1     0    0   1   1
 3     1371      96%   on   on  256  5   8  4     1  1     0    0   1   2
 4     1358      95%   on   on  256  5   8  8     1  1     1    1   0   2
 5     1355      95%   on   on  256  5   8 16     1  1     1    1   0   2
 6     1353      95%   on   on  256  6   8  8     1  1     0    0   1   1
 7     1349      95%   on   on  256  6   8 16     1  1     0    0   1   1
 8     1349      95%   on   on  256  6   8  4     1  1     0    0   1   1
 9     1348      95%   on   on  256  5   8  4     1  1     0    0   1   1
10     1348      95%   on   on  256  5   8 16     1  1     0    0   1   1
# live autotune leaderboard
[###############################-----] 634/738 ( 85.9%)
phase: benchmarking generated kernels
cuBLAS reference: 1422 TFLOPS
Top 10 of 634 measured combos at 9216x9216x9216, by TFLOPS:

 #   TFLOPS  %cuBLAS   WS 2CTA   BN NS GSM NW  PERS OV SPLIT L1NA TMA TMS
-------------------------------------------------------------------------
 1     1376      97%   on   on  256  5   8 16     1  1     0    0   1   2
 2     1376      97%   on   on  256  5   8  8     1  1     0    0   1   1
 3     1371      96%   on   on  256  5   8  4     1  1     0    0   1   2
 4     1358      95%   on   on  256  5   8  8     1  1     1    1   0   2
 5     1355      95%   on   on  256  5   8 16     1  1     1    1   0   2
 6     1353      95%   on   on  256  6   8  8     1  1     0    0   1   1
 7     1351      95%   on   on  256  6  16 16     1  1     0    0   1   1
 8     1349      95%   on   on  256  6   8 16     1  1     0    0   1   1
 9     1349      95%   on   on  256  6   8  4     1  1     0    0   1   1
10     1348      95%   on   on  256  5   8  4     1  1     0    0   1   1
# live autotune leaderboard
[##################################--] 691/738 ( 93.6%)
phase: benchmarking generated kernels
cuBLAS reference: 1422 TFLOPS
Top 10 of 691 measured combos at 9216x9216x9216, by TFLOPS:

 #   TFLOPS  %cuBLAS   WS 2CTA   BN NS GSM NW  PERS OV SPLIT L1NA TMA TMS
-------------------------------------------------------------------------
 1     1404      99%   on   on  512  3   8 16     1  1     0    0   1   2
 2     1397      98%   on   on  512  3   8  4     1  1     0    0   1   1
 3     1391      98%   on   on  512  3  16  4     1  1     0    0   1   1
 4     1390      98%   on   on  512  3   8  8     1  1     0    0   1   2
 5     1386      97%   on   on  512  3   8  4     1  1     0    0   1   2
 6     1383      97%   on   on  512  3   8  8     1  1     0    0   1   1
 7     1379      97%   on   on  512  3   4  4     1  1     0    0   1   2
 8     1379      97%   on   on  512  3   1  8     1  1     0    0   1   2
 9     1377      97%   on   on  512  3   1 16     1  1     0    0   1   2
10     1377      97%   on   on  512  3   2  8     1  1     0    0   1   2
# live autotune leaderboard
[####################################] 738/738 (100.0%)
phase: done
cuBLAS reference: 1422 TFLOPS
Top 10 of 738 measured combos at 9216x9216x9216, by TFLOPS:

 #   TFLOPS  %cuBLAS   WS 2CTA   BN NS GSM NW  PERS OV SPLIT L1NA TMA TMS
-------------------------------------------------------------------------
 1     1426     100%   on   on  512  4  16  4     1  1     0    0   1   2
 2     1425     100%   on   on  512  4  16 16     1  1     0    0   1   2
 3     1418     100%   on   on  512  3  16  4     1  1     0    0   1   2
 4     1417     100%   on   on  512  3  16 16     1  1     0    0   1   1
 5     1409      99%   on   on  512  4  16  8     1  1     0    0   1   2
 6     1408      99%   on   on  512  3  16  8     1  1     0    0   1   2
 7     1406      99%   on   on  512  3  16 16     1  1     0    0   1   2
 8     1404      99%   on   on  512  3   8 16     1  1     0    0   1   2
 9     1399      98%   on   on  512  4  16  4     1  1     0    0   1   1
10     1398      98%   on   on  512  4  16  8     1  1     0    0   1   1
# final autotune leaderboard
cuBLAS reference: 1422 TFLOPS
Top 10 of 738 measured combos at 9216x9216x9216, by TFLOPS:

 #   TFLOPS  %cuBLAS   WS 2CTA   BN NS GSM NW  PERS OV SPLIT L1NA TMA TMS
-------------------------------------------------------------------------
 1     1426     100%   on   on  512  4  16  4     1  1     0    0   1   2
 2     1425     100%   on   on  512  4  16 16     1  1     0    0   1   2
 3     1418     100%   on   on  512  3  16  4     1  1     0    0   1   2
 4     1417     100%   on   on  512  3  16 16     1  1     0    0   1   1
 5     1409      99%   on   on  512  4  16  8     1  1     0    0   1   2
 6     1408      99%   on   on  512  3  16  8     1  1     0    0   1   2
 7     1406      99%   on   on  512  3  16 16     1  1     0    0   1   2
 8     1404      99%   on   on  512  3   8 16     1  1     0    0   1   2
 9     1398      98%   on   on  512  4  16  4     1  1     0    0   1   1
10     1398      98%   on   on  512  4  16  8     1  1     0    0   1   1
# recorded top 10 results to results/9216x9216x9216.txt
