# autotune 5120x5120x5120  scope=production  (timing on the current GPU; this can take a while)
# do_bench override: warmup=500ms rep=500ms
# filters={'bn': [256, 512], 'ns': [3, 4, 5, 6, 7], 'two_cta': [1], 'tma_store_stages': [1, 2], 'single_tmem_policy': 'bn512-only'}
# live autotune startup
[????????????????????????????????????] 0 measured
cuBLAS reference: n/a
Top 0 of 0 measured combos at 5120x5120x5120, by TFLOPS:

 #   TFLOPS  %cuBLAS   WS 2CTA   BN NS GSM NW  PERS OV SPLIT L1NA TMA TMS
-------------------------------------------------------------------------
# live autotune startup
[###---------------------------------] 40/558 (  7.2%)
phase: compiled OK: 40/40
measured combos: 0/738
cuBLAS reference: 1432 TFLOPS
Top 0 of 0 measured combos at 5120x5120x5120, by TFLOPS:

 #   TFLOPS  %cuBLAS   WS 2CTA   BN NS GSM NW  PERS OV SPLIT L1NA TMA TMS
-------------------------------------------------------------------------
# live autotune startup
[------------------------------------] 0/738 (  0.0%)
phase: benchmarking generated kernels
cuBLAS reference: 1432 TFLOPS
Top 0 of 0 measured combos at 5120x5120x5120, by TFLOPS:

 #   TFLOPS  %cuBLAS   WS 2CTA   BN NS GSM NW  PERS OV SPLIT L1NA TMA TMS
-------------------------------------------------------------------------
# live autotune leaderboard
[###---------------------------------] 62/738 (  8.4%)
phase: benchmarking generated kernels
cuBLAS reference: 1432 TFLOPS
Top 10 of 62 measured combos at 5120x5120x5120, by TFLOPS:

 #   TFLOPS  %cuBLAS   WS 2CTA   BN NS GSM NW  PERS OV SPLIT L1NA TMA TMS
-------------------------------------------------------------------------
 1     1061      74%   on   on  256  3   2  4     1  1     0    1   0   2
 2     1061      74%   on   on  256  3   1  4     1  1     0    1   0   2
 3     1061      74%   on   on  256  3   2  4     1  1     1    1   0   2
 4     1061      74%   on   on  256  3   1  4     1  1     1    1   0   2
 5     1061      74%   on   on  256  3   2  8     1  1     0    1   0   2
 6     1061      74%   on   on  256  3   1  8     1  1     0    1   0   2
 7     1057      74%   on   on  256  3   2  8     1  1     1    1   0   2
 8     1053      74%   on   on  256  3   1  8     1  1     1    1   0   2
 9     1053      74%   on   on  256  3   2 16     1  1     0    1   0   2
10     1053      73%   on   on  256  3   1  4     1  1     0    0   1   2
# live autotune leaderboard
[######------------------------------] 124/738 ( 16.8%)
phase: benchmarking generated kernels
cuBLAS reference: 1432 TFLOPS
Top 10 of 124 measured combos at 5120x5120x5120, by TFLOPS:

 #   TFLOPS  %cuBLAS   WS 2CTA   BN NS GSM NW  PERS OV SPLIT L1NA TMA TMS
-------------------------------------------------------------------------
 1     1070      75%   on   on  256  3   8  4     1  1     1    1   0   2
 2     1070      75%   on   on  256  3   8  4     1  1     0    0   1   2
 3     1070      75%   on   on  256  3   8  4     1  1     0    1   0   2
 4     1070      75%   on   on  256  3   8  8     1  1     0    0   1   2
 5     1070      75%   on   on  256  3   8  8     1  1     1    1   0   2
 6     1070      75%   on   on  256  3   8  4     1  1     0    0   1   1
 7     1070      75%   on   on  256  3   8  8     1  1     0    0   1   1
 8     1070      75%   on   on  256  3   8  8     1  1     0    1   0   2
 9     1070      75%   on   on  256  3   8 16     1  1     0    1   0   2
10     1070      75%   on   on  256  3   8 16     1  1     0    0   1   2
# live autotune leaderboard
[#########---------------------------] 186/738 ( 25.2%)
phase: benchmarking generated kernels
cuBLAS reference: 1432 TFLOPS
Top 10 of 186 measured combos at 5120x5120x5120, by TFLOPS:

 #   TFLOPS  %cuBLAS   WS 2CTA   BN NS GSM NW  PERS OV SPLIT L1NA TMA TMS
-------------------------------------------------------------------------
 1     1231      86%   on   on  256  4   1  4     1  1     0    0   1   1
 2     1208      84%   on   on  256  4   1  4     1  1     0    0   0   2
 3     1155      81%   on   on  256  4   1  4     1  0     0    1   0   2
 4     1155      81%   on   on  256  4   1  4     0  0     0    0   0   2
 5     1145      80%   on   on  256  4   1  4     0  0     0    1   0   2
 6     1145      80%   on   on  256  4   1  4     1  0     0    0   0   2
 7     1079      75%   on   on  256  3  16 16     1  1     1    1   0   2
 8     1078      75%   on   on  256  3  16 16     1  1     0    1   0   2
 9     1078      75%   on   on  256  3  16  4     1  1     1    1   0   2
10     1074      75%   on   on  256  3  16 16     1  1     0    0   1   2
# live autotune leaderboard
[############------------------------] 248/738 ( 33.6%)
phase: benchmarking generated kernels
cuBLAS reference: 1432 TFLOPS
Top 10 of 248 measured combos at 5120x5120x5120, by TFLOPS:

 #   TFLOPS  %cuBLAS   WS 2CTA   BN NS GSM NW  PERS OV SPLIT L1NA TMA TMS
-------------------------------------------------------------------------
 1     1242      87%   on   on  256  4   4  4     1  1     0    0   1   1
 2     1242      87%   on   on  256  4   2  4     1  1     1    1   0   2
 3     1242      87%   on   on  256  4   4  4     1  1     0    0   1   2
 4     1242      87%   on   on  256  4   2  8     1  1     1    1   0   2
 5     1242      87%   on   on  256  4   1  4     1  1     1    1   0   2
 6     1242      87%   on   on  256  4   1  8     1  1     1    1   0   2
 7     1241      87%   on   on  256  4   1  4     1  1     0    0   1   2
 8     1236      86%   on   on  256  4   2  4     1  1     0    1   0   2
 9     1232      86%   on   on  256  4   1 16     1  1     1    1   0   2
10     1231      86%   on   on  256  4   2  4     1  1     0    0   1   1
# live autotune leaderboard
[###############---------------------] 310/738 ( 42.0%)
phase: benchmarking generated kernels
cuBLAS reference: 1432 TFLOPS
Top 10 of 310 measured combos at 5120x5120x5120, by TFLOPS:

 #   TFLOPS  %cuBLAS   WS 2CTA   BN NS GSM NW  PERS OV SPLIT L1NA TMA TMS
-------------------------------------------------------------------------
 1     1267      88%   on   on  256  4   8  4     1  1     0    0   1   1
 2     1267      88%   on   on  256  4   8  8     1  1     0    0   1   2
 3     1267      88%   on   on  256  4   8  4     1  1     0    0   1   2
 4     1267      88%   on   on  256  4  16  4     1  1     0    0   1   1
 5     1267      88%   on   on  256  4  16  4     1  1     1    1   0   2
 6     1266      88%   on   on  256  4   8  4     1  1     1    1   0   2
 7     1266      88%   on   on  256  4   8  8     1  1     0    0   1   1
 8     1266      88%   on   on  256  4   8  8     1  1     1    1   0   2
 9     1266      88%   on   on  256  4  16  4     1  1     0    0   1   2
10     1266      88%   on   on  256  4   8 16     1  1     0    0   1   2
# live autotune leaderboard
[##################------------------] 372/738 ( 50.4%)
phase: benchmarking generated kernels
cuBLAS reference: 1432 TFLOPS
Top 10 of 372 measured combos at 5120x5120x5120, by TFLOPS:

 #   TFLOPS  %cuBLAS   WS 2CTA   BN NS GSM NW  PERS OV SPLIT L1NA TMA TMS
-------------------------------------------------------------------------
 1     1331      93%   on   on  256  5   1  4     1  1     0    0   1   1
 2     1331      93%   on   on  256  5   1  4     1  1     0    0   1   2
 3     1331      93%   on   on  256  5   1  4     1  1     1    1   0   2
 4     1280      89%   on   on  256  5   1  4     1  1     1    0   0   2
 5     1267      88%   on   on  256  4   8  4     1  1     0    0   1   1
 6     1267      88%   on   on  256  4   8  8     1  1     0    0   1   2
 7     1267      88%   on   on  256  4  16  8     1  1     0    0   1   1
 8     1267      88%   on   on  256  4   8  4     1  1     0    0   1   2
 9     1267      88%   on   on  256  4  16  4     1  1     0    0   1   1
10     1267      88%   on   on  256  4  16  4     1  1     1    1   0   2
# live autotune leaderboard
[#####################---------------] 435/738 ( 58.9%)
phase: benchmarking generated kernels
cuBLAS reference: 1432 TFLOPS
Top 10 of 435 measured combos at 5120x5120x5120, by TFLOPS:

 #   TFLOPS  %cuBLAS   WS 2CTA   BN NS GSM NW  PERS OV SPLIT L1NA TMA TMS
-------------------------------------------------------------------------
 1     1337      93%   on   on  256  5   1  8     1  1     0    0   1   1
 2     1331      93%   on   on  256  5   1  4     1  1     0    0   1   1
 3     1331      93%   on   on  256  5   2  8     1  1     0    0   1   1
 4     1331      93%   on   on  256  5   1  4     1  1     0    0   1   2
 5     1331      93%   on   on  256  5   1  4     1  1     1    1   0   2
 6     1331      93%   on   on  256  5   2  4     1  1     0    0   1   1
 7     1331      93%   on   on  256  5   2  4     1  1     0    0   1   2
 8     1331      93%   on   on  256  5   2  4     1  1     1    1   0   2
 9     1331      93%   on   on  256  5   2 16     1  1     0    0   1   1
10     1331      93%   on   on  256  5   4  4     1  1     0    0   1   2
# live autotune leaderboard
[########################------------] 497/738 ( 67.3%)
phase: benchmarking generated kernels
cuBLAS reference: 1432 TFLOPS
Top 10 of 497 measured combos at 5120x5120x5120, by TFLOPS:

 #   TFLOPS  %cuBLAS   WS 2CTA   BN NS GSM NW  PERS OV SPLIT L1NA TMA TMS
-------------------------------------------------------------------------
 1     1358      95%   on   on  256  5   8  8     1  1     0    0   1   1
 2     1358      95%   on   on  256  5   8  8     1  1     0    0   1   2
 3     1358      95%   on   on  256  5   8  4     1  1     1    1   0   2
 4     1358      95%   on   on  256  5   8  4     1  1     0    0   1   1
 5     1358      95%   on   on  256  5   8 16     1  1     0    0   1   1
 6     1358      95%   on   on  256  5  16  4     1  1     0    0   1   2
 7     1358      95%   on   on  256  5  16  8     1  1     0    0   1   1
 8     1357      95%   on   on  256  5  16  4     1  1     0    0   1   1
 9     1357      95%   on   on  256  5   8  8     1  1     1    1   0   2
10     1357      95%   on   on  256  5   8  4     1  1     0    0   1   2
# live autotune leaderboard
[###########################---------] 559/738 ( 75.7%)
phase: benchmarking generated kernels
cuBLAS reference: 1432 TFLOPS
Top 10 of 559 measured combos at 5120x5120x5120, by TFLOPS:

 #   TFLOPS  %cuBLAS   WS 2CTA   BN NS GSM NW  PERS OV SPLIT L1NA TMA TMS
-------------------------------------------------------------------------
 1     1358      95%   on   on  256  5   8  8     1  1     0    0   1   1
 2     1358      95%   on   on  256  5   8  8     1  1     0    0   1   2
 3     1358      95%   on   on  256  6   8  4     1  1     0    0   1   1
 4     1358      95%   on   on  256  5   8  4     1  1     1    1   0   2
 5     1358      95%   on   on  256  6   8  8     1  1     0    0   1   1
 6     1358      95%   on   on  256  5   8  4     1  1     0    0   1   1
 7     1358      95%   on   on  256  5   8 16     1  1     0    0   1   1
 8     1358      95%   on   on  256  5  16  4     1  1     0    0   1   2
 9     1358      95%   on   on  256  5  16  8     1  1     0    0   1   1
10     1357      95%   on   on  256  5  16  4     1  1     0    0   1   1
# live autotune leaderboard
[##############################------] 621/738 ( 84.1%)
phase: benchmarking generated kernels
cuBLAS reference: 1432 TFLOPS
Top 10 of 621 measured combos at 5120x5120x5120, by TFLOPS:

 #   TFLOPS  %cuBLAS   WS 2CTA   BN NS GSM NW  PERS OV SPLIT L1NA TMA TMS
-------------------------------------------------------------------------
 1     1358      95%   on   on  256  6  16  4     1  1     0    0   1   1
 2     1358      95%   on   on  256  5   8  8     1  1     0    0   1   1
 3     1358      95%   on   on  256  5   8  8     1  1     0    0   1   2
 4     1358      95%   on   on  256  6   8  4     1  1     0    0   1   1
 5     1358      95%   on   on  256  5   8  4     1  1     1    1   0   2
 6     1358      95%   on   on  256  6   8  8     1  1     0    0   1   1
 7     1358      95%   on   on  256  6  16  8     1  1     0    0   1   1
 8     1358      95%   on   on  256  5   8  4     1  1     0    0   1   1
 9     1358      95%   on   on  256  5   8 16     1  1     0    0   1   1
10     1358      95%   on   on  256  5  16  4     1  1     0    0   1   2
# live autotune leaderboard
[#################################---] 683/738 ( 92.5%)
phase: benchmarking generated kernels
cuBLAS reference: 1432 TFLOPS
Top 10 of 683 measured combos at 5120x5120x5120, by TFLOPS:

 #   TFLOPS  %cuBLAS   WS 2CTA   BN NS GSM NW  PERS OV SPLIT L1NA TMA TMS
-------------------------------------------------------------------------
 1     1372      96%   on   on  512  3   1  4     1  1     0    0   1   2
 2     1372      96%   on   on  512  3   2  4     1  1     0    0   1   2
 3     1372      96%   on   on  512  3   2  8     1  1     0    0   1   2
 4     1372      96%   on   on  512  3   1  8     1  1     0    0   1   2
 5     1372      96%   on   on  512  3   2 16     1  1     0    0   1   2
 6     1372      96%   on   on  512  3   4  4     1  1     0    0   1   2
 7     1372      96%   on   on  512  3   4  8     1  1     0    0   1   2
 8     1372      96%   on   on  512  3   1 16     1  1     0    0   1   2
 9     1358      95%   on   on  256  6  16  4     1  1     0    0   1   1
10     1358      95%   on   on  256  5   8  8     1  1     0    0   1   1
# live autotune leaderboard
[####################################] 738/738 (100.0%)
phase: done
cuBLAS reference: 1432 TFLOPS
Top 10 of 738 measured combos at 5120x5120x5120, by TFLOPS:

 #   TFLOPS  %cuBLAS   WS 2CTA   BN NS GSM NW  PERS OV SPLIT L1NA TMA TMS
-------------------------------------------------------------------------
 1     1373      96%   on   on  512  4   1  4     1  1     0    0   1   2
 2     1372      96%   on   on  512  3  32  4     1  1     0    0   1   2
 3     1372      96%   on   on  512  4   4  8     1  1     0    0   1   2
 4     1372      96%   on   on  512  3   1  4     1  1     0    0   1   2
 5     1372      96%   on   on  512  3   2  4     1  1     0    0   1   2
 6     1372      96%   on   on  512  3   2  8     1  1     0    0   1   2
 7     1372      96%   on   on  512  3  16  4     1  1     0    0   1   2
 8     1372      96%   on   on  512  3  16  8     1  1     0    0   1   2
 9     1372      96%   on   on  512  3  32  8     1  1     0    0   1   2
10     1372      96%   on   on  512  4   1  8     1  1     0    0   1   2
# final autotune leaderboard
cuBLAS reference: 1432 TFLOPS
Top 10 of 738 measured combos at 5120x5120x5120, by TFLOPS:

 #   TFLOPS  %cuBLAS   WS 2CTA   BN NS GSM NW  PERS OV SPLIT L1NA TMA TMS
-------------------------------------------------------------------------
 1     1373      96%   on   on  512  4   1  4     1  1     0    0   1   2
 2     1372      96%   on   on  512  3  32  4     1  1     0    0   1   2
 3     1372      96%   on   on  512  4   4  8     1  1     0    0   1   2
 4     1372      96%   on   on  512  3   1  4     1  1     0    0   1   2
 5     1372      96%   on   on  512  3   2  4     1  1     0    0   1   2
 6     1372      96%   on   on  512  3   2  8     1  1     0    0   1   2
 7     1372      96%   on   on  512  3  16  4     1  1     0    0   1   2
 8     1372      96%   on   on  512  3  16  8     1  1     0    0   1   2
 9     1372      96%   on   on  512  3  32  8     1  1     0    0   1   2
10     1372      96%   on   on  512  4   1  8     1  1     0    0   1   2
# recorded top 10 results to results/5120x5120x5120.txt
