# autotune 32768x9216x768  scope=production  (timing on the current GPU; this can take a while)
# do_bench override: warmup=500ms rep=500ms
# filters={'bn': [256, 512], 'ns': [3, 4, 5, 6, 7], 'two_cta': [1], 'tma_store_stages': [1, 2], 'single_tmem_policy': 'bn512-only'}
# live autotune startup
[????????????????????????????????????] 0 measured
cuBLAS reference: n/a
Top 0 of 0 measured combos at 32768x9216x768, by TFLOPS:

 #   TFLOPS  %cuBLAS   WS 2CTA   BN NS GSM NW  PERS OV SPLIT L1NA TMA TMS
-------------------------------------------------------------------------
# live autotune startup
[###################-----------------] 296/558 ( 53.0%)
phase: compiled OK: 296/296
measured combos: 0/738
cuBLAS reference: 1428 TFLOPS
Top 0 of 0 measured combos at 32768x9216x768, by TFLOPS:

 #   TFLOPS  %cuBLAS   WS 2CTA   BN NS GSM NW  PERS OV SPLIT L1NA TMA TMS
-------------------------------------------------------------------------
# live autotune leaderboard
[#-----------------------------------] 28/738 (  3.8%)
phase: benchmarking generated kernels
cuBLAS reference: 1428 TFLOPS
Top 10 of 28 measured combos at 32768x9216x768, by TFLOPS:

 #   TFLOPS  %cuBLAS   WS 2CTA   BN NS GSM NW  PERS OV SPLIT L1NA TMA TMS
-------------------------------------------------------------------------
 1     1221      86%   on   on  256  3   1  4     1  1     1    1   0   2
 2     1215      85%   on   on  256  3   1  8     1  1     1    1   0   2
 3     1214      85%   on   on  256  3   1  4     1  1     0    1   0   2
 4     1202      84%   on   on  256  3   1  8     1  1     0    1   0   2
 5     1189      83%   on   on  256  3   1 16     1  1     0    1   0   2
 6     1177      82%   on   on  256  3   1  4     1  1     0    0   1   1
 7     1164      82%   on   on  256  3   1  8     1  1     0    0   1   1
 8     1164      81%   on   on  256  3   1 16     1  1     0    0   1   1
 9     1135      79%   on   on  256  3   1  4     1  1     0    0   1   2
10     1130      79%   on   on  256  3   1  4     1  1     1    0   0   2
# live autotune leaderboard
[####--------------------------------] 89/738 ( 12.1%)
phase: benchmarking generated kernels
cuBLAS reference: 1428 TFLOPS
Top 10 of 89 measured combos at 32768x9216x768, by TFLOPS:

 #   TFLOPS  %cuBLAS   WS 2CTA   BN NS GSM NW  PERS OV SPLIT L1NA TMA TMS
-------------------------------------------------------------------------
 1     1221      86%   on   on  256  3   1  4     1  1     1    1   0   2
 2     1215      85%   on   on  256  3   1  8     1  1     1    1   0   2
 3     1214      85%   on   on  256  3   1  4     1  1     0    1   0   2
 4     1202      84%   on   on  256  3   1  8     1  1     0    1   0   2
 5     1196      84%   on   on  256  3   4  4     1  1     0    1   0   2
 6     1189      83%   on   on  256  3   4  4     1  1     1    1   0   2
 7     1189      83%   on   on  256  3   1 16     1  1     0    1   0   2
 8     1189      83%   on   on  256  3   2  4     1  1     0    1   0   2
 9     1183      83%   on   on  256  3   4  8     1  1     1    1   0   2
10     1177      82%   on   on  256  3   2  4     1  1     1    1   0   2
# live autotune leaderboard
[#######-----------------------------] 150/738 ( 20.3%)
phase: benchmarking generated kernels
cuBLAS reference: 1428 TFLOPS
Top 10 of 150 measured combos at 32768x9216x768, by TFLOPS:

 #   TFLOPS  %cuBLAS   WS 2CTA   BN NS GSM NW  PERS OV SPLIT L1NA TMA TMS
-------------------------------------------------------------------------
 1     1221      86%   on   on  256  3   1  4     1  1     1    1   0   2
 2     1215      85%   on   on  256  3   1  8     1  1     1    1   0   2
 3     1214      85%   on   on  256  3   1  4     1  1     0    1   0   2
 4     1202      84%   on   on  256  3   1  8     1  1     0    1   0   2
 5     1196      84%   on   on  256  3   4  4     1  1     0    1   0   2
 6     1189      83%   on   on  256  3   4  4     1  1     1    1   0   2
 7     1189      83%   on   on  256  3   8  4     1  1     1    1   0   2
 8     1189      83%   on   on  256  3   1 16     1  1     0    1   0   2
 9     1189      83%   on   on  256  3   2  4     1  1     0    1   0   2
10     1189      83%   on   on  256  3   8  8     1  1     1    1   0   2
# live autotune leaderboard
[##########--------------------------] 210/738 ( 28.5%)
phase: benchmarking generated kernels
cuBLAS reference: 1428 TFLOPS
Top 10 of 210 measured combos at 32768x9216x768, by TFLOPS:

 #   TFLOPS  %cuBLAS   WS 2CTA   BN NS GSM NW  PERS OV SPLIT L1NA TMA TMS
-------------------------------------------------------------------------
 1     1328      93%   on   on  256  4   1  8     1  1     1    1   0   2
 2     1305      91%   on   on  256  4   1  8     1  1     0    0   1   1
 3     1305      91%   on   on  256  4   1  4     1  1     1    1   0   2
 4     1305      91%   on   on  256  4   1 16     1  1     0    0   1   1
 5     1300      91%   on   on  256  4   1  4     1  1     0    0   1   1
 6     1287      90%   on   on  256  4   1 16     1  1     1    1   0   2
 7     1276      89%   on   on  256  4   1 16     1  1     0    0   1   2
 8     1269      89%   on   on  256  4   1  8     1  1     0    1   0   2
 9     1269      89%   on   on  256  4   1  4     1  1     0    0   1   2
10     1269      89%   on   on  256  4   1  8     1  1     0    0   1   2
# live autotune leaderboard
[#############-----------------------] 272/738 ( 36.9%)
phase: benchmarking generated kernels
cuBLAS reference: 1428 TFLOPS
Top 10 of 272 measured combos at 32768x9216x768, by TFLOPS:

 #   TFLOPS  %cuBLAS   WS 2CTA   BN NS GSM NW  PERS OV SPLIT L1NA TMA TMS
-------------------------------------------------------------------------
 1     1336      94%   on   on  256  4   4  4     1  1     0    0   1   1
 2     1328      93%   on   on  256  4   1  8     1  1     1    1   0   2
 3     1305      91%   on   on  256  4   1  8     1  1     0    0   1   1
 4     1305      91%   on   on  256  4   1  4     1  1     1    1   0   2
 5     1305      91%   on   on  256  4   1 16     1  1     0    0   1   1
 6     1305      91%   on   on  256  4   4 16     1  1     0    0   1   1
 7     1300      91%   on   on  256  4   1  4     1  1     0    0   1   1
 8     1298      91%   on   on  256  4   4  8     1  1     0    0   1   1
 9     1291      90%   on   on  256  4   4  8     1  1     0    0   1   2
10     1287      90%   on   on  256  4   1 16     1  1     1    1   0   2
# live autotune leaderboard
[################--------------------] 333/738 ( 45.1%)
phase: benchmarking generated kernels
cuBLAS reference: 1428 TFLOPS
Top 10 of 333 measured combos at 32768x9216x768, by TFLOPS:

 #   TFLOPS  %cuBLAS   WS 2CTA   BN NS GSM NW  PERS OV SPLIT L1NA TMA TMS
-------------------------------------------------------------------------
 1     1336      94%   on   on  256  4   4  4     1  1     0    0   1   1
 2     1328      93%   on   on  256  4   1  8     1  1     1    1   0   2
 3     1313      92%   on   on  256  4   8  8     1  1     0    0   1   1
 4     1310      92%   on   on  256  4   8  4     1  1     0    0   1   1
 5     1305      91%   on   on  256  4   1  8     1  1     0    0   1   1
 6     1305      91%   on   on  256  4   8 16     1  1     0    0   1   1
 7     1305      91%   on   on  256  4   1  4     1  1     1    1   0   2
 8     1305      91%   on   on  256  4   1 16     1  1     0    0   1   1
 9     1305      91%   on   on  256  4   4 16     1  1     0    0   1   1
10     1300      91%   on   on  256  4   1  4     1  1     0    0   1   1
# live autotune leaderboard
[###################-----------------] 393/738 ( 53.3%)
phase: benchmarking generated kernels
cuBLAS reference: 1428 TFLOPS
Top 10 of 393 measured combos at 32768x9216x768, by TFLOPS:

 #   TFLOPS  %cuBLAS   WS 2CTA   BN NS GSM NW  PERS OV SPLIT L1NA TMA TMS
-------------------------------------------------------------------------
 1     1411      99%   on   on  256  5   1  4     1  1     0    0   1   1
 2     1411      99%   on   on  256  5   1  8     1  1     0    0   1   1
 3     1394      98%   on   on  256  5   1 16     1  1     0    0   1   1
 4     1385      97%   on   on  256  5   2  4     1  1     0    0   1   1
 5     1336      94%   on   on  256  5   1  4     1  1     0    0   1   2
 6     1336      94%   on   on  256  5   1 16     1  1     0    0   1   2
 7     1336      94%   on   on  256  4   4  4     1  1     0    0   1   1
 8     1328      93%   on   on  256  5   1  4     1  1     1    1   0   2
 9     1328      93%   on   on  256  4   1  8     1  1     1    1   0   2
10     1328      93%   on   on  256  4  32  4     1  1     0    0   1   1
# live autotune leaderboard
[######################--------------] 454/738 ( 61.5%)
phase: benchmarking generated kernels
cuBLAS reference: 1428 TFLOPS
Top 10 of 454 measured combos at 32768x9216x768, by TFLOPS:

 #   TFLOPS  %cuBLAS   WS 2CTA   BN NS GSM NW  PERS OV SPLIT L1NA TMA TMS
-------------------------------------------------------------------------
 1     1411      99%   on   on  256  5   1  4     1  1     0    0   1   1
 2     1411      99%   on   on  256  5   1  8     1  1     0    0   1   1
 3     1394      98%   on   on  256  5   1 16     1  1     0    0   1   1
 4     1393      98%   on   on  256  5   8  4     1  1     0    0   1   1
 5     1389      97%   on   on  256  5   4  4     1  1     0    0   1   1
 6     1385      97%   on   on  256  5   2  4     1  1     0    0   1   1
 7     1377      96%   on   on  256  5   8 16     1  1     0    0   1   1
 8     1374      96%   on   on  256  5   4 16     1  1     0    0   1   1
 9     1369      96%   on   on  256  5   8  8     1  1     0    0   1   1
10     1360      95%   on   on  256  5   4  8     1  1     0    0   1   1
# live autotune leaderboard
[#########################-----------] 515/738 ( 69.8%)
phase: benchmarking generated kernels
cuBLAS reference: 1428 TFLOPS
Top 10 of 515 measured combos at 32768x9216x768, by TFLOPS:

 #   TFLOPS  %cuBLAS   WS 2CTA   BN NS GSM NW  PERS OV SPLIT L1NA TMA TMS
-------------------------------------------------------------------------
 1     1415      99%   on   on  256  6   1  8     1  1     0    0   1   1
 2     1411      99%   on   on  256  5   1  4     1  1     0    0   1   1
 3     1411      99%   on   on  256  6   1  4     1  1     0    0   1   1
 4     1411      99%   on   on  256  5   1  8     1  1     0    0   1   1
 5     1394      98%   on   on  256  5   1 16     1  1     0    0   1   1
 6     1393      98%   on   on  256  5   8  4     1  1     0    0   1   1
 7     1389      97%   on   on  256  5   4  4     1  1     0    0   1   1
 8     1385      97%   on   on  256  5   2  4     1  1     0    0   1   1
 9     1377      96%   on   on  256  5   8 16     1  1     0    0   1   1
10     1374      96%   on   on  256  5   4 16     1  1     0    0   1   1
# live autotune leaderboard
[############################--------] 576/738 ( 78.0%)
phase: benchmarking generated kernels
cuBLAS reference: 1428 TFLOPS
Top 10 of 576 measured combos at 32768x9216x768, by TFLOPS:

 #   TFLOPS  %cuBLAS   WS 2CTA   BN NS GSM NW  PERS OV SPLIT L1NA TMA TMS
-------------------------------------------------------------------------
 1     1415      99%   on   on  256  6   1  8     1  1     0    0   1   1
 2     1411      99%   on   on  256  5   1  4     1  1     0    0   1   1
 3     1411      99%   on   on  256  6   1  4     1  1     0    0   1   1
 4     1411      99%   on   on  256  6   4  4     1  1     0    0   1   1
 5     1411      99%   on   on  256  5   1  8     1  1     0    0   1   1
 6     1411      99%   on   on  256  6   1 16     1  1     0    0   1   1
 7     1410      99%   on   on  256  6   8  4     1  1     0    0   1   1
 8     1403      98%   on   on  256  6   2  4     1  1     0    0   1   1
 9     1403      98%   on   on  256  6   2  8     1  1     0    0   1   1
10     1402      98%   on   on  256  6   4 16     1  1     0    0   1   1
# live autotune leaderboard
[###############################-----] 637/738 ( 86.3%)
phase: benchmarking generated kernels
cuBLAS reference: 1428 TFLOPS
Top 10 of 637 measured combos at 32768x9216x768, by TFLOPS:

 #   TFLOPS  %cuBLAS   WS 2CTA   BN NS GSM NW  PERS OV SPLIT L1NA TMA TMS
-------------------------------------------------------------------------
 1     1415      99%   on   on  256  6   1  8     1  1     0    0   1   1
 2     1411      99%   on   on  256  5   1  4     1  1     0    0   1   1
 3     1411      99%   on   on  256  6   1  4     1  1     0    0   1   1
 4     1411      99%   on   on  256  6   4  4     1  1     0    0   1   1
 5     1411      99%   on   on  256  5   1  8     1  1     0    0   1   1
 6     1411      99%   on   on  256  6   1 16     1  1     0    0   1   1
 7     1410      99%   on   on  256  6   8  4     1  1     0    0   1   1
 8     1403      98%   on   on  256  6   2  4     1  1     0    0   1   1
 9     1403      98%   on   on  256  6   2  8     1  1     0    0   1   1
10     1402      98%   on   on  256  6   4 16     1  1     0    0   1   1
# live autotune leaderboard
[##################################--] 697/738 ( 94.4%)
phase: benchmarking generated kernels
cuBLAS reference: 1428 TFLOPS
Top 10 of 697 measured combos at 32768x9216x768, by TFLOPS:

 #   TFLOPS  %cuBLAS   WS 2CTA   BN NS GSM NW  PERS OV SPLIT L1NA TMA TMS
-------------------------------------------------------------------------
 1     1415      99%   on   on  256  6   1  8     1  1     0    0   1   1
 2     1411      99%   on   on  256  5   1  4     1  1     0    0   1   1
 3     1411      99%   on   on  256  6   1  4     1  1     0    0   1   1
 4     1411      99%   on   on  256  6   4  4     1  1     0    0   1   1
 5     1411      99%   on   on  256  5   1  8     1  1     0    0   1   1
 6     1411      99%   on   on  256  6   1 16     1  1     0    0   1   1
 7     1410      99%   on   on  256  6   8  4     1  1     0    0   1   1
 8     1403      98%   on   on  256  6   2  4     1  1     0    0   1   1
 9     1403      98%   on   on  256  6   2  8     1  1     0    0   1   1
10     1402      98%   on   on  256  6   4 16     1  1     0    0   1   1
# live autotune leaderboard
[####################################] 738/738 (100.0%)
phase: done
cuBLAS reference: 1428 TFLOPS
Top 10 of 738 measured combos at 32768x9216x768, by TFLOPS:

 #   TFLOPS  %cuBLAS   WS 2CTA   BN NS GSM NW  PERS OV SPLIT L1NA TMA TMS
-------------------------------------------------------------------------
 1     1415      99%   on   on  256  6   1  8     1  1     0    0   1   1
 2     1411      99%   on   on  256  5   1  4     1  1     0    0   1   1
 3     1411      99%   on   on  256  6   1  4     1  1     0    0   1   1
 4     1411      99%   on   on  256  6   4  4     1  1     0    0   1   1
 5     1411      99%   on   on  256  5   1  8     1  1     0    0   1   1
 6     1411      99%   on   on  256  6   1 16     1  1     0    0   1   1
 7     1410      99%   on   on  256  6   8  4     1  1     0    0   1   1
 8     1403      98%   on   on  256  6   2  4     1  1     0    0   1   1
 9     1403      98%   on   on  256  6   2  8     1  1     0    0   1   1
10     1402      98%   on   on  256  6   4 16     1  1     0    0   1   1
# final autotune leaderboard
cuBLAS reference: 1428 TFLOPS
Top 10 of 738 measured combos at 32768x9216x768, by TFLOPS:

 #   TFLOPS  %cuBLAS   WS 2CTA   BN NS GSM NW  PERS OV SPLIT L1NA TMA TMS
-------------------------------------------------------------------------
 1     1415      99%   on   on  256  6   1  8     1  1     0    0   1   1
 2     1411      99%   on   on  256  5   1  4     1  1     0    0   1   1
 3     1411      99%   on   on  256  6   1  4     1  1     0    0   1   1
 4     1411      99%   on   on  256  6   4  4     1  1     0    0   1   1
 5     1411      99%   on   on  256  5   1  8     1  1     0    0   1   1
 6     1411      99%   on   on  256  6   1 16     1  1     0    0   1   1
 7     1410      99%   on   on  256  6   8  4     1  1     0    0   1   1
 8     1403      98%   on   on  256  6   2  4     1  1     0    0   1   1
 9     1403      98%   on   on  256  6   2  8     1  1     0    0   1   1
10     1402      98%   on   on  256  6   4 16     1  1     0    0   1   1
# recorded top 10 results to results/32768x9216x768.txt
