# autotune 2048x36864x12288  scope=production  (timing on the current GPU; this can take a while)
# do_bench override: warmup=500ms rep=500ms
# filters={'bn': [256, 512], 'ns': [3, 4, 5, 6, 7], 'two_cta': [1], 'tma_store_stages': [1, 2], 'single_tmem_policy': 'bn512-only'}
# live autotune startup
[????????????????????????????????????] 0 measured
cuBLAS reference: n/a
Top 0 of 0 measured combos at 2048x36864x12288, by TFLOPS:

 #   TFLOPS  %cuBLAS   WS 2CTA   BN NS GSM NW  PERS OV SPLIT L1NA TMA TMS
-------------------------------------------------------------------------
# live autotune leaderboard
[#-----------------------------------] 25/738 (  3.4%)
phase: benchmarking generated kernels
cuBLAS reference: 1517 TFLOPS
Top 10 of 25 measured combos at 2048x36864x12288, by TFLOPS:

 #   TFLOPS  %cuBLAS   WS 2CTA   BN NS GSM NW  PERS OV SPLIT L1NA TMA TMS
-------------------------------------------------------------------------
 1      990      65%   on   on  256  3   1  8     1  1     0    0   0   2
 2      989      65%   on   on  256  3   1  8     1  1     0    0   1   1
 3      989      65%   on   on  256  3   1  4     1  1     0    0   1   1
 4      989      65%   on   on  256  3   1  4     1  1     0    1   0   2
 5      989      65%   on   on  256  3   1  8     1  1     0    0   1   2
 6      989      65%   on   on  256  3   1  4     1  1     1    1   0   2
 7      989      65%   on   on  256  3   1  4     1  1     0    0   1   2
 8      988      65%   on   on  256  3   1  8     1  1     1    1   0   2
 9      988      65%   on   on  256  3   1  4     1  1     1    0   0   2
10      988      65%   on   on  256  3   1  8     1  1     0    1   0   2
# live autotune leaderboard
[####--------------------------------] 82/738 ( 11.1%)
phase: benchmarking generated kernels
cuBLAS reference: 1517 TFLOPS
Top 10 of 82 measured combos at 2048x36864x12288, by TFLOPS:

 #   TFLOPS  %cuBLAS   WS 2CTA   BN NS GSM NW  PERS OV SPLIT L1NA TMA TMS
-------------------------------------------------------------------------
 1     1138      75%   on   on  256  3   4  4     1  1     1    0   0   2
 2     1137      75%   on   on  256  3   4  8     1  1     0    0   1   2
 3     1137      75%   on   on  256  3   4  8     1  1     0    0   1   1
 4     1137      75%   on   on  256  3   4  4     1  1     0    0   1   1
 5     1137      75%   on   on  256  3   4  4     1  1     1    1   0   2
 6     1136      75%   on   on  256  3   4  8     1  1     1    1   0   2
 7     1136      75%   on   on  256  3   4  4     1  1     0    0   1   2
 8     1135      75%   on   on  256  3   4  8     1  1     0    1   0   2
 9     1135      75%   on   on  256  3   4  4     1  1     0    1   0   2
10     1134      75%   on   on  256  3   4  8     1  1     1    0   0   2
# live autotune leaderboard
[#######-----------------------------] 140/738 ( 19.0%)
phase: benchmarking generated kernels
cuBLAS reference: 1517 TFLOPS
Top 10 of 140 measured combos at 2048x36864x12288, by TFLOPS:

 #   TFLOPS  %cuBLAS   WS 2CTA   BN NS GSM NW  PERS OV SPLIT L1NA TMA TMS
-------------------------------------------------------------------------
 1     1173      77%   on   on  256  3   8  4     1  1     0    0   0   2
 2     1168      77%   on   on  256  3   8  4     1  1     0    0   1   1
 3     1163      77%   on   on  256  3   8  4     1  1     1    1   0   2
 4     1161      77%   on   on  256  3   8  8     1  1     1    1   0   2
 5     1161      77%   on   on  256  3  16  8     1  1     0    0   1   2
 6     1159      76%   on   on  256  3   8 16     1  1     0    0   1   1
 7     1158      76%   on   on  256  3   8  8     1  1     0    0   1   2
 8     1158      76%   on   on  256  3  16  8     1  1     0    0   1   1
 9     1158      76%   on   on  256  3   8  8     1  1     0    1   0   2
10     1157      76%   on   on  256  3  16  4     1  1     0    0   1   2
# live autotune leaderboard
[##########--------------------------] 197/738 ( 26.7%)
phase: benchmarking generated kernels
cuBLAS reference: 1517 TFLOPS
Top 10 of 197 measured combos at 2048x36864x12288, by TFLOPS:

 #   TFLOPS  %cuBLAS   WS 2CTA   BN NS GSM NW  PERS OV SPLIT L1NA TMA TMS
-------------------------------------------------------------------------
 1     1173      77%   on   on  256  3   8  4     1  1     0    0   0   2
 2     1168      77%   on   on  256  3   8  4     1  1     0    0   1   1
 3     1163      77%   on   on  256  3   8  4     1  1     1    1   0   2
 4     1162      77%   on   on  256  3  16 16     1  1     0    0   1   1
 5     1161      77%   on   on  256  3   8  8     1  1     1    1   0   2
 6     1161      77%   on   on  256  3  16  8     1  1     0    0   1   2
 7     1160      76%   on   on  256  3  32 16     1  1     0    0   1   2
 8     1159      76%   on   on  256  3   8 16     1  1     0    0   1   1
 9     1158      76%   on   on  256  3   8  8     1  1     0    0   1   2
10     1158      76%   on   on  256  3  16  8     1  1     0    0   1   1
# live autotune leaderboard
[############------------------------] 255/738 ( 34.6%)
phase: benchmarking generated kernels
cuBLAS reference: 1517 TFLOPS
Top 10 of 255 measured combos at 2048x36864x12288, by TFLOPS:

 #   TFLOPS  %cuBLAS   WS 2CTA   BN NS GSM NW  PERS OV SPLIT L1NA TMA TMS
-------------------------------------------------------------------------
 1     1332      88%   on   on  256  4   4  4     1  1     0    0   1   2
 2     1327      87%   on   on  256  4   4  4     1  1     1    1   0   2
 3     1324      87%   on   on  256  4   4  4     1  1     1    0   0   2
 4     1323      87%   on   on  256  4   4  4     1  1     0    1   0   2
 5     1322      87%   on   on  256  4   4  4     1  1     0    0   0   2
 6     1320      87%   on   on  256  4   4  4     1  1     0    0   1   1
 7     1319      87%   on   on  256  4   4  8     1  1     0    0   0   2
 8     1290      85%   on   on  256  4   4  4     1  0     0    0   0   2
 9     1289      85%   on   on  256  4   4  4     1  0     0    1   0   2
10     1282      85%   on   on  256  4   4  8     1  0     0    1   0   2
# live autotune leaderboard
[###############---------------------] 313/738 ( 42.4%)
phase: benchmarking generated kernels
cuBLAS reference: 1517 TFLOPS
Top 10 of 313 measured combos at 2048x36864x12288, by TFLOPS:

 #   TFLOPS  %cuBLAS   WS 2CTA   BN NS GSM NW  PERS OV SPLIT L1NA TMA TMS
-------------------------------------------------------------------------
 1     1369      90%   on   on  256  4   8  4     1  1     0    0   1   1
 2     1369      90%   on   on  256  4   8  8     1  1     0    0   1   1
 3     1369      90%   on   on  256  4  16  4     1  1     0    0   1   1
 4     1367      90%   on   on  256  4  16  4     1  1     0    0   1   2
 5     1366      90%   on   on  256  4   8  4     1  1     0    0   1   2
 6     1366      90%   on   on  256  4   8 16     1  1     0    0   1   1
 7     1365      90%   on   on  256  4   8  8     1  1     0    0   1   2
 8     1364      90%   on   on  256  4   8 16     1  1     0    0   1   2
 9     1363      90%   on   on  256  4  16  4     1  1     1    1   0   2
10     1362      90%   on   on  256  4   8  8     1  1     1    1   0   2
# live autotune leaderboard
[##################------------------] 370/738 ( 50.1%)
phase: benchmarking generated kernels
cuBLAS reference: 1517 TFLOPS
Top 10 of 370 measured combos at 2048x36864x12288, by TFLOPS:

 #   TFLOPS  %cuBLAS   WS 2CTA   BN NS GSM NW  PERS OV SPLIT L1NA TMA TMS
-------------------------------------------------------------------------
 1     1369      90%   on   on  256  4   8  4     1  1     0    0   1   1
 2     1369      90%   on   on  256  4   8  8     1  1     0    0   1   1
 3     1369      90%   on   on  256  4  16  4     1  1     0    0   1   1
 4     1369      90%   on   on  256  4  32  8     1  1     0    0   1   1
 5     1368      90%   on   on  256  4  16  8     1  1     0    0   1   1
 6     1367      90%   on   on  256  4  32  4     1  1     0    0   1   1
 7     1367      90%   on   on  256  4  32 16     1  1     0    0   1   1
 8     1367      90%   on   on  256  4  16  4     1  1     0    0   1   2
 9     1366      90%   on   on  256  4   8  4     1  1     0    0   1   2
10     1366      90%   on   on  256  4   8 16     1  1     0    0   1   1
# live autotune leaderboard
[#####################---------------] 427/738 ( 57.9%)
phase: benchmarking generated kernels
cuBLAS reference: 1517 TFLOPS
Top 10 of 427 measured combos at 2048x36864x12288, by TFLOPS:

 #   TFLOPS  %cuBLAS   WS 2CTA   BN NS GSM NW  PERS OV SPLIT L1NA TMA TMS
-------------------------------------------------------------------------
 1     1369      90%   on   on  256  4   8  4     1  1     0    0   1   1
 2     1369      90%   on   on  256  4   8  8     1  1     0    0   1   1
 3     1369      90%   on   on  256  4  16  4     1  1     0    0   1   1
 4     1369      90%   on   on  256  4  32  8     1  1     0    0   1   1
 5     1368      90%   on   on  256  4  16  8     1  1     0    0   1   1
 6     1367      90%   on   on  256  4  32  4     1  1     0    0   1   1
 7     1367      90%   on   on  256  4  32 16     1  1     0    0   1   1
 8     1367      90%   on   on  256  5   4  4     0  0     0    0   0   2
 9     1367      90%   on   on  256  5   4  4     0  0     0    1   0   2
10     1367      90%   on   on  256  4  16  4     1  1     0    0   1   2
# live autotune leaderboard
[########################------------] 483/738 ( 65.4%)
phase: benchmarking generated kernels
cuBLAS reference: 1517 TFLOPS
Top 10 of 483 measured combos at 2048x36864x12288, by TFLOPS:

 #   TFLOPS  %cuBLAS   WS 2CTA   BN NS GSM NW  PERS OV SPLIT L1NA TMA TMS
-------------------------------------------------------------------------
 1     1392      92%   on   on  256  5   8  8     0  0     0    1   0   2
 2     1390      92%   on   on  256  5  16 16     0  0     0    1   0   2
 3     1389      92%   on   on  256  5   8  8     0  0     0    0   0   2
 4     1388      92%   on   on  256  5  16 16     0  0     0    0   0   2
 5     1388      92%   on   on  256  5   8 16     0  0     0    0   0   2
 6     1388      92%   on   on  256  5   8 16     0  0     0    1   0   2
 7     1388      91%   on   on  256  5  16  8     0  0     0    0   0   2
 8     1386      91%   on   on  256  5  16  8     0  0     0    1   0   2
 9     1379      91%   on   on  256  5  32  4     0  0     0    1   0   2
10     1379      91%   on   on  256  5  32  4     0  0     0    0   0   2
# live autotune leaderboard
[##########################----------] 539/738 ( 73.0%)
phase: benchmarking generated kernels
cuBLAS reference: 1517 TFLOPS
Top 10 of 539 measured combos at 2048x36864x12288, by TFLOPS:

 #   TFLOPS  %cuBLAS   WS 2CTA   BN NS GSM NW  PERS OV SPLIT L1NA TMA TMS
-------------------------------------------------------------------------
 1     1392      92%   on   on  256  5  32  8     0  0     0    0   0   2
 2     1392      92%   on   on  256  5  32  8     0  0     0    1   0   2
 3     1392      92%   on   on  256  5   8  8     0  0     0    1   0   2
 4     1390      92%   on   on  256  5  16 16     0  0     0    1   0   2
 5     1389      92%   on   on  256  5   8  8     0  0     0    0   0   2
 6     1388      92%   on   on  256  5  16 16     0  0     0    0   0   2
 7     1388      92%   on   on  256  5   8 16     0  0     0    0   0   2
 8     1388      92%   on   on  256  5   8 16     0  0     0    1   0   2
 9     1388      91%   on   on  256  5  16  8     0  0     0    0   0   2
10     1387      91%   on   on  256  5  32 16     0  0     0    0   0   2
# live autotune leaderboard
[#############################-------] 596/738 ( 80.8%)
phase: benchmarking generated kernels
cuBLAS reference: 1517 TFLOPS
Top 10 of 596 measured combos at 2048x36864x12288, by TFLOPS:

 #   TFLOPS  %cuBLAS   WS 2CTA   BN NS GSM NW  PERS OV SPLIT L1NA TMA TMS
-------------------------------------------------------------------------
 1     1400      92%   on   on  256  6   8  4     0  0     0    0   0   2
 2     1395      92%   on   on  256  6  32 16     0  0     0    0   0   2
 3     1392      92%   on   on  256  5  32  8     0  0     0    0   0   2
 4     1392      92%   on   on  256  5  32  8     0  0     0    1   0   2
 5     1392      92%   on   on  256  5   8  8     0  0     0    1   0   2
 6     1390      92%   on   on  256  5  16 16     0  0     0    1   0   2
 7     1389      92%   on   on  256  5   8  8     0  0     0    0   0   2
 8     1388      92%   on   on  256  5  16 16     0  0     0    0   0   2
 9     1388      92%   on   on  256  5   8 16     0  0     0    0   0   2
10     1388      92%   on   on  256  5   8 16     0  0     0    1   0   2
# live autotune leaderboard
[################################----] 652/738 ( 88.3%)
phase: benchmarking generated kernels
cuBLAS reference: 1517 TFLOPS
Top 10 of 652 measured combos at 2048x36864x12288, by TFLOPS:

 #   TFLOPS  %cuBLAS   WS 2CTA   BN NS GSM NW  PERS OV SPLIT L1NA TMA TMS
-------------------------------------------------------------------------
 1     1408      93%   on   on  256  7  16  4     0  0     0    0   0   2
 2     1400      92%   on   on  256  6   8  4     0  0     0    0   0   2
 3     1395      92%   on   on  256  6  32 16     0  0     0    0   0   2
 4     1392      92%   on   on  256  5  32  8     0  0     0    0   0   2
 5     1392      92%   on   on  256  5  32  8     0  0     0    1   0   2
 6     1392      92%   on   on  256  5   8  8     0  0     0    1   0   2
 7     1390      92%   on   on  256  5  16 16     0  0     0    1   0   2
 8     1389      92%   on   on  256  5   8  8     0  0     0    0   0   2
 9     1388      92%   on   on  256  5  16 16     0  0     0    0   0   2
10     1388      92%   on   on  256  5   8 16     0  0     0    0   0   2
# live autotune leaderboard
[###################################-] 709/738 ( 96.1%)
phase: benchmarking generated kernels
cuBLAS reference: 1517 TFLOPS
Top 10 of 709 measured combos at 2048x36864x12288, by TFLOPS:

 #   TFLOPS  %cuBLAS   WS 2CTA   BN NS GSM NW  PERS OV SPLIT L1NA TMA TMS
-------------------------------------------------------------------------
 1     1480      98%   on   on  512  3   8  8     1  1     0    0   1   2
 2     1479      97%   on   on  512  3  32 16     1  1     0    0   1   2
 3     1462      96%   on   on  512  3   8  8     1  1     0    0   1   1
 4     1462      96%   on   on  512  3   8  4     1  1     0    0   1   1
 5     1462      96%   on   on  512  3  32  4     1  1     0    0   1   1
 6     1462      96%   on   on  512  3  16  8     1  1     0    0   1   1
 7     1461      96%   on   on  512  3  16  4     1  1     0    0   1   1
 8     1461      96%   on   on  512  3  32  8     1  1     0    0   1   1
 9     1460      96%   on   on  512  3  16 16     1  1     0    0   1   1
10     1459      96%   on   on  512  3   8 16     1  1     0    0   1   1
# live autotune leaderboard
[####################################] 738/738 (100.0%)
phase: done
cuBLAS reference: 1517 TFLOPS
Top 10 of 738 measured combos at 2048x36864x12288, by TFLOPS:

 #   TFLOPS  %cuBLAS   WS 2CTA   BN NS GSM NW  PERS OV SPLIT L1NA TMA TMS
-------------------------------------------------------------------------
 1     1481      98%   on   on  512  4  16  4     1  1     0    0   1   2
 2     1480      98%   on   on  512  3   8  8     1  1     0    0   1   2
 3     1479      97%   on   on  512  3  32 16     1  1     0    0   1   2
 4     1464      96%   on   on  512  4   8  4     1  1     0    0   1   1
 5     1462      96%   on   on  512  3   8  8     1  1     0    0   1   1
 6     1462      96%   on   on  512  3   8  4     1  1     0    0   1   1
 7     1462      96%   on   on  512  3  32  4     1  1     0    0   1   1
 8     1462      96%   on   on  512  3  16  8     1  1     0    0   1   1
 9     1461      96%   on   on  512  3  16  4     1  1     0    0   1   1
10     1461      96%   on   on  512  4  16  4     1  1     0    0   1   1
# final autotune leaderboard
cuBLAS reference: 1517 TFLOPS
Top 10 of 738 measured combos at 2048x36864x12288, by TFLOPS:

 #   TFLOPS  %cuBLAS   WS 2CTA   BN NS GSM NW  PERS OV SPLIT L1NA TMA TMS
-------------------------------------------------------------------------
 1     1480      98%   on   on  512  4  16  4     1  1     0    0   1   2
 2     1480      98%   on   on  512  3   8  8     1  1     0    0   1   2
 3     1479      97%   on   on  512  3  32 16     1  1     0    0   1   2
 4     1464      96%   on   on  512  4   8  4     1  1     0    0   1   1
 5     1462      96%   on   on  512  3   8  8     1  1     0    0   1   1
 6     1462      96%   on   on  512  3   8  4     1  1     0    0   1   1
 7     1462      96%   on   on  512  3  32  4     1  1     0    0   1   1
 8     1462      96%   on   on  512  3  16  8     1  1     0    0   1   1
 9     1461      96%   on   on  512  3  16  4     1  1     0    0   1   1
10     1461      96%   on   on  512  3  32  8     1  1     0    0   1   1
# recorded top 10 results to results/2048x36864x12288.txt
