# autotune 11264x11264x11264  scope=production  (timing on the current GPU; this can take a while)
# do_bench override: warmup=500ms rep=500ms
# filters={'bn': [256, 512], 'ns': [3, 4, 5, 6, 7], 'two_cta': [1], 'tma_store_stages': [1, 2], 'single_tmem_policy': 'bn512-only'}
# live autotune startup
[????????????????????????????????????] 0 measured
cuBLAS reference: n/a
Top 0 of 0 measured combos at 11264x11264x11264, by TFLOPS:

 #   TFLOPS  %cuBLAS   WS 2CTA   BN NS GSM NW  PERS OV SPLIT L1NA TMA TMS
-------------------------------------------------------------------------
# live autotune startup
[##----------------------------------] 32/558 (  5.7%)
phase: compiled OK: 32/32
measured combos: 0/738
cuBLAS reference: 1414 TFLOPS
Top 0 of 0 measured combos at 11264x11264x11264, by TFLOPS:

 #   TFLOPS  %cuBLAS   WS 2CTA   BN NS GSM NW  PERS OV SPLIT L1NA TMA TMS
-------------------------------------------------------------------------
# live autotune leaderboard
[------------------------------------] 4/738 (  0.5%)
phase: benchmarking generated kernels
cuBLAS reference: 1414 TFLOPS
Top 4 of 4 measured combos at 11264x11264x11264, by TFLOPS:

 #   TFLOPS  %cuBLAS   WS 2CTA   BN NS GSM NW  PERS OV SPLIT L1NA TMA TMS
-------------------------------------------------------------------------
 1     1025      72%   on   on  256  3   1  4     1  0     0    0   0   2
 2     1023      72%   on   on  256  3   1  4     0  0     0    1   0   2
 3     1020      72%   on   on  256  3   1  4     0  0     0    0   0   2
 4     1018      72%   on   on  256  3   1  4     1  0     0    1   0   2
# live autotune leaderboard
[###---------------------------------] 60/738 (  8.1%)
phase: benchmarking generated kernels
cuBLAS reference: 1414 TFLOPS
Top 10 of 60 measured combos at 11264x11264x11264, by TFLOPS:

 #   TFLOPS  %cuBLAS   WS 2CTA   BN NS GSM NW  PERS OV SPLIT L1NA TMA TMS
-------------------------------------------------------------------------
 1     1052      74%   on   on  256  3   1  4     1  1     0    0   1   2
 2     1050      74%   on   on  256  3   2  4     1  1     0    0   1   1
 3     1049      74%   on   on  256  3   2  8     1  1     0    0   1   1
 4     1049      74%   on   on  256  3   1  8     1  1     0    0   1   1
 5     1049      74%   on   on  256  3   1  4     1  1     0    0   0   2
 6     1049      74%   on   on  256  3   2  8     1  1     0    0   1   2
 7     1049      74%   on   on  256  3   1  8     1  1     0    0   1   2
 8     1048      74%   on   on  256  3   2 16     1  1     0    0   1   1
 9     1048      74%   on   on  256  3   2  4     1  1     1    1   0   2
10     1048      74%   on   on  256  3   2 16     1  1     0    0   1   2
# live autotune leaderboard
[######------------------------------] 117/738 ( 15.9%)
phase: benchmarking generated kernels
cuBLAS reference: 1414 TFLOPS
Top 10 of 117 measured combos at 11264x11264x11264, by TFLOPS:

 #   TFLOPS  %cuBLAS   WS 2CTA   BN NS GSM NW  PERS OV SPLIT L1NA TMA TMS
-------------------------------------------------------------------------
 1     1152      81%   on   on  256  3   8  4     1  1     0    0   1   1
 2     1148      81%   on   on  256  3   8  4     1  1     0    0   0   2
 3     1147      81%   on   on  256  3   8  8     1  1     0    0   1   1
 4     1147      81%   on   on  256  3   8 16     1  1     0    0   1   2
 5     1146      81%   on   on  256  3   8  4     1  1     0    1   0   2
 6     1145      81%   on   on  256  3   8  4     1  1     1    1   0   2
 7     1145      81%   on   on  256  3   8  8     1  1     1    0   0   2
 8     1145      81%   on   on  256  3   8  4     1  1     0    0   1   2
 9     1145      81%   on   on  256  3   8  8     1  1     1    1   0   2
10     1144      81%   on   on  256  3   8  4     1  1     1    0   0   2
# live autotune leaderboard
[########----------------------------] 174/738 ( 23.6%)
phase: benchmarking generated kernels
cuBLAS reference: 1414 TFLOPS
Top 10 of 174 measured combos at 11264x11264x11264, by TFLOPS:

 #   TFLOPS  %cuBLAS   WS 2CTA   BN NS GSM NW  PERS OV SPLIT L1NA TMA TMS
-------------------------------------------------------------------------
 1     1152      81%   on   on  256  3   8  4     1  1     0    0   1   1
 2     1148      81%   on   on  256  3   8  4     1  1     0    0   0   2
 3     1147      81%   on   on  256  3   8  8     1  1     0    0   1   1
 4     1147      81%   on   on  256  3   8 16     1  1     0    0   1   2
 5     1146      81%   on   on  256  3   8  4     1  1     0    1   0   2
 6     1145      81%   on   on  256  3   8  4     1  1     1    1   0   2
 7     1145      81%   on   on  256  3   8  8     1  1     1    0   0   2
 8     1145      81%   on   on  256  3   8  4     1  1     0    0   1   2
 9     1145      81%   on   on  256  3  16 16     1  1     0    0   1   1
10     1145      81%   on   on  256  3   8  8     1  1     1    1   0   2
# live autotune leaderboard
[###########-------------------------] 231/738 ( 31.3%)
phase: benchmarking generated kernels
cuBLAS reference: 1414 TFLOPS
Top 10 of 231 measured combos at 11264x11264x11264, by TFLOPS:

 #   TFLOPS  %cuBLAS   WS 2CTA   BN NS GSM NW  PERS OV SPLIT L1NA TMA TMS
-------------------------------------------------------------------------
 1     1225      87%   on   on  256  4   2  8     1  1     0    0   1   1
 2     1222      86%   on   on  256  4   2  8     1  1     1    1   0   2
 3     1218      86%   on   on  256  4   2  4     1  1     0    1   0   2
 4     1213      86%   on   on  256  4   2  4     1  1     0    0   0   2
 5     1207      85%   on   on  256  4   2  8     1  1     0    1   0   2
 6     1205      85%   on   on  256  4   1  4     1  1     0    0   1   2
 7     1205      85%   on   on  256  4   1  8     1  1     0    0   1   1
 8     1204      85%   on   on  256  4   1  8     1  1     0    0   1   2
 9     1204      85%   on   on  256  4   1 16     1  1     0    0   1   1
10     1202      85%   on   on  256  4   2  4     1  1     1    0   0   2
# live autotune leaderboard
[##############----------------------] 288/738 ( 39.0%)
phase: benchmarking generated kernels
cuBLAS reference: 1414 TFLOPS
Top 10 of 288 measured combos at 11264x11264x11264, by TFLOPS:

 #   TFLOPS  %cuBLAS   WS 2CTA   BN NS GSM NW  PERS OV SPLIT L1NA TMA TMS
-------------------------------------------------------------------------
 1     1342      95%   on   on  256  4   8  4     1  1     0    0   1   1
 2     1341      95%   on   on  256  4   8  8     1  1     0    0   1   1
 3     1339      95%   on   on  256  4   8  4     1  1     0    1   0   2
 4     1337      95%   on   on  256  4   8  4     1  1     0    0   1   2
 5     1337      95%   on   on  256  4   8  8     1  1     0    0   1   2
 6     1333      94%   on   on  256  4   8  4     1  1     1    1   0   2
 7     1329      94%   on   on  256  4   8  4     1  1     1    0   0   2
 8     1328      94%   on   on  256  4   8  4     1  1     0    0   0   2
 9     1328      94%   on   on  256  4   8  8     1  1     0    0   0   2
10     1325      94%   on   on  256  4   8  8     1  1     0    1   0   2
# live autotune leaderboard
[#################-------------------] 345/738 ( 46.7%)
phase: benchmarking generated kernels
cuBLAS reference: 1414 TFLOPS
Top 10 of 345 measured combos at 11264x11264x11264, by TFLOPS:

 #   TFLOPS  %cuBLAS   WS 2CTA   BN NS GSM NW  PERS OV SPLIT L1NA TMA TMS
-------------------------------------------------------------------------
 1     1342      95%   on   on  256  4   8  4     1  1     0    0   1   1
 2     1341      95%   on   on  256  4   8  8     1  1     0    0   1   1
 3     1339      95%   on   on  256  4   8 16     1  1     0    0   1   1
 4     1339      95%   on   on  256  4   8  4     1  1     0    1   0   2
 5     1337      95%   on   on  256  4   8  4     1  1     0    0   1   2
 6     1337      95%   on   on  256  4   8  8     1  1     0    0   1   2
 7     1334      94%   on   on  256  4   8 16     1  1     0    0   1   2
 8     1333      94%   on   on  256  4  16 16     1  1     1    1   0   2
 9     1333      94%   on   on  256  4   8  4     1  1     1    1   0   2
10     1333      94%   on   on  256  4   8  8     1  1     1    1   0   2
# live autotune leaderboard
[####################----------------] 401/738 ( 54.3%)
phase: benchmarking generated kernels
cuBLAS reference: 1414 TFLOPS
Top 10 of 401 measured combos at 11264x11264x11264, by TFLOPS:

 #   TFLOPS  %cuBLAS   WS 2CTA   BN NS GSM NW  PERS OV SPLIT L1NA TMA TMS
-------------------------------------------------------------------------
 1     1342      95%   on   on  256  4   8  4     1  1     0    0   1   1
 2     1341      95%   on   on  256  4   8  8     1  1     0    0   1   1
 3     1339      95%   on   on  256  4   8 16     1  1     0    0   1   1
 4     1339      95%   on   on  256  4   8  4     1  1     0    1   0   2
 5     1337      95%   on   on  256  4   8  4     1  1     0    0   1   2
 6     1337      95%   on   on  256  4   8  8     1  1     0    0   1   2
 7     1334      94%   on   on  256  4   8 16     1  1     0    0   1   2
 8     1333      94%   on   on  256  4  16 16     1  1     1    1   0   2
 9     1333      94%   on   on  256  4   8  4     1  1     1    1   0   2
10     1333      94%   on   on  256  4   8  8     1  1     1    1   0   2
# live autotune leaderboard
[######################--------------] 458/738 ( 62.1%)
phase: benchmarking generated kernels
cuBLAS reference: 1414 TFLOPS
Top 10 of 458 measured combos at 11264x11264x11264, by TFLOPS:

 #   TFLOPS  %cuBLAS   WS 2CTA   BN NS GSM NW  PERS OV SPLIT L1NA TMA TMS
-------------------------------------------------------------------------
 1     1378      97%   on   on  256  5   8 16     1  1     0    0   1   1
 2     1378      97%   on   on  256  5   8  8     1  1     0    0   1   1
 3     1378      97%   on   on  256  5   8  4     1  1     0    0   1   1
 4     1375      97%   on   on  256  5   8  4     1  1     0    0   1   2
 5     1371      97%   on   on  256  5   8 16     1  1     0    0   1   2
 6     1367      97%   on   on  256  5   8  8     1  1     1    1   0   2
 7     1366      97%   on   on  256  5   8  4     1  1     1    1   0   2
 8     1366      97%   on   on  256  5   8 16     1  1     1    1   0   2
 9     1363      96%   on   on  256  5   8  4     0  0     0    1   0   2
10     1356      96%   on   on  256  5   8  8     1  1     1    0   0   2
# live autotune leaderboard
[#########################-----------] 513/738 ( 69.5%)
phase: benchmarking generated kernels
cuBLAS reference: 1414 TFLOPS
Top 10 of 513 measured combos at 11264x11264x11264, by TFLOPS:

 #   TFLOPS  %cuBLAS   WS 2CTA   BN NS GSM NW  PERS OV SPLIT L1NA TMA TMS
-------------------------------------------------------------------------
 1     1378      97%   on   on  256  5   8 16     1  1     0    0   1   1
 2     1378      97%   on   on  256  5   8  8     1  1     0    0   1   1
 3     1378      97%   on   on  256  5   8  4     1  1     0    0   1   1
 4     1375      97%   on   on  256  5   8  4     1  1     0    0   1   2
 5     1374      97%   on   on  256  5  16  4     1  1     0    0   1   2
 6     1371      97%   on   on  256  5   8 16     1  1     0    0   1   2
 7     1367      97%   on   on  256  5   8  8     1  1     1    1   0   2
 8     1366      97%   on   on  256  5   8  4     1  1     1    1   0   2
 9     1366      97%   on   on  256  5   8 16     1  1     1    1   0   2
10     1363      96%   on   on  256  5   8  4     0  0     0    1   0   2
# live autotune leaderboard
[############################--------] 569/738 ( 77.1%)
phase: benchmarking generated kernels
cuBLAS reference: 1414 TFLOPS
Top 10 of 569 measured combos at 11264x11264x11264, by TFLOPS:

 #   TFLOPS  %cuBLAS   WS 2CTA   BN NS GSM NW  PERS OV SPLIT L1NA TMA TMS
-------------------------------------------------------------------------
 1     1378      97%   on   on  256  5   8 16     1  1     0    0   1   1
 2     1378      97%   on   on  256  5   8  8     1  1     0    0   1   1
 3     1378      97%   on   on  256  5   8  4     1  1     0    0   1   1
 4     1375      97%   on   on  256  5   8  4     1  1     0    0   1   2
 5     1374      97%   on   on  256  5  16  4     1  1     0    0   1   2
 6     1371      97%   on   on  256  5   8 16     1  1     0    0   1   2
 7     1367      97%   on   on  256  5   8  8     1  1     1    1   0   2
 8     1366      97%   on   on  256  5   8  4     1  1     1    1   0   2
 9     1366      97%   on   on  256  5   8 16     1  1     1    1   0   2
10     1364      96%   on   on  256  6   8 16     0  0     0    1   0   2
# live autotune leaderboard
[###############################-----] 626/738 ( 84.8%)
phase: benchmarking generated kernels
cuBLAS reference: 1414 TFLOPS
Top 10 of 626 measured combos at 11264x11264x11264, by TFLOPS:

 #   TFLOPS  %cuBLAS   WS 2CTA   BN NS GSM NW  PERS OV SPLIT L1NA TMA TMS
-------------------------------------------------------------------------
 1     1378      97%   on   on  256  5   8 16     1  1     0    0   1   1
 2     1378      97%   on   on  256  5   8  8     1  1     0    0   1   1
 3     1378      97%   on   on  256  5   8  4     1  1     0    0   1   1
 4     1375      97%   on   on  256  5   8  4     1  1     0    0   1   2
 5     1374      97%   on   on  256  5  16  4     1  1     0    0   1   2
 6     1371      97%   on   on  256  5   8 16     1  1     0    0   1   2
 7     1367      97%   on   on  256  5   8  8     1  1     1    1   0   2
 8     1366      97%   on   on  256  5   8  4     1  1     1    1   0   2
 9     1366      97%   on   on  256  5   8 16     1  1     1    1   0   2
10     1364      96%   on   on  256  6   8 16     0  0     0    1   0   2
# live autotune leaderboard
[#################################---] 683/738 ( 92.5%)
phase: benchmarking generated kernels
cuBLAS reference: 1414 TFLOPS
Top 10 of 683 measured combos at 11264x11264x11264, by TFLOPS:

 #   TFLOPS  %cuBLAS   WS 2CTA   BN NS GSM NW  PERS OV SPLIT L1NA TMA TMS
-------------------------------------------------------------------------
 1     1378      97%   on   on  256  5   8 16     1  1     0    0   1   1
 2     1378      97%   on   on  256  5   8  8     1  1     0    0   1   1
 3     1378      97%   on   on  256  5   8  4     1  1     0    0   1   1
 4     1375      97%   on   on  256  5   8  4     1  1     0    0   1   2
 5     1374      97%   on   on  256  5  16  4     1  1     0    0   1   2
 6     1371      97%   on   on  512  3   1 16     1  1     0    0   1   2
 7     1371      97%   on   on  256  5   8 16     1  1     0    0   1   2
 8     1367      97%   on   on  256  5   8  8     1  1     1    1   0   2
 9     1366      97%   on   on  256  5   8  4     1  1     1    1   0   2
10     1366      97%   on   on  256  5   8 16     1  1     1    1   0   2
# live autotune leaderboard
[####################################] 738/738 (100.0%)
phase: done
cuBLAS reference: 1414 TFLOPS
Top 10 of 738 measured combos at 11264x11264x11264, by TFLOPS:

 #   TFLOPS  %cuBLAS   WS 2CTA   BN NS GSM NW  PERS OV SPLIT L1NA TMA TMS
-------------------------------------------------------------------------
 1     1440     102%   on   on  512  3  16  4     1  1     0    0   1   2
 2     1440     102%   on   on  512  3  16 16     1  1     0    0   1   2
 3     1427     101%   on   on  512  4  16  8     1  1     0    0   1   2
 4     1421     100%   on   on  512  3  16  8     1  1     0    0   1   2
 5     1421     100%   on   on  512  4  16  8     1  1     0    0   1   1
 6     1420     100%   on   on  512  4  16  4     1  1     0    0   1   2
 7     1420     100%   on   on  512  3  16  8     1  1     0    0   1   1
 8     1418     100%   on   on  512  3  32  8     1  1     0    0   1   2
 9     1418     100%   on   on  512  4  16 16     1  1     0    0   1   1
10     1418     100%   on   on  512  3  32  4     1  1     0    0   1   2
# final autotune leaderboard
cuBLAS reference: 1414 TFLOPS
Top 10 of 738 measured combos at 11264x11264x11264, by TFLOPS:

 #   TFLOPS  %cuBLAS   WS 2CTA   BN NS GSM NW  PERS OV SPLIT L1NA TMA TMS
-------------------------------------------------------------------------
 1     1440     102%   on   on  512  3  16  4     1  1     0    0   1   2
 2     1440     102%   on   on  512  3  16 16     1  1     0    0   1   2
 3     1427     101%   on   on  512  4  16  8     1  1     0    0   1   2
 4     1421     100%   on   on  512  3  16  8     1  1     0    0   1   2
 5     1421     100%   on   on  512  4  16  8     1  1     0    0   1   1
 6     1420     100%   on   on  512  4  16  4     1  1     0    0   1   2
 7     1420     100%   on   on  512  3  16  8     1  1     0    0   1   1
 8     1418     100%   on   on  512  3  32  4     1  1     0    0   1   2
 9     1418     100%   on   on  512  3  32  8     1  1     0    0   1   2
10     1418     100%   on   on  512  4  16 16     1  1     0    0   1   1
# recorded top 10 results to results/11264x11264x11264.txt
