# autotune 4096x12288x4096  scope=production  (timing on the current GPU; this can take a while)
# do_bench override: warmup=500ms rep=500ms
# filters={'bn': [256, 512], 'ns': [3, 4, 5, 6, 7], 'two_cta': [1], 'tma_store_stages': [1, 2], 'single_tmem_policy': 'bn512-only'}
# live autotune startup
[????????????????????????????????????] 0 measured
cuBLAS reference: n/a
Top 0 of 0 measured combos at 4096x12288x4096, by TFLOPS:

 #   TFLOPS  %cuBLAS   WS 2CTA   BN NS GSM NW  PERS OV SPLIT L1NA TMA TMS
-------------------------------------------------------------------------
# live autotune startup
[####################----------------] 304/558 ( 54.5%)
phase: compiled OK: 304/304
measured combos: 0/738
cuBLAS reference: 1486 TFLOPS
Top 0 of 0 measured combos at 4096x12288x4096, by TFLOPS:

 #   TFLOPS  %cuBLAS   WS 2CTA   BN NS GSM NW  PERS OV SPLIT L1NA TMA TMS
-------------------------------------------------------------------------
# live autotune leaderboard
[#-----------------------------------] 30/738 (  4.1%)
phase: benchmarking generated kernels
cuBLAS reference: 1486 TFLOPS
Top 10 of 30 measured combos at 4096x12288x4096, by TFLOPS:

 #   TFLOPS  %cuBLAS   WS 2CTA   BN NS GSM NW  PERS OV SPLIT L1NA TMA TMS
-------------------------------------------------------------------------
 1     1004      68%   on   on  256  3   1  4     1  1     0    0   1   1
 2     1004      68%   on   on  256  3   1  4     1  1     0    0   1   2
 3      999      67%   on   on  256  3   1  4     1  1     1    1   0   2
 4      999      67%   on   on  256  3   1  8     1  1     0    0   1   2
 5      999      67%   on   on  256  3   1  4     1  1     0    0   0   2
 6      999      67%   on   on  256  3   1  8     1  1     0    0   1   1
 7      999      67%   on   on  256  3   1  4     1  1     0    1   0   2
 8      999      67%   on   on  256  3   1 16     1  1     0    0   1   1
 9      999      67%   on   on  256  3   1 16     1  1     0    0   1   2
10      999      67%   on   on  256  3   1  4     1  1     1    0   0   2
# live autotune leaderboard
[####--------------------------------] 91/738 ( 12.3%)
phase: benchmarking generated kernels
cuBLAS reference: 1486 TFLOPS
Top 10 of 91 measured combos at 4096x12288x4096, by TFLOPS:

 #   TFLOPS  %cuBLAS   WS 2CTA   BN NS GSM NW  PERS OV SPLIT L1NA TMA TMS
-------------------------------------------------------------------------
 1     1091      73%   on   on  256  3   4  8     1  1     0    0   1   1
 2     1085      73%   on   on  256  3   4  4     1  1     0    0   1   2
 3     1085      73%   on   on  256  3   4  4     1  1     1    0   0   2
 4     1085      73%   on   on  256  3   4  4     1  1     1    1   0   2
 5     1085      73%   on   on  256  3   4 16     1  1     0    0   1   1
 6     1082      73%   on   on  256  3   4  4     1  1     0    0   1   1
 7     1082      73%   on   on  256  3   4  8     1  1     0    0   1   2
 8     1080      73%   on   on  256  3   4 16     1  1     0    0   1   2
 9     1080      73%   on   on  256  3   4  4     1  1     0    1   0   2
10     1079      73%   on   on  256  3   4  8     1  1     1    1   0   2
# live autotune leaderboard
[#######-----------------------------] 152/738 ( 20.6%)
phase: benchmarking generated kernels
cuBLAS reference: 1486 TFLOPS
Top 10 of 152 measured combos at 4096x12288x4096, by TFLOPS:

 #   TFLOPS  %cuBLAS   WS 2CTA   BN NS GSM NW  PERS OV SPLIT L1NA TMA TMS
-------------------------------------------------------------------------
 1     1202      81%   on   on  256  3  16  4     1  1     0    1   0   2
 2     1202      81%   on   on  256  3  16  4     1  1     1    1   0   2
 3     1202      81%   on   on  256  3  16  8     1  1     0    1   0   2
 4     1202      81%   on   on  256  3  16  8     1  1     1    1   0   2
 5     1202      81%   on   on  256  3  16 16     1  1     0    1   0   2
 6     1201      81%   on   on  256  3  16 16     1  1     1    1   0   2
 7     1184      80%   on   on  256  3  16  8     1  1     0    0   1   2
 8     1181      79%   on   on  256  3  16  4     1  1     0    0   1   2
 9     1180      79%   on   on  256  3  16  4     1  1     0    0   1   1
10     1180      79%   on   on  256  3  16 16     1  1     0    0   1   2
# live autotune leaderboard
[##########--------------------------] 213/738 ( 28.9%)
phase: benchmarking generated kernels
cuBLAS reference: 1486 TFLOPS
Top 10 of 213 measured combos at 4096x12288x4096, by TFLOPS:

 #   TFLOPS  %cuBLAS   WS 2CTA   BN NS GSM NW  PERS OV SPLIT L1NA TMA TMS
-------------------------------------------------------------------------
 1     1205      81%   on   on  256  3  32  4     1  1     1    1   0   2
 2     1202      81%   on   on  256  3  16  4     1  1     0    1   0   2
 3     1202      81%   on   on  256  3  16  4     1  1     1    1   0   2
 4     1202      81%   on   on  256  3  16  8     1  1     0    1   0   2
 5     1202      81%   on   on  256  3  16  8     1  1     1    1   0   2
 6     1202      81%   on   on  256  3  32  4     1  1     0    1   0   2
 7     1202      81%   on   on  256  3  32  8     1  1     0    1   0   2
 8     1202      81%   on   on  256  3  32  8     1  1     1    1   0   2
 9     1202      81%   on   on  256  3  16 16     1  1     0    1   0   2
10     1201      81%   on   on  256  3  16 16     1  1     1    1   0   2
# live autotune leaderboard
[#############-----------------------] 273/738 ( 37.0%)
phase: benchmarking generated kernels
cuBLAS reference: 1486 TFLOPS
Top 10 of 273 measured combos at 4096x12288x4096, by TFLOPS:

 #   TFLOPS  %cuBLAS   WS 2CTA   BN NS GSM NW  PERS OV SPLIT L1NA TMA TMS
-------------------------------------------------------------------------
 1     1286      87%   on   on  256  4   4  4     1  1     0    0   1   2
 2     1286      87%   on   on  256  4   4  4     1  1     0    0   1   1
 3     1283      86%   on   on  256  4   4 16     1  1     0    0   1   1
 4     1278      86%   on   on  256  4   4  8     1  1     0    0   1   1
 5     1278      86%   on   on  256  4   4  8     1  1     0    0   1   2
 6     1278      86%   on   on  256  4   4  8     1  1     1    1   0   2
 7     1278      86%   on   on  256  4   4 16     1  1     0    0   1   2
 8     1278      86%   on   on  256  4   4  4     1  1     1    1   0   2
 9     1270      85%   on   on  256  4   4  4     1  1     1    0   0   2
10     1270      85%   on   on  256  4   4 16     1  1     1    1   0   2
# live autotune leaderboard
[################--------------------] 335/738 ( 45.4%)
phase: benchmarking generated kernels
cuBLAS reference: 1486 TFLOPS
Top 10 of 335 measured combos at 4096x12288x4096, by TFLOPS:

 #   TFLOPS  %cuBLAS   WS 2CTA   BN NS GSM NW  PERS OV SPLIT L1NA TMA TMS
-------------------------------------------------------------------------
 1     1389      93%   on   on  256  4  16  8     1  1     0    0   1   1
 2     1384      93%   on   on  256  4  16  4     1  1     0    0   1   1
 3     1383      93%   on   on  256  4  16 16     1  1     0    0   1   1
 4     1383      93%   on   on  256  4  16  4     1  1     0    0   1   2
 5     1383      93%   on   on  256  4  16  4     1  1     1    1   0   2
 6     1383      93%   on   on  256  4  16  8     1  1     0    0   1   2
 7     1383      93%   on   on  256  4  16  8     1  1     1    1   0   2
 8     1375      93%   on   on  256  4  16 16     1  1     1    1   0   2
 9     1374      92%   on   on  256  4  16 16     1  1     0    0   1   2
10     1372      92%   on   on  256  4  16  8     1  1     0    1   0   2
# live autotune leaderboard
[###################-----------------] 395/738 ( 53.5%)
phase: benchmarking generated kernels
cuBLAS reference: 1486 TFLOPS
Top 10 of 395 measured combos at 4096x12288x4096, by TFLOPS:

 #   TFLOPS  %cuBLAS   WS 2CTA   BN NS GSM NW  PERS OV SPLIT L1NA TMA TMS
-------------------------------------------------------------------------
 1     1389      93%   on   on  256  4  16  8     1  1     0    0   1   1
 2     1384      93%   on   on  256  4  16  4     1  1     0    0   1   1
 3     1384      93%   on   on  256  4  32  4     1  1     0    0   1   1
 4     1384      93%   on   on  256  4  32  8     1  1     0    0   1   1
 5     1383      93%   on   on  256  4  16 16     1  1     0    0   1   1
 6     1383      93%   on   on  256  4  16  4     1  1     0    0   1   2
 7     1383      93%   on   on  256  4  32  4     1  1     1    1   0   2
 8     1383      93%   on   on  256  4  32 16     1  1     0    0   1   1
 9     1383      93%   on   on  256  4  16  4     1  1     1    1   0   2
10     1383      93%   on   on  256  4  16  8     1  1     0    0   1   2
# live autotune leaderboard
[######################--------------] 456/738 ( 61.8%)
phase: benchmarking generated kernels
cuBLAS reference: 1486 TFLOPS
Top 10 of 456 measured combos at 4096x12288x4096, by TFLOPS:

 #   TFLOPS  %cuBLAS   WS 2CTA   BN NS GSM NW  PERS OV SPLIT L1NA TMA TMS
-------------------------------------------------------------------------
 1     1432      96%   on   on  256  5   8  4     1  1     0    0   1   1
 2     1423      96%   on   on  256  5   8  8     1  1     0    0   1   2
 3     1423      96%   on   on  256  5   8  8     1  1     0    0   1   1
 4     1423      96%   on   on  256  5   8 16     1  1     0    0   1   1
 5     1423      96%   on   on  256  5   8  4     1  1     0    0   1   2
 6     1422      96%   on   on  256  5   8 16     1  1     0    0   1   2
 7     1413      95%   on   on  256  5   8  8     1  1     1    1   0   2
 8     1404      94%   on   on  256  5   8  4     1  1     1    1   0   2
 9     1403      94%   on   on  256  5   8 16     1  1     1    1   0   2
10     1393      94%   on   on  256  5   4  4     1  1     0    0   1   1
# live autotune leaderboard
[#########################-----------] 517/738 ( 70.1%)
phase: benchmarking generated kernels
cuBLAS reference: 1486 TFLOPS
Top 10 of 517 measured combos at 4096x12288x4096, by TFLOPS:

 #   TFLOPS  %cuBLAS   WS 2CTA   BN NS GSM NW  PERS OV SPLIT L1NA TMA TMS
-------------------------------------------------------------------------
 1     1453      98%   on   on  256  5  32  4     1  1     0    0   1   1
 2     1453      98%   on   on  256  5  16  4     1  1     0    0   1   1
 3     1453      98%   on   on  256  5  32  8     1  1     0    0   1   1
 4     1443      97%   on   on  256  5  16  8     1  1     0    0   1   1
 5     1443      97%   on   on  256  5  16 16     1  1     0    0   1   1
 6     1443      97%   on   on  256  5  16  8     1  1     0    0   1   2
 7     1443      97%   on   on  256  5  32 16     1  1     0    0   1   1
 8     1443      97%   on   on  256  5  32  8     1  1     0    0   1   2
 9     1434      96%   on   on  256  5  32  4     1  1     0    0   1   2
10     1433      96%   on   on  256  5  32 16     1  1     0    0   1   2
# live autotune leaderboard
[############################--------] 578/738 ( 78.3%)
phase: benchmarking generated kernels
cuBLAS reference: 1486 TFLOPS
Top 10 of 578 measured combos at 4096x12288x4096, by TFLOPS:

 #   TFLOPS  %cuBLAS   WS 2CTA   BN NS GSM NW  PERS OV SPLIT L1NA TMA TMS
-------------------------------------------------------------------------
 1     1454      98%   on   on  256  6  16  4     1  1     0    0   1   1
 2     1453      98%   on   on  256  5  32  4     1  1     0    0   1   1
 3     1453      98%   on   on  256  6  16  8     1  1     0    0   1   1
 4     1453      98%   on   on  256  5  16  4     1  1     0    0   1   1
 5     1453      98%   on   on  256  5  32  8     1  1     0    0   1   1
 6     1443      97%   on   on  256  5  16  8     1  1     0    0   1   1
 7     1443      97%   on   on  256  5  16 16     1  1     0    0   1   1
 8     1443      97%   on   on  256  5  16  8     1  1     0    0   1   2
 9     1443      97%   on   on  256  5  32 16     1  1     0    0   1   1
10     1443      97%   on   on  256  5  32  8     1  1     0    0   1   2
# live autotune leaderboard
[###############################-----] 638/738 ( 86.4%)
phase: benchmarking generated kernels
cuBLAS reference: 1486 TFLOPS
Top 10 of 638 measured combos at 4096x12288x4096, by TFLOPS:

 #   TFLOPS  %cuBLAS   WS 2CTA   BN NS GSM NW  PERS OV SPLIT L1NA TMA TMS
-------------------------------------------------------------------------
 1     1458      98%   on   on  256  6  32  8     1  1     0    0   1   1
 2     1454      98%   on   on  256  6  32  4     1  1     0    0   1   1
 3     1454      98%   on   on  256  6  16  4     1  1     0    0   1   1
 4     1453      98%   on   on  256  6  16 16     1  1     0    0   1   1
 5     1453      98%   on   on  256  5  32  4     1  1     0    0   1   1
 6     1453      98%   on   on  256  6  16  8     1  1     0    0   1   1
 7     1453      98%   on   on  256  5  16  4     1  1     0    0   1   1
 8     1453      98%   on   on  256  5  32  8     1  1     0    0   1   1
 9     1449      97%   on   on  256  6  32 16     1  1     0    0   1   1
10     1443      97%   on   on  256  5  16  8     1  1     0    0   1   1
# live autotune leaderboard
[##################################--] 699/738 ( 94.7%)
phase: benchmarking generated kernels
cuBLAS reference: 1486 TFLOPS
Top 10 of 699 measured combos at 4096x12288x4096, by TFLOPS:

 #   TFLOPS  %cuBLAS   WS 2CTA   BN NS GSM NW  PERS OV SPLIT L1NA TMA TMS
-------------------------------------------------------------------------
 1     1458      98%   on   on  256  6  32  8     1  1     0    0   1   1
 2     1454      98%   on   on  256  6  32  4     1  1     0    0   1   1
 3     1454      98%   on   on  256  6  16  4     1  1     0    0   1   1
 4     1453      98%   on   on  256  6  16 16     1  1     0    0   1   1
 5     1453      98%   on   on  256  5  32  4     1  1     0    0   1   1
 6     1453      98%   on   on  256  6  16  8     1  1     0    0   1   1
 7     1453      98%   on   on  256  5  16  4     1  1     0    0   1   1
 8     1453      98%   on   on  256  5  32  8     1  1     0    0   1   1
 9     1449      97%   on   on  256  6  32 16     1  1     0    0   1   1
10     1443      97%   on   on  256  5  16  8     1  1     0    0   1   1
# live autotune leaderboard
[####################################] 738/738 (100.0%)
phase: done
cuBLAS reference: 1486 TFLOPS
Top 10 of 738 measured combos at 4096x12288x4096, by TFLOPS:

 #   TFLOPS  %cuBLAS   WS 2CTA   BN NS GSM NW  PERS OV SPLIT L1NA TMA TMS
-------------------------------------------------------------------------
 1     1458      98%   on   on  256  6  32  8     1  1     0    0   1   1
 2     1454      98%   on   on  256  6  32  4     1  1     0    0   1   1
 3     1454      98%   on   on  256  6  16  4     1  1     0    0   1   1
 4     1453      98%   on   on  256  6  16 16     1  1     0    0   1   1
 5     1453      98%   on   on  256  5  32  4     1  1     0    0   1   1
 6     1453      98%   on   on  256  6  16  8     1  1     0    0   1   1
 7     1453      98%   on   on  256  5  16  4     1  1     0    0   1   1
 8     1453      98%   on   on  256  5  32  8     1  1     0    0   1   1
 9     1449      97%   on   on  256  6  32 16     1  1     0    0   1   1
10     1443      97%   on   on  256  5  16  8     1  1     0    0   1   1
# final autotune leaderboard
cuBLAS reference: 1486 TFLOPS
Top 10 of 738 measured combos at 4096x12288x4096, by TFLOPS:

 #   TFLOPS  %cuBLAS   WS 2CTA   BN NS GSM NW  PERS OV SPLIT L1NA TMA TMS
-------------------------------------------------------------------------
 1     1458      98%   on   on  256  6  32  8     1  1     0    0   1   1
 2     1454      98%   on   on  256  6  32  4     1  1     0    0   1   1
 3     1454      98%   on   on  256  6  16  4     1  1     0    0   1   1
 4     1454      98%   on   on  256  6  16 16     1  1     0    0   1   1
 5     1453      98%   on   on  256  5  32  4     1  1     0    0   1   1
 6     1453      98%   on   on  256  6  16  8     1  1     0    0   1   1
 7     1453      98%   on   on  256  5  16  4     1  1     0    0   1   1
 8     1453      98%   on   on  256  5  32  8     1  1     0    0   1   1
 9     1449      97%   on   on  256  6  32 16     1  1     0    0   1   1
10     1443      97%   on   on  256  5  16  8     1  1     0    0   1   1
# recorded top 10 results to results/4096x12288x4096.txt
