# autotune 8192x32768x8192  scope=production  (timing on the current GPU; this can take a while)
# do_bench override: warmup=500ms rep=500ms
# filters={'bn': [256, 512], 'ns': [3, 4, 5, 6, 7], 'two_cta': [1], 'tma_store_stages': [1, 2], 'single_tmem_policy': 'bn512-only'}
# live autotune startup
[????????????????????????????????????] 0 measured
cuBLAS reference: n/a
Top 0 of 0 measured combos at 8192x32768x8192, by TFLOPS:

 #   TFLOPS  %cuBLAS   WS 2CTA   BN NS GSM NW  PERS OV SPLIT L1NA TMA TMS
-------------------------------------------------------------------------
# live autotune leaderboard
[#-----------------------------------] 23/738 (  3.1%)
phase: benchmarking generated kernels
cuBLAS reference: 1404 TFLOPS
Top 10 of 23 measured combos at 8192x32768x8192, by TFLOPS:

 #   TFLOPS  %cuBLAS   WS 2CTA   BN NS GSM NW  PERS OV SPLIT L1NA TMA TMS
-------------------------------------------------------------------------
 1      988      70%   on   on  256  3   1  4     1  1     0    0   1   1
 2      987      70%   on   on  256  3   1  4     1  1     0    0   0   2
 3      986      70%   on   on  256  3   1  4     1  1     0    1   0   2
 4      983      70%   on   on  256  3   1  4     1  1     1    1   0   2
 5      983      70%   on   on  256  3   1  8     1  1     0    0   1   1
 6      982      70%   on   on  256  3   1  8     1  1     1    1   0   2
 7      982      70%   on   on  256  3   1  8     1  1     0    1   0   2
 8      981      70%   on   on  256  3   1  8     1  1     0    0   1   2
 9      981      70%   on   on  256  3   1  4     1  1     0    0   1   2
10      980      70%   on   on  256  3   1  4     1  1     1    0   0   2
# live autotune leaderboard
[####--------------------------------] 79/738 ( 10.7%)
phase: benchmarking generated kernels
cuBLAS reference: 1404 TFLOPS
Top 10 of 79 measured combos at 8192x32768x8192, by TFLOPS:

 #   TFLOPS  %cuBLAS   WS 2CTA   BN NS GSM NW  PERS OV SPLIT L1NA TMA TMS
-------------------------------------------------------------------------
 1     1151      82%   on   on  256  3   4  4     1  1     0    1   0   2
 2     1148      82%   on   on  256  3   4  8     1  1     0    0   0   2
 3     1144      82%   on   on  256  3   4  4     1  1     0    0   1   2
 4     1140      81%   on   on  256  3   4  8     1  1     0    0   1   1
 5     1139      81%   on   on  256  3   4  4     1  1     0    0   1   1
 6     1138      81%   on   on  256  3   4  4     1  1     1    1   0   2
 7     1137      81%   on   on  256  3   4  8     1  1     0    0   1   2
 8     1137      81%   on   on  256  3   4  8     1  1     0    1   0   2
 9     1135      81%   on   on  256  3   4  4     1  1     1    0   0   2
10     1133      81%   on   on  256  3   4  8     1  1     1    0   0   2
# live autotune leaderboard
[#######-----------------------------] 135/738 ( 18.3%)
phase: benchmarking generated kernels
cuBLAS reference: 1404 TFLOPS
Top 10 of 135 measured combos at 8192x32768x8192, by TFLOPS:

 #   TFLOPS  %cuBLAS   WS 2CTA   BN NS GSM NW  PERS OV SPLIT L1NA TMA TMS
-------------------------------------------------------------------------
 1     1181      84%   on   on  256  3   8  8     1  1     0    0   1   2
 2     1178      84%   on   on  256  3   8  4     1  1     0    0   1   1
 3     1177      84%   on   on  256  3   8 16     1  1     0    0   1   1
 4     1175      84%   on   on  256  3   8  8     1  1     0    0   1   1
 5     1174      84%   on   on  256  3   8  8     1  1     1    1   0   2
 6     1174      84%   on   on  256  3   8  4     1  1     0    0   1   2
 7     1173      84%   on   on  256  3   8  4     1  1     1    1   0   2
 8     1171      83%   on   on  256  3   8 16     1  1     0    0   1   2
 9     1171      83%   on   on  256  3   8  4     1  1     1    0   0   2
10     1170      83%   on   on  256  3   8  4     1  1     0    1   0   2
# live autotune leaderboard
[#########---------------------------] 190/738 ( 25.7%)
phase: benchmarking generated kernels
cuBLAS reference: 1404 TFLOPS
Top 10 of 190 measured combos at 8192x32768x8192, by TFLOPS:

 #   TFLOPS  %cuBLAS   WS 2CTA   BN NS GSM NW  PERS OV SPLIT L1NA TMA TMS
-------------------------------------------------------------------------
 1     1181      84%   on   on  256  3   8  8     1  1     0    0   1   2
 2     1178      84%   on   on  256  3   8  4     1  1     0    0   1   1
 3     1177      84%   on   on  256  3   8 16     1  1     0    0   1   1
 4     1175      84%   on   on  256  3   8  8     1  1     0    0   1   1
 5     1174      84%   on   on  256  3   8  8     1  1     1    1   0   2
 6     1174      84%   on   on  256  3   8  4     1  1     0    0   1   2
 7     1173      84%   on   on  256  3   8  4     1  1     1    1   0   2
 8     1171      83%   on   on  256  3   8 16     1  1     0    0   1   2
 9     1171      83%   on   on  256  3   8  4     1  1     1    0   0   2
10     1170      83%   on   on  256  3   8  4     1  1     0    1   0   2
# live autotune leaderboard
[############------------------------] 246/738 ( 33.3%)
phase: benchmarking generated kernels
cuBLAS reference: 1404 TFLOPS
Top 10 of 246 measured combos at 8192x32768x8192, by TFLOPS:

 #   TFLOPS  %cuBLAS   WS 2CTA   BN NS GSM NW  PERS OV SPLIT L1NA TMA TMS
-------------------------------------------------------------------------
 1     1296      92%   on   on  256  4   4  4     1  1     0    0   1   1
 2     1283      91%   on   on  256  4   4  4     1  1     0    0   0   2
 3     1249      89%   on   on  256  4   4  4     1  0     0    0   0   2
 4     1243      89%   on   on  256  4   4  4     1  0     0    1   0   2
 5     1238      88%   on   on  256  4   4  4     0  0     0    1   0   2
 6     1229      88%   on   on  256  4   4  4     0  0     0    0   0   2
 7     1191      85%   on   on  256  4   2  4     1  1     0    0   1   1
 8     1191      85%   on   on  256  4   2  8     1  1     0    0   1   1
 9     1189      85%   on   on  256  4   2 16     1  1     0    0   1   1
10     1189      85%   on   on  256  4   2  8     1  1     0    0   1   2
# live autotune leaderboard
[###############---------------------] 303/738 ( 41.1%)
phase: benchmarking generated kernels
cuBLAS reference: 1404 TFLOPS
Top 10 of 303 measured combos at 8192x32768x8192, by TFLOPS:

 #   TFLOPS  %cuBLAS   WS 2CTA   BN NS GSM NW  PERS OV SPLIT L1NA TMA TMS
-------------------------------------------------------------------------
 1     1358      97%   on   on  256  4   8  8     1  1     0    0   1   2
 2     1353      96%   on   on  256  4   8  8     1  1     1    1   0   2
 3     1352      96%   on   on  256  4   8  4     1  1     0    0   1   2
 4     1350      96%   on   on  256  4   8 16     1  1     1    1   0   2
 5     1347      96%   on   on  256  4   8  8     1  1     0    0   1   1
 6     1346      96%   on   on  256  4   8  8     1  1     0    1   0   2
 7     1343      96%   on   on  256  4   8 16     1  1     1    0   0   2
 8     1343      96%   on   on  256  4   8  4     1  1     0    0   0   2
 9     1338      95%   on   on  256  4   8  4     1  1     0    0   1   1
10     1338      95%   on   on  256  4   8 16     1  1     0    1   0   2
# live autotune leaderboard
[##################------------------] 359/738 ( 48.6%)
phase: benchmarking generated kernels
cuBLAS reference: 1404 TFLOPS
Top 10 of 359 measured combos at 8192x32768x8192, by TFLOPS:

 #   TFLOPS  %cuBLAS   WS 2CTA   BN NS GSM NW  PERS OV SPLIT L1NA TMA TMS
-------------------------------------------------------------------------
 1     1358      97%   on   on  256  4   8  8     1  1     0    0   1   2
 2     1353      96%   on   on  256  4   8  8     1  1     1    1   0   2
 3     1352      96%   on   on  256  4   8  4     1  1     0    0   1   2
 4     1352      96%   on   on  256  4  16 16     1  1     0    0   1   1
 5     1350      96%   on   on  256  4   8 16     1  1     1    1   0   2
 6     1348      96%   on   on  256  4  16  4     1  1     1    1   0   2
 7     1347      96%   on   on  256  4   8  8     1  1     0    0   1   1
 8     1346      96%   on   on  256  4  16  4     1  1     0    0   1   1
 9     1346      96%   on   on  256  4   8  8     1  1     0    1   0   2
10     1343      96%   on   on  256  4   8 16     1  1     1    0   0   2
# live autotune leaderboard
[####################----------------] 414/738 ( 56.1%)
phase: benchmarking generated kernels
cuBLAS reference: 1404 TFLOPS
Top 10 of 414 measured combos at 8192x32768x8192, by TFLOPS:

 #   TFLOPS  %cuBLAS   WS 2CTA   BN NS GSM NW  PERS OV SPLIT L1NA TMA TMS
-------------------------------------------------------------------------
 1     1358      97%   on   on  256  4   8  8     1  1     0    0   1   2
 2     1353      96%   on   on  256  4   8  8     1  1     1    1   0   2
 3     1352      96%   on   on  256  4   8  4     1  1     0    0   1   2
 4     1352      96%   on   on  256  4  16 16     1  1     0    0   1   1
 5     1350      96%   on   on  256  4   8 16     1  1     1    1   0   2
 6     1348      96%   on   on  256  4  16  4     1  1     1    1   0   2
 7     1347      96%   on   on  256  4   8  8     1  1     0    0   1   1
 8     1346      96%   on   on  256  4  16  4     1  1     0    0   1   1
 9     1346      96%   on   on  256  4   8  8     1  1     0    1   0   2
10     1343      96%   on   on  256  4   8 16     1  1     1    0   0   2
# live autotune leaderboard
[#######################-------------] 469/738 ( 63.6%)
phase: benchmarking generated kernels
cuBLAS reference: 1404 TFLOPS
Top 10 of 469 measured combos at 8192x32768x8192, by TFLOPS:

 #   TFLOPS  %cuBLAS   WS 2CTA   BN NS GSM NW  PERS OV SPLIT L1NA TMA TMS
-------------------------------------------------------------------------
 1     1378      98%   on   on  256  5   8  8     0  0     0    1   0   2
 2     1366      97%   on   on  256  5   8  4     0  0     0    1   0   2
 3     1358      97%   on   on  256  4   8  8     1  1     0    0   1   2
 4     1355      97%   on   on  256  5   8  4     0  0     0    0   0   2
 5     1353      96%   on   on  256  4   8  8     1  1     1    1   0   2
 6     1352      96%   on   on  256  4   8  4     1  1     0    0   1   2
 7     1352      96%   on   on  256  5   8  8     1  1     0    0   1   1
 8     1352      96%   on   on  256  5   8 16     1  1     0    0   1   1
 9     1352      96%   on   on  256  5  16  4     1  1     0    0   1   2
10     1352      96%   on   on  256  4  16 16     1  1     0    0   1   1
# live autotune leaderboard
[##########################----------] 523/738 ( 70.9%)
phase: benchmarking generated kernels
cuBLAS reference: 1404 TFLOPS
Top 10 of 523 measured combos at 8192x32768x8192, by TFLOPS:

 #   TFLOPS  %cuBLAS   WS 2CTA   BN NS GSM NW  PERS OV SPLIT L1NA TMA TMS
-------------------------------------------------------------------------
 1     1378      98%   on   on  256  5   8  8     0  0     0    1   0   2
 2     1366      97%   on   on  256  5   8  4     0  0     0    1   0   2
 3     1358      97%   on   on  256  4   8  8     1  1     0    0   1   2
 4     1355      97%   on   on  256  5   8  4     0  0     0    0   0   2
 5     1353      96%   on   on  256  4   8  8     1  1     1    1   0   2
 6     1352      96%   on   on  256  4   8  4     1  1     0    0   1   2
 7     1352      96%   on   on  256  5   8  8     1  1     0    0   1   1
 8     1352      96%   on   on  256  5   8 16     1  1     0    0   1   1
 9     1352      96%   on   on  256  5  16  4     1  1     0    0   1   2
10     1352      96%   on   on  256  4  16 16     1  1     0    0   1   1
# live autotune leaderboard
[############################--------] 577/738 ( 78.2%)
phase: benchmarking generated kernels
cuBLAS reference: 1404 TFLOPS
Top 10 of 577 measured combos at 8192x32768x8192, by TFLOPS:

 #   TFLOPS  %cuBLAS   WS 2CTA   BN NS GSM NW  PERS OV SPLIT L1NA TMA TMS
-------------------------------------------------------------------------
 1     1382      98%   on   on  256  6   8  8     0  0     0    0   0   2
 2     1381      98%   on   on  256  6   8 16     0  0     0    1   0   2
 3     1378      98%   on   on  256  5   8  8     0  0     0    1   0   2
 4     1375      98%   on   on  256  6   8  4     0  0     0    0   0   2
 5     1370      98%   on   on  256  6   8  8     0  0     0    1   0   2
 6     1366      97%   on   on  256  5   8  4     0  0     0    1   0   2
 7     1365      97%   on   on  256  6   8 16     0  0     0    0   0   2
 8     1363      97%   on   on  256  6   8  4     0  0     0    1   0   2
 9     1358      97%   on   on  256  4   8  8     1  1     0    0   1   2
10     1355      97%   on   on  256  5   8  4     0  0     0    0   0   2
# live autotune leaderboard
[###############################-----] 631/738 ( 85.5%)
phase: benchmarking generated kernels
cuBLAS reference: 1404 TFLOPS
Top 10 of 631 measured combos at 8192x32768x8192, by TFLOPS:

 #   TFLOPS  %cuBLAS   WS 2CTA   BN NS GSM NW  PERS OV SPLIT L1NA TMA TMS
-------------------------------------------------------------------------
 1     1382      98%   on   on  256  6   8  8     0  0     0    0   0   2
 2     1381      98%   on   on  256  6   8 16     0  0     0    1   0   2
 3     1378      98%   on   on  256  5   8  8     0  0     0    1   0   2
 4     1375      98%   on   on  256  6   8  4     0  0     0    0   0   2
 5     1370      98%   on   on  256  6   8  8     0  0     0    1   0   2
 6     1366      97%   on   on  256  5   8  4     0  0     0    1   0   2
 7     1365      97%   on   on  256  6   8 16     0  0     0    0   0   2
 8     1363      97%   on   on  256  6   8  4     0  0     0    1   0   2
 9     1358      97%   on   on  256  4   8  8     1  1     0    0   1   2
10     1355      97%   on   on  256  5   8  4     0  0     0    0   0   2
# live autotune leaderboard
[#################################---] 685/738 ( 92.8%)
phase: benchmarking generated kernels
cuBLAS reference: 1404 TFLOPS
Top 10 of 685 measured combos at 8192x32768x8192, by TFLOPS:

 #   TFLOPS  %cuBLAS   WS 2CTA   BN NS GSM NW  PERS OV SPLIT L1NA TMA TMS
-------------------------------------------------------------------------
 1     1415     101%   on   on  512  3   8  4     1  1     0    0   1   1
 2     1393      99%   on   on  256  7   8  4     0  0     0    1   0   2
 3     1382      98%   on   on  256  7   8  8     0  0     0    0   0   2
 4     1382      98%   on   on  256  6   8  8     0  0     0    0   0   2
 5     1381      98%   on   on  256  6   8 16     0  0     0    1   0   2
 6     1380      98%   on   on  256  7   8 16     0  0     0    0   0   2
 7     1378      98%   on   on  256  5   8  8     0  0     0    1   0   2
 8     1375      98%   on   on  256  6   8  4     0  0     0    0   0   2
 9     1370      98%   on   on  256  6   8  8     0  0     0    1   0   2
10     1367      97%   on   on  256  7   8 16     0  0     0    1   0   2
# live autotune leaderboard
[####################################] 738/738 (100.0%)
phase: done
cuBLAS reference: 1404 TFLOPS
Top 10 of 738 measured combos at 8192x32768x8192, by TFLOPS:

 #   TFLOPS  %cuBLAS   WS 2CTA   BN NS GSM NW  PERS OV SPLIT L1NA TMA TMS
-------------------------------------------------------------------------
 1     1458     104%   on   on  512  3  16  4     1  1     0    0   1   2
 2     1453     104%   on   on  512  3  16 16     1  1     0    0   1   2
 3     1450     103%   on   on  512  3  32  8     1  1     0    0   1   2
 4     1448     103%   on   on  512  4  16  4     1  1     0    0   1   2
 5     1444     103%   on   on  512  4   8  8     1  1     0    0   1   2
 6     1415     101%   on   on  512  3   8  4     1  1     0    0   1   1
 7     1408     100%   on   on  512  3  16 16     1  1     0    0   1   1
 8     1405     100%   on   on  512  3  16  4     1  1     0    0   1   1
 9     1399     100%   on   on  512  3  16  8     1  1     0    0   1   1
10     1395      99%   on   on  512  4  16  8     1  1     0    0   1   1
# final autotune leaderboard
cuBLAS reference: 1404 TFLOPS
Top 10 of 738 measured combos at 8192x32768x8192, by TFLOPS:

 #   TFLOPS  %cuBLAS   WS 2CTA   BN NS GSM NW  PERS OV SPLIT L1NA TMA TMS
-------------------------------------------------------------------------
 1     1458     104%   on   on  512  3  16  4     1  1     0    0   1   2
 2     1453     104%   on   on  512  3  16 16     1  1     0    0   1   2
 3     1450     103%   on   on  512  3  32  8     1  1     0    0   1   2
 4     1448     103%   on   on  512  4  16  4     1  1     0    0   1   2
 5     1444     103%   on   on  512  4   8  8     1  1     0    0   1   2
 6     1415     101%   on   on  512  3   8  4     1  1     0    0   1   1
 7     1408     100%   on   on  512  3  16 16     1  1     0    0   1   1
 8     1405     100%   on   on  512  3  16  4     1  1     0    0   1   1
 9     1400     100%   on   on  512  3  16  8     1  1     0    0   1   1
10     1395      99%   on   on  512  4  16  8     1  1     0    0   1   1
# recorded top 10 results to results/8192x32768x8192.txt
