# autotune 16384x4608x768  scope=production  (timing on the current GPU; this can take a while)
# do_bench override: warmup=500ms rep=500ms
# filters={'bn': [256, 512], 'ns': [3, 4, 5, 6, 7], 'two_cta': [1], 'tma_store_stages': [1, 2], 'single_tmem_policy': 'bn512-only'}
# live autotune startup
[????????????????????????????????????] 0 measured
cuBLAS reference: n/a
Top 0 of 0 measured combos at 16384x4608x768, by TFLOPS:

 #   TFLOPS  %cuBLAS   WS 2CTA   BN NS GSM NW  PERS OV SPLIT L1NA TMA TMS
-------------------------------------------------------------------------
# live autotune startup
[###################-----------------] 296/558 ( 53.0%)
phase: compiled OK: 296/296
measured combos: 0/738
cuBLAS reference: 1467 TFLOPS
Top 0 of 0 measured combos at 16384x4608x768, by TFLOPS:

 #   TFLOPS  %cuBLAS   WS 2CTA   BN NS GSM NW  PERS OV SPLIT L1NA TMA TMS
-------------------------------------------------------------------------
# live autotune leaderboard
[##----------------------------------] 31/738 (  4.2%)
phase: benchmarking generated kernels
cuBLAS reference: 1467 TFLOPS
Top 10 of 31 measured combos at 16384x4608x768, by TFLOPS:

 #   TFLOPS  %cuBLAS   WS 2CTA   BN NS GSM NW  PERS OV SPLIT L1NA TMA TMS
-------------------------------------------------------------------------
 1     1144      78%   on   on  256  3   1  4     1  1     0    0   1   1
 2     1144      78%   on   on  256  3   1  4     1  1     0    0   1   2
 3     1144      78%   on   on  256  3   1  4     1  1     1    1   0   2
 4     1143      78%   on   on  256  3   1  8     1  1     0    0   1   2
 5     1143      78%   on   on  256  3   1  8     1  1     0    0   1   1
 6     1132      77%   on   on  256  3   1  8     1  1     1    1   0   2
 7     1131      77%   on   on  256  3   1  4     1  1     1    0   0   2
 8     1131      77%   on   on  256  3   1 16     1  1     0    0   1   2
 9     1130      77%   on   on  256  3   1  4     1  1     0    1   0   2
10     1121      76%   on   on  256  3   1  8     1  1     0    1   0   2
# live autotune leaderboard
[#####-------------------------------] 97/738 ( 13.1%)
phase: benchmarking generated kernels
cuBLAS reference: 1467 TFLOPS
Top 10 of 97 measured combos at 16384x4608x768, by TFLOPS:

 #   TFLOPS  %cuBLAS   WS 2CTA   BN NS GSM NW  PERS OV SPLIT L1NA TMA TMS
-------------------------------------------------------------------------
 1     1194      81%   on   on  256  3   4  4     1  1     1    1   0   2
 2     1192      81%   on   on  256  3   4  8     1  1     1    1   0   2
 3     1191      81%   on   on  256  3   2  4     1  1     1    1   0   2
 4     1191      81%   on   on  256  3   4  4     1  1     0    0   1   2
 5     1191      81%   on   on  256  3   4  4     1  1     0    1   0   2
 6     1186      81%   on   on  256  3   4  8     1  1     0    0   1   2
 7     1169      80%   on   on  256  3   4  8     1  1     0    1   0   2
 8     1168      80%   on   on  256  3   2  8     1  1     1    1   0   2
 9     1167      80%   on   on  256  3   2  4     1  1     0    1   0   2
10     1167      80%   on   on  256  3   4 16     1  1     0    0   1   2
# live autotune leaderboard
[########----------------------------] 162/738 ( 22.0%)
phase: benchmarking generated kernels
cuBLAS reference: 1467 TFLOPS
Top 10 of 162 measured combos at 16384x4608x768, by TFLOPS:

 #   TFLOPS  %cuBLAS   WS 2CTA   BN NS GSM NW  PERS OV SPLIT L1NA TMA TMS
-------------------------------------------------------------------------
 1     1194      81%   on   on  256  3   4  4     1  1     1    1   0   2
 2     1192      81%   on   on  256  3   4  8     1  1     1    1   0   2
 3     1191      81%   on   on  256  3   8  4     1  1     1    1   0   2
 4     1191      81%   on   on  256  3   2  4     1  1     1    1   0   2
 5     1191      81%   on   on  256  3   4  4     1  1     0    0   1   2
 6     1191      81%   on   on  256  3   4  4     1  1     0    1   0   2
 7     1190      81%   on   on  256  3   8  8     1  1     1    1   0   2
 8     1186      81%   on   on  256  3   4  8     1  1     0    0   1   2
 9     1169      80%   on   on  256  3   4  8     1  1     0    1   0   2
10     1168      80%   on   on  256  3   2  8     1  1     1    1   0   2
# live autotune leaderboard
[###########-------------------------] 227/738 ( 30.8%)
phase: benchmarking generated kernels
cuBLAS reference: 1467 TFLOPS
Top 10 of 227 measured combos at 16384x4608x768, by TFLOPS:

 #   TFLOPS  %cuBLAS   WS 2CTA   BN NS GSM NW  PERS OV SPLIT L1NA TMA TMS
-------------------------------------------------------------------------
 1     1397      95%   on   on  256  4   2  4     1  1     0    0   1   1
 2     1396      95%   on   on  256  4   2  8     1  1     0    0   1   1
 3     1363      93%   on   on  256  4   2  4     1  1     0    0   1   2
 4     1363      93%   on   on  256  4   2  8     1  1     0    0   1   2
 5     1332      91%   on   on  256  4   1  4     1  1     0    0   1   1
 6     1331      91%   on   on  256  4   1  8     1  1     0    0   1   1
 7     1317      90%   on   on  256  4   1 16     1  1     0    0   1   1
 8     1302      89%   on   on  256  4   1  4     1  1     0    0   1   2
 9     1301      89%   on   on  256  4   1  8     1  1     0    0   1   2
10     1301      89%   on   on  256  4   2  4     1  1     1    1   0   2
# live autotune leaderboard
[##############----------------------] 293/738 ( 39.7%)
phase: benchmarking generated kernels
cuBLAS reference: 1467 TFLOPS
Top 10 of 293 measured combos at 16384x4608x768, by TFLOPS:

 #   TFLOPS  %cuBLAS   WS 2CTA   BN NS GSM NW  PERS OV SPLIT L1NA TMA TMS
-------------------------------------------------------------------------
 1     1398      95%   on   on  256  4   4  4     1  1     0    0   1   1
 2     1397      95%   on   on  256  4   2  4     1  1     0    0   1   1
 3     1397      95%   on   on  256  4   4  8     1  1     0    0   1   1
 4     1396      95%   on   on  256  4   8  4     1  1     0    0   1   1
 5     1396      95%   on   on  256  4   8  8     1  1     0    0   1   1
 6     1396      95%   on   on  256  4   2  8     1  1     0    0   1   1
 7     1395      95%   on   on  256  4   4 16     1  1     0    0   1   1
 8     1364      93%   on   on  256  4   2 16     1  1     0    0   1   1
 9     1364      93%   on   on  256  4   4  4     1  1     0    0   1   2
10     1363      93%   on   on  256  4   2  4     1  1     0    0   1   2
# live autotune leaderboard
[#################-------------------] 358/738 ( 48.5%)
phase: benchmarking generated kernels
cuBLAS reference: 1467 TFLOPS
Top 10 of 358 measured combos at 16384x4608x768, by TFLOPS:

 #   TFLOPS  %cuBLAS   WS 2CTA   BN NS GSM NW  PERS OV SPLIT L1NA TMA TMS
-------------------------------------------------------------------------
 1     1398      95%   on   on  256  4   4  4     1  1     0    0   1   1
 2     1397      95%   on   on  256  4   2  4     1  1     0    0   1   1
 3     1397      95%   on   on  256  4   4  8     1  1     0    0   1   1
 4     1396      95%   on   on  256  4   8  4     1  1     0    0   1   1
 5     1396      95%   on   on  256  4   8  8     1  1     0    0   1   1
 6     1396      95%   on   on  256  4   2  8     1  1     0    0   1   1
 7     1395      95%   on   on  256  4   4 16     1  1     0    0   1   1
 8     1364      93%   on   on  256  4   2 16     1  1     0    0   1   1
 9     1364      93%   on   on  256  4   4  4     1  1     0    0   1   2
10     1364      93%   on   on  256  4   8 16     1  1     0    0   1   1
# live autotune leaderboard
[#####################---------------] 423/738 ( 57.3%)
phase: benchmarking generated kernels
cuBLAS reference: 1467 TFLOPS
Top 10 of 423 measured combos at 16384x4608x768, by TFLOPS:

 #   TFLOPS  %cuBLAS   WS 2CTA   BN NS GSM NW  PERS OV SPLIT L1NA TMA TMS
-------------------------------------------------------------------------
 1     1432      98%   on   on  256  5   4  8     1  1     0    0   1   1
 2     1431      98%   on   on  256  5   4  4     1  1     0    0   1   1
 3     1417      97%   on   on  256  5   2  8     1  1     0    0   1   1
 4     1399      95%   on   on  256  5   2  4     1  1     0    0   1   1
 5     1398      95%   on   on  256  4   4  4     1  1     0    0   1   1
 6     1397      95%   on   on  256  4   2  4     1  1     0    0   1   1
 7     1397      95%   on   on  256  4   4  8     1  1     0    0   1   1
 8     1397      95%   on   on  256  5   2  4     1  1     0    0   1   2
 9     1397      95%   on   on  256  5   2 16     1  1     0    0   1   1
10     1397      95%   on   on  256  5   4  4     1  1     0    0   1   2
# live autotune leaderboard
[########################------------] 488/738 ( 66.1%)
phase: benchmarking generated kernels
cuBLAS reference: 1467 TFLOPS
Top 10 of 488 measured combos at 16384x4608x768, by TFLOPS:

 #   TFLOPS  %cuBLAS   WS 2CTA   BN NS GSM NW  PERS OV SPLIT L1NA TMA TMS
-------------------------------------------------------------------------
 1     1432      98%   on   on  256  5   4  8     1  1     0    0   1   1
 2     1431      98%   on   on  256  5   4  4     1  1     0    0   1   1
 3     1431      98%   on   on  256  5   8  4     1  1     0    0   1   1
 4     1417      97%   on   on  256  5   2  8     1  1     0    0   1   1
 5     1400      95%   on   on  256  5   4 16     1  1     0    0   1   1
 6     1399      95%   on   on  256  5   2  4     1  1     0    0   1   1
 7     1399      95%   on   on  256  5   8  8     1  1     0    0   1   1
 8     1398      95%   on   on  256  4   4  4     1  1     0    0   1   1
 9     1398      95%   on   on  256  5   8 16     1  1     0    0   1   1
10     1397      95%   on   on  256  4   2  4     1  1     0    0   1   1
# live autotune leaderboard
[###########################---------] 553/738 ( 74.9%)
phase: benchmarking generated kernels
cuBLAS reference: 1467 TFLOPS
Top 10 of 553 measured combos at 16384x4608x768, by TFLOPS:

 #   TFLOPS  %cuBLAS   WS 2CTA   BN NS GSM NW  PERS OV SPLIT L1NA TMA TMS
-------------------------------------------------------------------------
 1     1432      98%   on   on  256  5   4  8     1  1     0    0   1   1
 2     1432      98%   on   on  256  6   1  4     1  1     0    0   1   1
 3     1432      98%   on   on  256  6   2  4     1  1     0    0   1   1
 4     1432      98%   on   on  256  6   4  4     1  1     0    0   1   1
 5     1432      98%   on   on  256  6   4  8     1  1     0    0   1   1
 6     1431      98%   on   on  256  5   4  4     1  1     0    0   1   1
 7     1431      98%   on   on  256  5   8  4     1  1     0    0   1   1
 8     1431      98%   on   on  256  6   1  8     1  1     0    0   1   1
 9     1431      98%   on   on  256  6   2  8     1  1     0    0   1   1
10     1431      98%   on   on  256  6   2 16     1  1     0    0   1   1
# live autotune leaderboard
[##############################------] 619/738 ( 83.9%)
phase: benchmarking generated kernels
cuBLAS reference: 1467 TFLOPS
Top 10 of 619 measured combos at 16384x4608x768, by TFLOPS:

 #   TFLOPS  %cuBLAS   WS 2CTA   BN NS GSM NW  PERS OV SPLIT L1NA TMA TMS
-------------------------------------------------------------------------
 1     1432      98%   on   on  256  5   4  8     1  1     0    0   1   1
 2     1432      98%   on   on  256  6   1  4     1  1     0    0   1   1
 3     1432      98%   on   on  256  6   2  4     1  1     0    0   1   1
 4     1432      98%   on   on  256  6   4  4     1  1     0    0   1   1
 5     1432      98%   on   on  256  6   4  8     1  1     0    0   1   1
 6     1432      98%   on   on  256  6   8  4     1  1     0    0   1   1
 7     1431      98%   on   on  256  5   4  4     1  1     0    0   1   1
 8     1431      98%   on   on  256  5   8  4     1  1     0    0   1   1
 9     1431      98%   on   on  256  6   1  8     1  1     0    0   1   1
10     1431      98%   on   on  256  6   2  8     1  1     0    0   1   1
# live autotune leaderboard
[#################################---] 685/738 ( 92.8%)
phase: benchmarking generated kernels
cuBLAS reference: 1467 TFLOPS
Top 10 of 685 measured combos at 16384x4608x768, by TFLOPS:

 #   TFLOPS  %cuBLAS   WS 2CTA   BN NS GSM NW  PERS OV SPLIT L1NA TMA TMS
-------------------------------------------------------------------------
 1     1432      98%   on   on  256  5   4  8     1  1     0    0   1   1
 2     1432      98%   on   on  256  6   1  4     1  1     0    0   1   1
 3     1432      98%   on   on  256  6   2  4     1  1     0    0   1   1
 4     1432      98%   on   on  256  6   4  4     1  1     0    0   1   1
 5     1432      98%   on   on  256  6   4  8     1  1     0    0   1   1
 6     1432      98%   on   on  256  6   8  4     1  1     0    0   1   1
 7     1431      98%   on   on  256  5   4  4     1  1     0    0   1   1
 8     1431      98%   on   on  256  5   8  4     1  1     0    0   1   1
 9     1431      98%   on   on  256  6   1  8     1  1     0    0   1   1
10     1431      98%   on   on  256  6   2  8     1  1     0    0   1   1
# live autotune leaderboard
[####################################] 738/738 (100.0%)
phase: done
cuBLAS reference: 1467 TFLOPS
Top 10 of 738 measured combos at 16384x4608x768, by TFLOPS:

 #   TFLOPS  %cuBLAS   WS 2CTA   BN NS GSM NW  PERS OV SPLIT L1NA TMA TMS
-------------------------------------------------------------------------
 1     1432      98%   on   on  256  5   4  8     1  1     0    0   1   1
 2     1432      98%   on   on  256  6   1  4     1  1     0    0   1   1
 3     1432      98%   on   on  256  6   2  4     1  1     0    0   1   1
 4     1432      98%   on   on  256  6   4  4     1  1     0    0   1   1
 5     1432      98%   on   on  256  6   4  8     1  1     0    0   1   1
 6     1432      98%   on   on  256  6   8  4     1  1     0    0   1   1
 7     1431      98%   on   on  256  5   4  4     1  1     0    0   1   1
 8     1431      98%   on   on  256  5   8  4     1  1     0    0   1   1
 9     1431      98%   on   on  256  6   1  8     1  1     0    0   1   1
10     1431      98%   on   on  256  6   2  8     1  1     0    0   1   1
# final autotune leaderboard
cuBLAS reference: 1467 TFLOPS
Top 10 of 738 measured combos at 16384x4608x768, by TFLOPS:

 #   TFLOPS  %cuBLAS   WS 2CTA   BN NS GSM NW  PERS OV SPLIT L1NA TMA TMS
-------------------------------------------------------------------------
 1     1432      98%   on   on  256  5   4  8     1  1     0    0   1   1
 2     1432      98%   on   on  256  6   1  4     1  1     0    0   1   1
 3     1432      98%   on   on  256  6   2  4     1  1     0    0   1   1
 4     1432      98%   on   on  256  6   4  4     1  1     0    0   1   1
 5     1432      98%   on   on  256  6   4  8     1  1     0    0   1   1
 6     1432      98%   on   on  256  6   8  4     1  1     0    0   1   1
 7     1431      98%   on   on  256  5   4  4     1  1     0    0   1   1
 8     1431      98%   on   on  256  5   8  4     1  1     0    0   1   1
 9     1431      98%   on   on  256  6   1  8     1  1     0    0   1   1
10     1431      98%   on   on  256  6   2  8     1  1     0    0   1   1
# recorded top 10 results to results/16384x4608x768.txt
