# autotune 32768x12288x768  scope=production  (timing on the current GPU; this can take a while)
# do_bench override: warmup=500ms rep=500ms
# filters={'bn': [256, 512], 'ns': [3, 4, 5, 6, 7], 'two_cta': [1], 'tma_store_stages': [1, 2], 'single_tmem_policy': 'bn512-only'}
# live autotune startup
[????????????????????????????????????] 0 measured
cuBLAS reference: n/a
Top 0 of 0 measured combos at 32768x12288x768, by TFLOPS:

 #   TFLOPS  %cuBLAS   WS 2CTA   BN NS GSM NW  PERS OV SPLIT L1NA TMA TMS
-------------------------------------------------------------------------
# live autotune startup
[####################----------------] 312/558 ( 55.9%)
phase: compiled OK: 312/312
measured combos: 0/738
cuBLAS reference: 1321 TFLOPS
Top 0 of 0 measured combos at 32768x12288x768, by TFLOPS:

 #   TFLOPS  %cuBLAS   WS 2CTA   BN NS GSM NW  PERS OV SPLIT L1NA TMA TMS
-------------------------------------------------------------------------
# live autotune leaderboard
[#-----------------------------------] 30/738 (  4.1%)
phase: benchmarking generated kernels
cuBLAS reference: 1321 TFLOPS
Top 10 of 30 measured combos at 32768x12288x768, by TFLOPS:

 #   TFLOPS  %cuBLAS   WS 2CTA   BN NS GSM NW  PERS OV SPLIT L1NA TMA TMS
-------------------------------------------------------------------------
 1     1129      85%   on   on  256  3   1  4     1  1     1    1   0   2
 2     1120      85%   on   on  256  3   1  4     1  1     0    1   0   2
 3     1112      84%   on   on  256  3   1  8     1  1     1    1   0   2
 4     1108      84%   on   on  256  3   1 16     1  1     0    1   0   2
 5     1106      84%   on   on  256  3   1  8     1  1     0    1   0   2
 6     1098      83%   on   on  256  3   1  4     1  1     0    0   1   1
 7     1096      83%   on   on  256  3   1 16     1  1     1    1   0   2
 8     1088      82%   on   on  256  3   1  8     1  1     0    0   1   1
 9     1081      82%   on   on  256  3   1 16     1  1     0    0   1   1
10     1079      82%   on   on  256  3   1  4     1  1     0    0   1   2
# live autotune leaderboard
[####--------------------------------] 90/738 ( 12.2%)
phase: benchmarking generated kernels
cuBLAS reference: 1321 TFLOPS
Top 10 of 90 measured combos at 32768x12288x768, by TFLOPS:

 #   TFLOPS  %cuBLAS   WS 2CTA   BN NS GSM NW  PERS OV SPLIT L1NA TMA TMS
-------------------------------------------------------------------------
 1     1151      87%   on   on  256  3   4  4     1  1     0    1   0   2
 2     1148      87%   on   on  256  3   4  4     1  1     1    1   0   2
 3     1142      86%   on   on  256  3   4  8     1  1     0    1   0   2
 4     1140      86%   on   on  256  3   4  8     1  1     1    1   0   2
 5     1129      85%   on   on  256  3   4 16     1  1     0    1   0   2
 6     1129      85%   on   on  256  3   1  4     1  1     1    1   0   2
 7     1124      85%   on   on  256  3   2  4     1  1     0    1   0   2
 8     1120      85%   on   on  256  3   1  4     1  1     0    1   0   2
 9     1116      85%   on   on  256  3   2  4     1  1     1    1   0   2
10     1116      85%   on   on  256  3   4  4     1  1     0    0   1   1
# live autotune leaderboard
[#######-----------------------------] 150/738 ( 20.3%)
phase: benchmarking generated kernels
cuBLAS reference: 1321 TFLOPS
Top 10 of 150 measured combos at 32768x12288x768, by TFLOPS:

 #   TFLOPS  %cuBLAS   WS 2CTA   BN NS GSM NW  PERS OV SPLIT L1NA TMA TMS
-------------------------------------------------------------------------
 1     1151      87%   on   on  256  3   4  4     1  1     0    1   0   2
 2     1148      87%   on   on  256  3   4  4     1  1     1    1   0   2
 3     1142      86%   on   on  256  3   4  8     1  1     0    1   0   2
 4     1141      86%   on   on  256  3   8  4     1  1     1    1   0   2
 5     1140      86%   on   on  256  3   4  8     1  1     1    1   0   2
 6     1129      85%   on   on  256  3   8  8     1  1     1    1   0   2
 7     1129      85%   on   on  256  3   4 16     1  1     0    1   0   2
 8     1129      85%   on   on  256  3   1  4     1  1     1    1   0   2
 9     1125      85%   on   on  256  3   8  4     1  1     0    1   0   2
10     1124      85%   on   on  256  3   2  4     1  1     0    1   0   2
# live autotune leaderboard
[##########--------------------------] 209/738 ( 28.3%)
phase: benchmarking generated kernels
cuBLAS reference: 1321 TFLOPS
Top 10 of 209 measured combos at 32768x12288x768, by TFLOPS:

 #   TFLOPS  %cuBLAS   WS 2CTA   BN NS GSM NW  PERS OV SPLIT L1NA TMA TMS
-------------------------------------------------------------------------
 1     1271      96%   on   on  256  4   1  8     1  1     1    1   0   2
 2     1266      96%   on   on  256  4   1  4     1  1     1    1   0   2
 3     1250      95%   on   on  256  4   1  4     1  1     0    0   1   1
 4     1250      95%   on   on  256  4   1  8     1  1     0    0   1   1
 5     1245      94%   on   on  256  4   1 16     1  1     0    0   1   1
 6     1230      93%   on   on  256  4   1  4     1  1     0    0   1   2
 7     1220      92%   on   on  256  4   1  4     1  1     0    1   0   2
 8     1220      92%   on   on  256  4   1 16     1  1     0    0   1   2
 9     1220      92%   on   on  256  4   1  8     1  1     0    0   1   2
10     1218      92%   on   on  256  4   1 16     1  1     0    1   0   2
# live autotune leaderboard
[#############-----------------------] 269/738 ( 36.4%)
phase: benchmarking generated kernels
cuBLAS reference: 1321 TFLOPS
Top 10 of 269 measured combos at 32768x12288x768, by TFLOPS:

 #   TFLOPS  %cuBLAS   WS 2CTA   BN NS GSM NW  PERS OV SPLIT L1NA TMA TMS
-------------------------------------------------------------------------
 1     1277      97%   on   on  256  4   4  4     1  1     0    0   1   1
 2     1277      97%   on   on  256  4   4  8     1  1     0    0   1   1
 3     1271      96%   on   on  256  4   1  8     1  1     1    1   0   2
 4     1266      96%   on   on  256  4   1  4     1  1     1    1   0   2
 5     1266      96%   on   on  256  4   2  4     1  1     1    1   0   2
 6     1264      96%   on   on  256  4   4 16     1  1     0    0   1   1
 7     1261      95%   on   on  256  4   2  8     1  1     1    1   0   2
 8     1256      95%   on   on  256  4   4  4     1  1     1    1   0   2
 9     1256      95%   on   on  256  4   4  8     1  1     1    1   0   2
10     1250      95%   on   on  256  4   1  4     1  1     0    0   1   1
# live autotune leaderboard
[################--------------------] 329/738 ( 44.6%)
phase: benchmarking generated kernels
cuBLAS reference: 1321 TFLOPS
Top 10 of 329 measured combos at 32768x12288x768, by TFLOPS:

 #   TFLOPS  %cuBLAS   WS 2CTA   BN NS GSM NW  PERS OV SPLIT L1NA TMA TMS
-------------------------------------------------------------------------
 1     1277      97%   on   on  256  4   4  4     1  1     0    0   1   1
 2     1277      97%   on   on  256  4   4  8     1  1     0    0   1   1
 3     1276      97%   on   on  256  4   8  4     1  1     0    0   1   1
 4     1271      96%   on   on  256  4   1  8     1  1     1    1   0   2
 5     1266      96%   on   on  256  4   1  4     1  1     1    1   0   2
 6     1266      96%   on   on  256  4   2  4     1  1     1    1   0   2
 7     1264      96%   on   on  256  4   4 16     1  1     0    0   1   1
 8     1261      95%   on   on  256  4   8  4     1  1     1    1   0   2
 9     1261      95%   on   on  256  4   2  8     1  1     1    1   0   2
10     1261      95%   on   on  256  4   8  8     1  1     0    0   1   1
# live autotune leaderboard
[###################-----------------] 388/738 ( 52.6%)
phase: benchmarking generated kernels
cuBLAS reference: 1321 TFLOPS
Top 10 of 388 measured combos at 32768x12288x768, by TFLOPS:

 #   TFLOPS  %cuBLAS   WS 2CTA   BN NS GSM NW  PERS OV SPLIT L1NA TMA TMS
-------------------------------------------------------------------------
 1     1363     103%   on   on  256  5   1  4     1  1     0    0   1   1
 2     1351     102%   on   on  256  5   1  8     1  1     0    0   1   1
 3     1342     102%   on   on  256  5   1 16     1  1     0    0   1   1
 4     1316     100%   on   on  256  4  32  4     1  1     0    0   1   1
 5     1315     100%   on   on  256  4  32  8     1  1     0    0   1   1
 6     1314      99%   on   on  256  5   1  4     1  1     0    0   1   2
 7     1307      99%   on   on  256  5   1  8     1  1     0    0   1   2
 8     1302      99%   on   on  256  4  32 16     1  1     0    0   1   1
 9     1299      98%   on   on  256  5   1  8     1  1     1    1   0   2
10     1299      98%   on   on  256  5   1 16     1  1     0    0   1   2
# live autotune leaderboard
[######################--------------] 448/738 ( 60.7%)
phase: benchmarking generated kernels
cuBLAS reference: 1321 TFLOPS
Top 10 of 448 measured combos at 32768x12288x768, by TFLOPS:

 #   TFLOPS  %cuBLAS   WS 2CTA   BN NS GSM NW  PERS OV SPLIT L1NA TMA TMS
-------------------------------------------------------------------------
 1     1363     103%   on   on  256  5   1  4     1  1     0    0   1   1
 2     1360     103%   on   on  256  5   2  4     1  1     0    0   1   1
 3     1357     103%   on   on  256  5   2  8     1  1     0    0   1   1
 4     1357     103%   on   on  256  5   4  4     1  1     0    0   1   1
 5     1351     102%   on   on  256  5   1  8     1  1     0    0   1   1
 6     1351     102%   on   on  256  5   4  8     1  1     0    0   1   1
 7     1345     102%   on   on  256  5   2 16     1  1     0    0   1   1
 8     1345     102%   on   on  256  5   4 16     1  1     0    0   1   1
 9     1342     102%   on   on  256  5   1 16     1  1     0    0   1   1
10     1333     101%   on   on  256  5   8  4     1  1     0    0   1   1
# live autotune leaderboard
[#########################-----------] 508/738 ( 68.8%)
phase: benchmarking generated kernels
cuBLAS reference: 1321 TFLOPS
Top 10 of 508 measured combos at 32768x12288x768, by TFLOPS:

 #   TFLOPS  %cuBLAS   WS 2CTA   BN NS GSM NW  PERS OV SPLIT L1NA TMA TMS
-------------------------------------------------------------------------
 1     1363     103%   on   on  256  5   1  4     1  1     0    0   1   1
 2     1360     103%   on   on  256  5   2  4     1  1     0    0   1   1
 3     1357     103%   on   on  256  5  32  4     1  1     0    0   1   1
 4     1357     103%   on   on  256  5  32  8     1  1     0    0   1   1
 5     1357     103%   on   on  256  5   2  8     1  1     0    0   1   1
 6     1357     103%   on   on  256  5   4  4     1  1     0    0   1   1
 7     1351     102%   on   on  256  5   1  8     1  1     0    0   1   1
 8     1351     102%   on   on  256  5   4  8     1  1     0    0   1   1
 9     1351     102%   on   on  256  5  32 16     1  1     0    0   1   1
10     1345     102%   on   on  256  5   2 16     1  1     0    0   1   1
# live autotune leaderboard
[############################--------] 568/738 ( 77.0%)
phase: benchmarking generated kernels
cuBLAS reference: 1321 TFLOPS
Top 10 of 568 measured combos at 32768x12288x768, by TFLOPS:

 #   TFLOPS  %cuBLAS   WS 2CTA   BN NS GSM NW  PERS OV SPLIT L1NA TMA TMS
-------------------------------------------------------------------------
 1     1395     106%   on   on  256  6   1  8     1  1     0    0   1   1
 2     1395     106%   on   on  256  6   1  4     1  1     0    0   1   1
 3     1394     106%   on   on  256  6   2  4     1  1     0    0   1   1
 4     1394     106%   on   on  256  6   2  8     1  1     0    0   1   1
 5     1392     105%   on   on  256  6   1 16     1  1     0    0   1   1
 6     1382     105%   on   on  256  6   2 16     1  1     0    0   1   1
 7     1382     105%   on   on  256  6   4  4     1  1     0    0   1   1
 8     1382     105%   on   on  256  6   4  8     1  1     0    0   1   1
 9     1376     104%   on   on  256  6   8  4     1  1     0    0   1   1
10     1376     104%   on   on  256  6   8  8     1  1     0    0   1   1
# live autotune leaderboard
[###############################-----] 628/738 ( 85.1%)
phase: benchmarking generated kernels
cuBLAS reference: 1321 TFLOPS
Top 10 of 628 measured combos at 32768x12288x768, by TFLOPS:

 #   TFLOPS  %cuBLAS   WS 2CTA   BN NS GSM NW  PERS OV SPLIT L1NA TMA TMS
-------------------------------------------------------------------------
 1     1401     106%   on   on  256  6  32  4     1  1     0    0   1   1
 2     1395     106%   on   on  256  6   1  8     1  1     0    0   1   1
 3     1395     106%   on   on  256  6   1  4     1  1     0    0   1   1
 4     1394     106%   on   on  256  6   2  4     1  1     0    0   1   1
 5     1394     106%   on   on  256  6  32  8     1  1     0    0   1   1
 6     1394     106%   on   on  256  6   2  8     1  1     0    0   1   1
 7     1392     105%   on   on  256  6   1 16     1  1     0    0   1   1
 8     1382     105%   on   on  256  6   2 16     1  1     0    0   1   1
 9     1382     105%   on   on  256  6  32 16     1  1     0    0   1   1
10     1382     105%   on   on  256  6   4  4     1  1     0    0   1   1
# live autotune leaderboard
[##################################--] 687/738 ( 93.1%)
phase: benchmarking generated kernels
cuBLAS reference: 1321 TFLOPS
Top 10 of 687 measured combos at 32768x12288x768, by TFLOPS:

 #   TFLOPS  %cuBLAS   WS 2CTA   BN NS GSM NW  PERS OV SPLIT L1NA TMA TMS
-------------------------------------------------------------------------
 1     1401     106%   on   on  256  6  32  4     1  1     0    0   1   1
 2     1395     106%   on   on  256  6   1  8     1  1     0    0   1   1
 3     1395     106%   on   on  256  6   1  4     1  1     0    0   1   1
 4     1394     106%   on   on  256  6   2  4     1  1     0    0   1   1
 5     1394     106%   on   on  256  6  32  8     1  1     0    0   1   1
 6     1394     106%   on   on  256  6   2  8     1  1     0    0   1   1
 7     1392     105%   on   on  256  6   1 16     1  1     0    0   1   1
 8     1382     105%   on   on  256  6   2 16     1  1     0    0   1   1
 9     1382     105%   on   on  256  6  32 16     1  1     0    0   1   1
10     1382     105%   on   on  256  6   4  4     1  1     0    0   1   1
# live autotune leaderboard
[####################################] 738/738 (100.0%)
phase: done
cuBLAS reference: 1321 TFLOPS
Top 10 of 738 measured combos at 32768x12288x768, by TFLOPS:

 #   TFLOPS  %cuBLAS   WS 2CTA   BN NS GSM NW  PERS OV SPLIT L1NA TMA TMS
-------------------------------------------------------------------------
 1     1401     106%   on   on  256  6  32  4     1  1     0    0   1   1
 2     1395     106%   on   on  256  6   1  8     1  1     0    0   1   1
 3     1395     106%   on   on  256  6   1  4     1  1     0    0   1   1
 4     1394     106%   on   on  256  6   2  4     1  1     0    0   1   1
 5     1394     106%   on   on  256  6  32  8     1  1     0    0   1   1
 6     1394     106%   on   on  256  6   2  8     1  1     0    0   1   1
 7     1392     105%   on   on  256  6   1 16     1  1     0    0   1   1
 8     1382     105%   on   on  256  6   2 16     1  1     0    0   1   1
 9     1382     105%   on   on  256  6  32 16     1  1     0    0   1   1
10     1382     105%   on   on  256  6   4  4     1  1     0    0   1   1
# final autotune leaderboard
cuBLAS reference: 1321 TFLOPS
Top 10 of 738 measured combos at 32768x12288x768, by TFLOPS:

 #   TFLOPS  %cuBLAS   WS 2CTA   BN NS GSM NW  PERS OV SPLIT L1NA TMA TMS
-------------------------------------------------------------------------
 1     1401     106%   on   on  256  6  32  4     1  1     0    0   1   1
 2     1395     106%   on   on  256  6   1  8     1  1     0    0   1   1
 3     1395     106%   on   on  256  6   1  4     1  1     0    0   1   1
 4     1394     106%   on   on  256  6   2  4     1  1     0    0   1   1
 5     1394     106%   on   on  256  6  32  8     1  1     0    0   1   1
 6     1394     106%   on   on  256  6   2  8     1  1     0    0   1   1
 7     1392     105%   on   on  256  6   1 16     1  1     0    0   1   1
 8     1382     105%   on   on  256  6   2 16     1  1     0    0   1   1
 9     1382     105%   on   on  256  6  32 16     1  1     0    0   1   1
10     1382     105%   on   on  256  6   4  4     1  1     0    0   1   1
# recorded top 10 results to results/32768x12288x768.txt
